#
# There is insufficient memory for the Java Runtime Environment to continue.
# Native memory allocation (mmap) failed to map 90177536 bytes for G1 virtual space
# Possible reasons:
#   The system is out of physical RAM or swap space
#   The process is running with CompressedOops enabled, and the Java Heap may be blocking the growth of the native heap
# Possible solutions:
#   Reduce memory load on the system
#   Increase physical memory or swap space
#   Check if swap backing store is full
#   Decrease Java heap size (-Xmx/-Xms)
#   Decrease number of Java threads
#   Decrease Java thread stack sizes (-Xss)
#   Set larger code cache with -XX:ReservedCodeCacheSize=
#   JVM is running with Unscaled Compressed Oops mode in which the Java heap is
#     placed in the first 4GB address space. The Java Heap base address is the
#     maximum limit for the native heap growth. Please use -XX:HeapBaseMinAddress
#     to set the Java Heap base and to place the Java Heap above 4GB virtual address.
# This output file may be truncated or incomplete.
#
#  Out of Memory Error (os_windows.cpp:3548), pid=12256, tid=6864
#
# JRE version: OpenJDK Runtime Environment Temurin-17.0.5+8 (17.0.5+8) (build 17.0.5+8)
# Java VM: OpenJDK 64-Bit Server VM Temurin-17.0.5+8 (17.0.5+8, mixed mode, emulated-client, tiered, compressed oops, compressed class ptrs, g1 gc, windows-amd64)
# No core dump will be written. Minidumps are not enabled by default on client versions of Windows
#

---------------  S U M M A R Y ------------

Command Line: -Dsts.lsp.client=vscode -Dsts.log.file=/dev/null -XX:TieredStopAtLevel=1 -Xlog:jni+resolve=off -Dspring.config.location=file:c:\Users\lukag\.vscode\extensions\pivotal.vscode-spring-boot-1.42.0\language-server\BOOT-INF\classes\application.properties org.springframework.ide.vscode.boot.app.BootLanguageServerBootApp

Host: Intel(R) Atom(TM) x5-Z8350  CPU @ 1.44GHz, 4 cores, 3G,  Windows 10 , 64 bit Build 19041 (10.0.19041.2364)
Time: Mon Jan  2 16:18:19 2023 Hora Padrão da Bahia elapsed time: 17.244159 seconds (0d 0h 0m 17s)

---------------  T H R E A D  ---------------

Current thread (0x000001f3569fed20):  VMThread "VM Thread" [stack: 0x0000001241800000,0x0000001241900000] [id=6864]

Stack: [0x0000001241800000,0x0000001241900000]
Native frames: (J=compiled Java code, j=interpreted, Vv=VM code, C=native code)
V  [jvm.dll+0x676b3a]
V  [jvm.dll+0x831444]
V  [jvm.dll+0x832bee]
V  [jvm.dll+0x833253]
V  [jvm.dll+0x244ce5]
V  [jvm.dll+0x673a49]
V  [jvm.dll+0x66811a]
V  [jvm.dll+0x303ceb]
V  [jvm.dll+0x30b1e6]
V  [jvm.dll+0x35adbe]
V  [jvm.dll+0x35afef]
V  [jvm.dll+0x2dab88]
V  [jvm.dll+0x2d8e3c]
V  [jvm.dll+0x2d840c]
V  [jvm.dll+0x31c31b]
V  [jvm.dll+0x8376fb]
V  [jvm.dll+0x838434]
V  [jvm.dll+0x83894c]
V  [jvm.dll+0x838d24]
V  [jvm.dll+0x838df0]
V  [jvm.dll+0x7e17ea]
V  [jvm.dll+0x6759e5]
C  [ucrtbase.dll+0x21bb2]
C  [KERNEL32.DLL+0x17614]
C  [ntdll.dll+0x526a1]

VM_Operation (0x00000012438fe4a0): G1CollectForAllocation, mode: safepoint, requested by thread 0x000001f3620f3360


---------------  P R O C E S S  ---------------

Threads class SMR info:
_java_thread_list=0x000001f363097680, length=42, elements={
0x000001f360d41390, 0x000001f360d42200, 0x000001f360d80130, 0x000001f360d82db0,
0x000001f360d84770, 0x000001f360d85120, 0x000001f360d8db90, 0x000001f360d929a0,
0x000001f3619b4b50, 0x000001f3619be890, 0x000001f356933450, 0x000001f36231b380,
0x000001f362be9570, 0x000001f362da4770, 0x000001f362e41020, 0x000001f3569324e0,
0x000001f362db8020, 0x000001f3618db340, 0x000001f361907450, 0x000001f36223a850,
0x000001f36223ad20, 0x000001f3620f41d0, 0x000001f3620f24f0, 0x000001f3620f29c0,
0x000001f3620f5040, 0x000001f3620f3d00, 0x000001f3620f2e90, 0x000001f3620f46a0,
0x000001f3620f3360, 0x000001f3620f3830, 0x000001f3620f4b70, 0x000001f3620f59e0,
0x000001f3620f2020, 0x000001f3620f5510, 0x000001f363073a20, 0x000001f363070a00,
0x000001f363071870, 0x000001f363072210, 0x000001f363070530, 0x000001f3630713a0,
0x000001f3630760a0, 0x000001f363071d40
}

Java Threads: ( => current thread )
  0x000001f360d41390 JavaThread "Reference Handler" daemon [_thread_blocked, id=11824, stack(0x0000001241900000,0x0000001241a00000)]
  0x000001f360d42200 JavaThread "Finalizer" daemon [_thread_blocked, id=2104, stack(0x0000001241a00000,0x0000001241b00000)]
  0x000001f360d80130 JavaThread "Signal Dispatcher" daemon [_thread_blocked, id=8056, stack(0x0000001241b00000,0x0000001241c00000)]
  0x000001f360d82db0 JavaThread "Attach Listener" daemon [_thread_blocked, id=8836, stack(0x0000001241c00000,0x0000001241d00000)]
  0x000001f360d84770 JavaThread "Service Thread" daemon [_thread_blocked, id=3720, stack(0x0000001241d00000,0x0000001241e00000)]
  0x000001f360d85120 JavaThread "Monitor Deflation Thread" daemon [_thread_blocked, id=808, stack(0x0000001241e00000,0x0000001241f00000)]
  0x000001f360d8db90 JavaThread "C1 CompilerThread0" daemon [_thread_blocked, id=11444, stack(0x0000001241f00000,0x0000001242000000)]
  0x000001f360d929a0 JavaThread "Sweeper thread" daemon [_thread_blocked, id=9000, stack(0x0000001242000000,0x0000001242100000)]
  0x000001f3619b4b50 JavaThread "Notification Thread" daemon [_thread_blocked, id=10064, stack(0x0000001242100000,0x0000001242200000)]
  0x000001f3619be890 JavaThread "Common-Cleaner" daemon [_thread_blocked, id=7096, stack(0x0000001242300000,0x0000001242400000)]
  0x000001f356933450 JavaThread "C1 CompilerThread1" daemon [_thread_blocked, id=5908, stack(0x0000001242400000,0x0000001242500000)]
  0x000001f36231b380 JavaThread "C1 CompilerThread2" daemon [_thread_blocked, id=6480, stack(0x0000001242700000,0x0000001242800000)]
  0x000001f362be9570 JavaThread "boundedElastic-evictor-1" daemon [_thread_blocked, id=1200, stack(0x0000001242900000,0x0000001242a00000)]
  0x000001f362da4770 JavaThread "pool-11-thread-1" [_thread_blocked, id=4208, stack(0x0000001242a00000,0x0000001242b00000)]
  0x000001f362e41020 JavaThread "LanguageServerApp-lifecycle" [_thread_blocked, id=9868, stack(0x0000001242b00000,0x0000001242c00000)]
  0x000001f3569324e0 JavaThread "DestroyJavaVM" [_thread_blocked, id=11584, stack(0x0000001241200000,0x0000001241300000)]
  0x000001f362db8020 JavaThread "pool-12-thread-1" [_thread_in_native, id=7488, stack(0x0000001242c00000,0x0000001242d00000)]
  0x000001f3618db340 JavaThread "Simple-Language-Server main thread" daemon [_thread_blocked, id=10104, stack(0x0000001242d00000,0x0000001242e00000)]
  0x000001f361907450 JavaThread "pool-8-thread-1" [_thread_blocked, id=11556, stack(0x0000001242e00000,0x0000001242f00000)]
  0x000001f36223a850 JavaThread "parallel-1" daemon [_thread_blocked, id=12260, stack(0x0000001242f00000,0x0000001243000000)]
  0x000001f36223ad20 JavaThread "parallel-2" daemon [_thread_blocked, id=5452, stack(0x0000001243000000,0x0000001243100000)]
  0x000001f3620f41d0 JavaThread "parallel-3" daemon [_thread_blocked, id=3712, stack(0x0000001243100000,0x0000001243200000)]
  0x000001f3620f24f0 JavaThread "parallel-4" daemon [_thread_blocked, id=11652, stack(0x0000001243200000,0x0000001243300000)]
  0x000001f3620f29c0 JavaThread "ForkJoinPool.commonPool-worker-1" daemon [_thread_blocked, id=5644, stack(0x0000001243300000,0x0000001243400000)]
  0x000001f3620f5040 JavaThread "Reconciler-1" daemon [_thread_blocked, id=12000, stack(0x0000001243400000,0x0000001243500000)]
  0x000001f3620f3d00 JavaThread "pool-5-thread-1" [_thread_blocked, id=11776, stack(0x0000001243500000,0x0000001243600000)]
  0x000001f3620f2e90 JavaThread "ForkJoinPool.commonPool-worker-2" daemon [_thread_blocked, id=3188, stack(0x0000001243600000,0x0000001243700000)]
  0x000001f3620f46a0 JavaThread "pool-5-thread-2" [_thread_blocked, id=10748, stack(0x0000001243700000,0x0000001243800000)]
  0x000001f3620f3360 JavaThread "ClassGraph-worker-0" daemon [_thread_blocked, id=6908, stack(0x0000001243800000,0x0000001243900000)]
  0x000001f3620f3830 JavaThread "ClassGraph-worker-1" daemon [_thread_blocked, id=5380, stack(0x0000001243900000,0x0000001243a00000)]
  0x000001f3620f4b70 JavaThread "ClassGraph-worker-2" daemon [_thread_blocked, id=9792, stack(0x0000001243a00000,0x0000001243b00000)]
  0x000001f3620f59e0 JavaThread "ClassGraph-worker-3" daemon [_thread_blocked, id=6224, stack(0x0000001243b00000,0x0000001243c00000)]
  0x000001f3620f2020 JavaThread "ClassGraph-worker-4" daemon [_thread_blocked, id=6536, stack(0x0000001243c00000,0x0000001243d00000)]
  0x000001f3620f5510 JavaThread "ClassGraph-worker-5" daemon [_thread_blocked, id=6928, stack(0x0000001243d00000,0x0000001243e00000)]
  0x000001f363073a20 JavaThread "ClassGraph-worker-6" daemon [_thread_blocked, id=6008, stack(0x0000001243e00000,0x0000001243f00000)]
  0x000001f363070a00 JavaThread "ClassGraph-worker-7" daemon [_thread_blocked, id=9100, stack(0x0000001243f00000,0x0000001244000000)]
  0x000001f363071870 JavaThread "pool-6-thread-1" [_thread_blocked, id=4264, stack(0x0000001244000000,0x0000001244100000)]
  0x000001f363072210 JavaThread "pool-10-thread-1" [_thread_blocked, id=11024, stack(0x0000001244100000,0x0000001244200000)]
  0x000001f363070530 JavaThread "pool-10-thread-2" [_thread_blocked, id=2412, stack(0x0000001244200000,0x0000001244300000)]
  0x000001f3630713a0 JavaThread "Project-Reconciler-1" daemon [_thread_blocked, id=12004, stack(0x0000001244300000,0x0000001244400000)]
  0x000001f3630760a0 JavaThread "pool-10-thread-3" [_thread_blocked, id=3516, stack(0x0000001244400000,0x0000001244500000)]
  0x000001f363071d40 JavaThread "Project-Reconciler-2" daemon [_thread_blocked, id=9596, stack(0x0000001244500000,0x0000001244600000)]

Other Threads:
=>0x000001f3569fed20 VMThread "VM Thread" [stack: 0x0000001241800000,0x0000001241900000] [id=6864]
  0x000001f3619bd440 WatcherThread [stack: 0x0000001242200000,0x0000001242300000] [id=9160]
  0x000001f356972f00 GCTaskThread "GC Thread#0" [stack: 0x0000001241300000,0x0000001241400000] [id=12268]
  0x000001f36206dd40 GCTaskThread "GC Thread#1" [stack: 0x0000001242500000,0x0000001242600000] [id=11208]
  0x000001f36215f510 GCTaskThread "GC Thread#2" [stack: 0x0000001242600000,0x0000001242700000] [id=8768]
  0x000001f3625a7a10 GCTaskThread "GC Thread#3" [stack: 0x0000001242800000,0x0000001242900000] [id=1460]
  0x000001f35697ba00 ConcurrentGCThread "G1 Main Marker" [stack: 0x0000001241400000,0x0000001241500000] [id=8992]
  0x000001f35697cbb0 ConcurrentGCThread "G1 Conc#0" [stack: 0x0000001241500000,0x0000001241600000] [id=11228]
  0x000001f3569bcfb0 ConcurrentGCThread "G1 Refine#0" [stack: 0x0000001241600000,0x0000001241700000] [id=4044]
  0x000001f3569bd9d0 ConcurrentGCThread "G1 Service" [stack: 0x0000001241700000,0x0000001241800000] [id=428]

Threads with active compile tasks:
C1 CompilerThread0    17381 4069       1       jdk.internal.jrtfs.JrtFileSystemProvider::newByteChannel (10 bytes)
C1 CompilerThread1    17382 4072       1       jdk.internal.jrtfs.JrtFileSystem::checkOptions (101 bytes)
C1 CompilerThread2    17382 4071       1       jdk.internal.jrtfs.JrtFileSystem::newByteChannel (44 bytes)

VM state: at safepoint (normal execution)

VM Mutex/Monitor currently owned by a thread:  ([mutex/lock_event])
[0x000001f3546d87d0] Threads_lock - owner thread: 0x000001f3569fed20
[0x000001f356930cd0] Heap_lock - owner thread: 0x000001f3620f3360

Heap address: 0x00000000c2200000, size: 990 MB, Compressed Oops mode: 32-bit

CDS archive(s) not mapped
Compressed class space mapped at: 0x0000000100000000-0x0000000140000000, reserved size: 1073741824
Narrow klass base: 0x0000000000000000, Narrow klass shift: 3, Narrow klass range: 0x140000000

GC Precious Log:
 CPUs: 4 total, 4 available
 Memory: 3956M
 Large Page Support: Disabled
 NUMA Support: Disabled
 Compressed Oops: Enabled (32-bit)
 Heap Region Size: 1M
 Heap Min Capacity: 8M
 Heap Initial Capacity: 62M
 Heap Max Capacity: 990M
 Pre-touch: Disabled
 Parallel Workers: 4
 Concurrent Workers: 1
 Concurrent Refinement Workers: 4
 Periodic GC: Disabled

Heap:
 garbage-first heap   total 96256K, used 57111K [0x00000000c2200000, 0x0000000100000000)
  region size 1024K, 1 young (1024K), 1 survivors (1024K)
 Metaspace       used 40997K, committed 41408K, reserved 1089536K
  class space    used 5222K, committed 5376K, reserved 1048576K

Heap Regions: E=young(eden), S=young(survivor), O=old, HS=humongous(starts), HC=humongous(continues), CS=collection set, F=free, OA=open archive, CA=closed archive, TAMS=top-at-mark-start (previous, next)
|   0|0x00000000c2200000, 0x00000000c2300000, 0x00000000c2300000|100%| O|  |TAMS 0x00000000c2300000, 0x00000000c2200000| Untracked 
|   1|0x00000000c2300000, 0x00000000c2400000, 0x00000000c2400000|100%| O|  |TAMS 0x00000000c2400000, 0x00000000c2300000| Untracked 
|   2|0x00000000c2400000, 0x00000000c2500000, 0x00000000c2500000|100%| O|  |TAMS 0x00000000c2500000, 0x00000000c2400000| Untracked 
|   3|0x00000000c2500000, 0x00000000c2600000, 0x00000000c2600000|100%| O|  |TAMS 0x00000000c2600000, 0x00000000c2500000| Untracked 
|   4|0x00000000c2600000, 0x00000000c2700000, 0x00000000c2700000|100%| O|  |TAMS 0x00000000c2700000, 0x00000000c2600000| Untracked 
|   5|0x00000000c2700000, 0x00000000c2800000, 0x00000000c2800000|100%| O|  |TAMS 0x00000000c2800000, 0x00000000c2700000| Untracked 
|   6|0x00000000c2800000, 0x00000000c2900000, 0x00000000c2900000|100%| O|  |TAMS 0x00000000c2900000, 0x00000000c2800000| Untracked 
|   7|0x00000000c2900000, 0x00000000c29e2c00, 0x00000000c2a00000| 88%| O|  |TAMS 0x00000000c29e2c00, 0x00000000c2900000| Untracked 
|   8|0x00000000c2a00000, 0x00000000c2b00000, 0x00000000c2b00000|100%| O|  |TAMS 0x00000000c2b00000, 0x00000000c2a00000| Untracked 
|   9|0x00000000c2b00000, 0x00000000c2c00000, 0x00000000c2c00000|100%| O|  |TAMS 0x00000000c2c00000, 0x00000000c2b00000| Untracked 
|  10|0x00000000c2c00000, 0x00000000c2d00000, 0x00000000c2d00000|100%| O|  |TAMS 0x00000000c2d00000, 0x00000000c2c00000| Untracked 
|  11|0x00000000c2d00000, 0x00000000c2e00000, 0x00000000c2e00000|100%| O|  |TAMS 0x00000000c2e00000, 0x00000000c2d00000| Untracked 
|  12|0x00000000c2e00000, 0x00000000c2f00000, 0x00000000c2f00000|100%| O|  |TAMS 0x00000000c2f00000, 0x00000000c2e00000| Untracked 
|  13|0x00000000c2f00000, 0x00000000c3000000, 0x00000000c3000000|100%| O|  |TAMS 0x00000000c3000000, 0x00000000c2f00000| Untracked 
|  14|0x00000000c3000000, 0x00000000c3100000, 0x00000000c3100000|100%| O|  |TAMS 0x00000000c3100000, 0x00000000c3000000| Untracked 
|  15|0x00000000c3100000, 0x00000000c3200000, 0x00000000c3200000|100%| O|  |TAMS 0x00000000c3200000, 0x00000000c3100000| Untracked 
|  16|0x00000000c3200000, 0x00000000c3300000, 0x00000000c3300000|100%| O|  |TAMS 0x00000000c3300000, 0x00000000c3200000| Untracked 
|  17|0x00000000c3300000, 0x00000000c3400000, 0x00000000c3400000|100%| O|  |TAMS 0x00000000c3400000, 0x00000000c3300000| Untracked 
|  18|0x00000000c3400000, 0x00000000c3500000, 0x00000000c3500000|100%| O|  |TAMS 0x00000000c3500000, 0x00000000c3400000| Untracked 
|  19|0x00000000c3500000, 0x00000000c3500000, 0x00000000c3600000|  0%| F|  |TAMS 0x00000000c3500000, 0x00000000c3500000| Untracked 
|  20|0x00000000c3600000, 0x00000000c3700000, 0x00000000c3700000|100%| O|  |TAMS 0x00000000c3700000, 0x00000000c3600000| Untracked 
|  21|0x00000000c3700000, 0x00000000c3800000, 0x00000000c3800000|100%| O|  |TAMS 0x00000000c3800000, 0x00000000c3700000| Untracked 
|  22|0x00000000c3800000, 0x00000000c3900000, 0x00000000c3900000|100%| O|  |TAMS 0x00000000c3900000, 0x00000000c3800000| Untracked 
|  23|0x00000000c3900000, 0x00000000c3a00000, 0x00000000c3a00000|100%| O|  |TAMS 0x00000000c3a00000, 0x00000000c3900000| Untracked 
|  24|0x00000000c3a00000, 0x00000000c3b00000, 0x00000000c3b00000|100%| O|  |TAMS 0x00000000c3b00000, 0x00000000c3a00000| Untracked 
|  25|0x00000000c3b00000, 0x00000000c3c00000, 0x00000000c3c00000|100%| O|  |TAMS 0x00000000c3c00000, 0x00000000c3b00000| Untracked 
|  26|0x00000000c3c00000, 0x00000000c3d00000, 0x00000000c3d00000|100%| O|  |TAMS 0x00000000c3d00000, 0x00000000c3c00000| Untracked 
|  27|0x00000000c3d00000, 0x00000000c3e00000, 0x00000000c3e00000|100%| O|  |TAMS 0x00000000c3e00000, 0x00000000c3d00000| Untracked 
|  28|0x00000000c3e00000, 0x00000000c3f00000, 0x00000000c3f00000|100%| O|  |TAMS 0x00000000c3f00000, 0x00000000c3e00000| Untracked 
|  29|0x00000000c3f00000, 0x00000000c4000000, 0x00000000c4000000|100%| O|  |TAMS 0x00000000c4000000, 0x00000000c3f00000| Untracked 
|  30|0x00000000c4000000, 0x00000000c4100000, 0x00000000c4100000|100%| O|  |TAMS 0x00000000c4100000, 0x00000000c4000000| Untracked 
|  31|0x00000000c4100000, 0x00000000c4200000, 0x00000000c4200000|100%| O|  |TAMS 0x00000000c4200000, 0x00000000c4100000| Untracked 
|  32|0x00000000c4200000, 0x00000000c4300000, 0x00000000c4300000|100%| O|  |TAMS 0x00000000c4300000, 0x00000000c4200000| Untracked 
|  33|0x00000000c4300000, 0x00000000c4400000, 0x00000000c4400000|100%| O|  |TAMS 0x00000000c4400000, 0x00000000c4300000| Untracked 
|  34|0x00000000c4400000, 0x00000000c4500000, 0x00000000c4500000|100%| O|  |TAMS 0x00000000c4500000, 0x00000000c4400000| Untracked 
|  35|0x00000000c4500000, 0x00000000c4600000, 0x00000000c4600000|100%| O|  |TAMS 0x00000000c4600000, 0x00000000c4500000| Untracked 
|  36|0x00000000c4600000, 0x00000000c4700000, 0x00000000c4700000|100%| O|  |TAMS 0x00000000c4700000, 0x00000000c4600000| Untracked 
|  37|0x00000000c4700000, 0x00000000c4800000, 0x00000000c4800000|100%| O|  |TAMS 0x00000000c4800000, 0x00000000c4700000| Untracked 
|  38|0x00000000c4800000, 0x00000000c4900000, 0x00000000c4900000|100%| O|  |TAMS 0x00000000c4900000, 0x00000000c4800000| Untracked 
|  39|0x00000000c4900000, 0x00000000c4a00000, 0x00000000c4a00000|100%| O|  |TAMS 0x00000000c4a00000, 0x00000000c4900000| Untracked 
|  40|0x00000000c4a00000, 0x00000000c4b00000, 0x00000000c4b00000|100%| O|  |TAMS 0x00000000c4b00000, 0x00000000c4a00000| Untracked 
|  41|0x00000000c4b00000, 0x00000000c4c00000, 0x00000000c4c00000|100%| O|  |TAMS 0x00000000c4c00000, 0x00000000c4b00000| Untracked 
|  42|0x00000000c4c00000, 0x00000000c4d00000, 0x00000000c4d00000|100%| O|  |TAMS 0x00000000c4d00000, 0x00000000c4c00000| Untracked 
|  43|0x00000000c4d00000, 0x00000000c4e00000, 0x00000000c4e00000|100%| O|  |TAMS 0x00000000c4e00000, 0x00000000c4d00000| Untracked 
|  44|0x00000000c4e00000, 0x00000000c4f00000, 0x00000000c4f00000|100%| O|  |TAMS 0x00000000c4f00000, 0x00000000c4e00000| Untracked 
|  45|0x00000000c4f00000, 0x00000000c5000000, 0x00000000c5000000|100%| O|  |TAMS 0x00000000c4f00000, 0x00000000c4f00000| Untracked 
|  46|0x00000000c5000000, 0x00000000c5100000, 0x00000000c5100000|100%| O|  |TAMS 0x00000000c5000000, 0x00000000c5000000| Untracked 
|  47|0x00000000c5100000, 0x00000000c5200000, 0x00000000c5200000|100%| O|  |TAMS 0x00000000c5100000, 0x00000000c5100000| Untracked 
|  48|0x00000000c5200000, 0x00000000c5300000, 0x00000000c5300000|100%| O|  |TAMS 0x00000000c5200000, 0x00000000c5200000| Untracked 
|  49|0x00000000c5300000, 0x00000000c5400000, 0x00000000c5400000|100%| O|  |TAMS 0x00000000c5300000, 0x00000000c5300000| Untracked 
|  50|0x00000000c5400000, 0x00000000c5500000, 0x00000000c5500000|100%|HS|  |TAMS 0x00000000c5400000, 0x00000000c5400000| Complete 
|  51|0x00000000c5500000, 0x00000000c5600000, 0x00000000c5600000|100%| O|  |TAMS 0x00000000c5500000, 0x00000000c5500000| Untracked 
|  52|0x00000000c5600000, 0x00000000c5700000, 0x00000000c5700000|100%| O|  |TAMS 0x00000000c5600000, 0x00000000c5600000| Untracked 
|  53|0x00000000c5700000, 0x00000000c5800000, 0x00000000c5800000|100%| O|  |TAMS 0x00000000c5700000, 0x00000000c5700000| Untracked 
|  54|0x00000000c5800000, 0x00000000c5900000, 0x00000000c5900000|100%| O|  |TAMS 0x00000000c5800000, 0x00000000c5800000| Untracked 
|  55|0x00000000c5900000, 0x00000000c5a00000, 0x00000000c5a00000|100%| O|  |TAMS 0x00000000c5900000, 0x00000000c5900000| Untracked 
|  56|0x00000000c5a00000, 0x00000000c5a50200, 0x00000000c5b00000| 31%| O|  |TAMS 0x00000000c5a00000, 0x00000000c5a00000| Untracked 
|  57|0x00000000c5b00000, 0x00000000c5b00000, 0x00000000c5c00000|  0%| F|  |TAMS 0x00000000c5b00000, 0x00000000c5b00000| Untracked 
|  58|0x00000000c5c00000, 0x00000000c5c00000, 0x00000000c5d00000|  0%| F|  |TAMS 0x00000000c5c00000, 0x00000000c5c00000| Untracked 
|  59|0x00000000c5d00000, 0x00000000c5d00000, 0x00000000c5e00000|  0%| F|  |TAMS 0x00000000c5d00000, 0x00000000c5d00000| Untracked 
|  60|0x00000000c5e00000, 0x00000000c5e00000, 0x00000000c5f00000|  0%| F|  |TAMS 0x00000000c5e00000, 0x00000000c5e00000| Untracked 
|  61|0x00000000c5f00000, 0x00000000c5f00000, 0x00000000c6000000|  0%| F|  |TAMS 0x00000000c5f00000, 0x00000000c5f00000| Untracked 
|  62|0x00000000c6000000, 0x00000000c6000000, 0x00000000c6100000|  0%| F|  |TAMS 0x00000000c6000000, 0x00000000c6000000| Untracked 
|  63|0x00000000c6100000, 0x00000000c6100000, 0x00000000c6200000|  0%| F|  |TAMS 0x00000000c6100000, 0x00000000c6100000| Untracked 
|  64|0x00000000c6200000, 0x00000000c6200000, 0x00000000c6300000|  0%| F|  |TAMS 0x00000000c6200000, 0x00000000c6200000| Untracked 
|  65|0x00000000c6300000, 0x00000000c6300000, 0x00000000c6400000|  0%| F|  |TAMS 0x00000000c6300000, 0x00000000c6300000| Untracked 
|  66|0x00000000c6400000, 0x00000000c6400000, 0x00000000c6500000|  0%| F|  |TAMS 0x00000000c6400000, 0x00000000c6400000| Untracked 
|  67|0x00000000c6500000, 0x00000000c6500000, 0x00000000c6600000|  0%| F|  |TAMS 0x00000000c6500000, 0x00000000c6500000| Untracked 
|  68|0x00000000c6600000, 0x00000000c6600000, 0x00000000c6700000|  0%| F|  |TAMS 0x00000000c6600000, 0x00000000c6600000| Untracked 
|  69|0x00000000c6700000, 0x00000000c6700000, 0x00000000c6800000|  0%| F|  |TAMS 0x00000000c6700000, 0x00000000c6700000| Untracked 
|  70|0x00000000c6800000, 0x00000000c6800000, 0x00000000c6900000|  0%| F|  |TAMS 0x00000000c6800000, 0x00000000c6800000| Untracked 
|  71|0x00000000c6900000, 0x00000000c6900000, 0x00000000c6a00000|  0%| F|  |TAMS 0x00000000c6900000, 0x00000000c6900000| Untracked 
|  72|0x00000000c6a00000, 0x00000000c6a00000, 0x00000000c6b00000|  0%| F|  |TAMS 0x00000000c6a00000, 0x00000000c6a00000| Untracked 
|  73|0x00000000c6b00000, 0x00000000c6b00000, 0x00000000c6c00000|  0%| F|  |TAMS 0x00000000c6b00000, 0x00000000c6b00000| Untracked 
|  74|0x00000000c6c00000, 0x00000000c6c00000, 0x00000000c6d00000|  0%| F|  |TAMS 0x00000000c6c00000, 0x00000000c6c00000| Untracked 
|  75|0x00000000c6d00000, 0x00000000c6d00000, 0x00000000c6e00000|  0%| F|  |TAMS 0x00000000c6d00000, 0x00000000c6d00000| Untracked 
|  76|0x00000000c6e00000, 0x00000000c6e00000, 0x00000000c6f00000|  0%| F|  |TAMS 0x00000000c6e00000, 0x00000000c6e00000| Untracked 
|  77|0x00000000c6f00000, 0x00000000c6f00000, 0x00000000c7000000|  0%| F|  |TAMS 0x00000000c6f00000, 0x00000000c6f00000| Untracked 
|  78|0x00000000c7000000, 0x00000000c7000000, 0x00000000c7100000|  0%| F|  |TAMS 0x00000000c7000000, 0x00000000c7000000| Untracked 
|  79|0x00000000c7100000, 0x00000000c7100000, 0x00000000c7200000|  0%| F|  |TAMS 0x00000000c7100000, 0x00000000c7100000| Untracked 
|  80|0x00000000c7200000, 0x00000000c7200000, 0x00000000c7300000|  0%| F|  |TAMS 0x00000000c7200000, 0x00000000c7200000| Untracked 
|  81|0x00000000c7300000, 0x00000000c7300000, 0x00000000c7400000|  0%| F|  |TAMS 0x00000000c7300000, 0x00000000c7300000| Untracked 
|  82|0x00000000c7400000, 0x00000000c7400000, 0x00000000c7500000|  0%| F|  |TAMS 0x00000000c7400000, 0x00000000c7400000| Untracked 
|  83|0x00000000c7500000, 0x00000000c7500000, 0x00000000c7600000|  0%| F|  |TAMS 0x00000000c7500000, 0x00000000c7500000| Untracked 
|  84|0x00000000c7600000, 0x00000000c7600000, 0x00000000c7700000|  0%| F|  |TAMS 0x00000000c7600000, 0x00000000c7600000| Untracked 
|  85|0x00000000c7700000, 0x00000000c7700000, 0x00000000c7800000|  0%| F|  |TAMS 0x00000000c7700000, 0x00000000c7700000| Untracked 
|  86|0x00000000c7800000, 0x00000000c7800000, 0x00000000c7900000|  0%| F|  |TAMS 0x00000000c7800000, 0x00000000c7800000| Untracked 
|  87|0x00000000c7900000, 0x00000000c7900000, 0x00000000c7a00000|  0%| F|  |TAMS 0x00000000c7900000, 0x00000000c7900000| Untracked 
|  88|0x00000000c7a00000, 0x00000000c7a00000, 0x00000000c7b00000|  0%| F|  |TAMS 0x00000000c7a00000, 0x00000000c7a00000| Untracked 
|  89|0x00000000c7b00000, 0x00000000c7b00000, 0x00000000c7c00000|  0%| F|  |TAMS 0x00000000c7b00000, 0x00000000c7b00000| Untracked 
|  90|0x00000000c7c00000, 0x00000000c7c00000, 0x00000000c7d00000|  0%| F|  |TAMS 0x00000000c7c00000, 0x00000000c7c00000| Untracked 
|  91|0x00000000c7d00000, 0x00000000c7d00000, 0x00000000c7e00000|  0%| F|  |TAMS 0x00000000c7d00000, 0x00000000c7d00000| Untracked 
|  92|0x00000000c7e00000, 0x00000000c7e930f8, 0x00000000c7f00000| 57%| S|CS|TAMS 0x00000000c7e00000, 0x00000000c7e00000| Complete 
|  93|0x00000000c7f00000, 0x00000000c7f00000, 0x00000000c8000000|  0%| F|  |TAMS 0x00000000c7f00000, 0x00000000c7f00000| Untracked 

Card table byte_map: [0x000001f35c5c0000,0x000001f35c7b0000] _byte_map_base: 0x000001f35bfaf000

Marking Bits (Prev, Next): (CMBitMap*) 0x000001f356973510, (CMBitMap*) 0x000001f356973550
 Prev Bits: [0x000001f35c9a0000, 0x000001f35d918000)
 Next Bits: [0x000001f35d920000, 0x000001f35e898000)

Polling page: 0x000001f3548d0000

Metaspace:

Usage:
  Non-class:     34.94 MB used.
      Class:      5.10 MB used.
       Both:     40.04 MB used.

Virtual space:
  Non-class space:       40.00 MB reserved,      35.19 MB ( 88%) committed,  5 nodes.
      Class space:        1.00 GB reserved,       5.25 MB ( <1%) committed,  1 nodes.
             Both:        1.04 GB reserved,      40.44 MB (  4%) committed. 

Chunk freelists:
   Non-Class:  112.00 KB
       Class:  2.62 MB
        Both:  2.73 MB

MaxMetaspaceSize: unlimited
CompressedClassSpaceSize: 1.00 GB
Initial GC threshold: 21.00 MB
Current GC threshold: 65.94 MB
CDS: off
MetaspaceReclaimPolicy: balanced
 - commit_granule_bytes: 65536.
 - commit_granule_words: 8192.
 - virtual_space_node_default_size: 1048576.
 - enlarge_chunks_in_place: 1.
 - new_chunks_are_fully_committed: 0.
 - uncommit_free_chunks: 1.
 - use_allocation_guard: 0.
 - handle_deallocations: 1.


Internal statistics:

num_allocs_failed_limit: 6.
num_arena_births: 384.
num_arena_deaths: 0.
num_vsnodes_births: 6.
num_vsnodes_deaths: 0.
num_space_committed: 647.
num_space_uncommitted: 0.
num_chunks_returned_to_freelist: 6.
num_chunks_taken_from_freelist: 1582.
num_chunk_merges: 6.
num_chunk_splits: 1114.
num_chunks_enlarged: 875.
num_purges: 0.
num_inconsistent_stats: 0.

CodeCache: size=49152Kb used=8965Kb max_used=8965Kb free=40187Kb
 bounds [0x000001f3595c0000, 0x000001f359e90000, 0x000001f35c5c0000]
 total_blobs=4607 nmethods=4070 adapters=463
 compilation: enabled
              stopped_count=0, restarted_count=0
 full_count=0

Compilation events (20 events):
Event: 17.213 Thread 0x000001f356933450 4063       1       java.util.concurrent.ConcurrentHashMap::entrySet (25 bytes)
Event: 17.214 Thread 0x000001f36231b380 nmethod 4062 0x000001f359e7d390 code [0x000001f359e7d560, 0x000001f359e7d808]
Event: 17.214 Thread 0x000001f36231b380 4064       1       java.util.concurrent.ConcurrentHashMap$EntrySetView::iterator (34 bytes)
Event: 17.214 Thread 0x000001f356933450 nmethod 4063 0x000001f359e7d990 code [0x000001f359e7db20, 0x000001f359e7dd18]
Event: 17.214 Thread 0x000001f356933450 4065       1       java.util.concurrent.ConcurrentHashMap$EntryIterator::<init> (12 bytes)
Event: 17.214 Thread 0x000001f36231b380 nmethod 4064 0x000001f359e7dd90 code [0x000001f359e7df40, 0x000001f359e7e158]
Event: 17.215 Thread 0x000001f356933450 nmethod 4065 0x000001f359e7e290 code [0x000001f359e7e440, 0x000001f359e7e598]
Event: 17.215 Thread 0x000001f360d8db90 nmethod 4059 0x000001f359e7e690 code [0x000001f359e7e8e0, 0x000001f359e7f168]
Event: 17.217 Thread 0x000001f360d8db90 4066       1       nonapi.io.github.classgraph.utils.JarUtils::classfilePathToClassName (56 bytes)
Event: 17.217 Thread 0x000001f36231b380 4067       1       io.github.classgraph.Scanner$ClassfileScanWorkUnit::<init> (20 bytes)
Event: 17.218 Thread 0x000001f36231b380 nmethod 4067 0x000001f359e7f610 code [0x000001f359e7f7a0, 0x000001f359e7f918]
Event: 17.220 Thread 0x000001f360d8db90 nmethod 4066 0x000001f359e7f990 code [0x000001f359e7fba0, 0x000001f359e7ffe8]
Event: 17.222 Thread 0x000001f36231b380 4068       1       java.nio.HeapByteBuffer::get (64 bytes)
Event: 17.224 Thread 0x000001f360d8db90 4069       1       jdk.internal.jrtfs.JrtFileSystemProvider::newByteChannel (10 bytes)
Event: 17.224 Thread 0x000001f356933450 4070       1       jdk.internal.jrtfs.JrtPath::newByteChannel (11 bytes)
Event: 17.224 Thread 0x000001f36231b380 nmethod 4068 0x000001f359e80290 code [0x000001f359e80480, 0x000001f359e80818]
Event: 17.224 Thread 0x000001f36231b380 4071       1       jdk.internal.jrtfs.JrtFileSystem::newByteChannel (44 bytes)
Event: 17.224 Thread 0x000001f356933450 nmethod 4070 0x000001f359e80a10 code [0x000001f359e80ba0, 0x000001f359e80ca8]
Event: 17.225 Thread 0x000001f356933450 4072       1       jdk.internal.jrtfs.JrtFileSystem::checkOptions (101 bytes)
Event: 17.225 Thread 0x000001f360d8db90 nmethod 4069 0x000001f359e80d90 code [0x000001f359e80f60, 0x000001f359e81208]

GC Heap History (20 events):
Event: 13.751 GC heap after
{Heap after GC invocations=10 (full 0):
 garbage-first heap   total 54272K, used 19144K [0x00000000c2200000, 0x0000000100000000)
  region size 1024K, 1 young (1024K), 1 survivors (1024K)
 Metaspace       used 35822K, committed 36160K, reserved 1081344K
  class space    used 4639K, committed 4800K, reserved 1048576K
}
Event: 14.296 GC heap before
{Heap before GC invocations=11 (full 0):
 garbage-first heap   total 54272K, used 39624K [0x00000000c2200000, 0x0000000100000000)
  region size 1024K, 22 young (22528K), 1 survivors (1024K)
 Metaspace       used 36249K, committed 36608K, reserved 1081344K
  class space    used 4666K, committed 4800K, reserved 1048576K
}
Event: 14.308 GC heap after
{Heap after GC invocations=12 (full 0):
 garbage-first heap   total 54272K, used 23699K [0x00000000c2200000, 0x0000000100000000)
  region size 1024K, 3 young (3072K), 3 survivors (3072K)
 Metaspace       used 36249K, committed 36608K, reserved 1081344K
  class space    used 4666K, committed 4800K, reserved 1048576K
}
Event: 14.592 GC heap before
{Heap before GC invocations=12 (full 0):
 garbage-first heap   total 54272K, used 38035K [0x00000000c2200000, 0x0000000100000000)
  region size 1024K, 18 young (18432K), 3 survivors (3072K)
 Metaspace       used 36515K, committed 36864K, reserved 1081344K
  class space    used 4693K, committed 4864K, reserved 1048576K
}
Event: 14.604 GC heap after
{Heap after GC invocations=13 (full 0):
 garbage-first heap   total 54272K, used 26819K [0x00000000c2200000, 0x0000000100000000)
  region size 1024K, 3 young (3072K), 3 survivors (3072K)
 Metaspace       used 36515K, committed 36864K, reserved 1081344K
  class space    used 4693K, committed 4864K, reserved 1048576K
}
Event: 14.783 GC heap before
{Heap before GC invocations=13 (full 0):
 garbage-first heap   total 54272K, used 39107K [0x00000000c2200000, 0x0000000100000000)
  region size 1024K, 16 young (16384K), 3 survivors (3072K)
 Metaspace       used 37018K, committed 37312K, reserved 1081344K
  class space    used 4751K, committed 4864K, reserved 1048576K
}
Event: 14.794 GC heap after
{Heap after GC invocations=14 (full 0):
 garbage-first heap   total 54272K, used 29216K [0x00000000c2200000, 0x0000000100000000)
  region size 1024K, 2 young (2048K), 2 survivors (2048K)
 Metaspace       used 37018K, committed 37312K, reserved 1081344K
  class space    used 4751K, committed 4864K, reserved 1048576K
}
Event: 14.954 GC heap before
{Heap before GC invocations=14 (full 0):
 garbage-first heap   total 65536K, used 39456K [0x00000000c2200000, 0x0000000100000000)
  region size 1024K, 13 young (13312K), 2 survivors (2048K)
 Metaspace       used 37174K, committed 37504K, reserved 1081344K
  class space    used 4766K, committed 4928K, reserved 1048576K
}
Event: 14.967 GC heap after
{Heap after GC invocations=15 (full 0):
 garbage-first heap   total 87040K, used 31362K [0x00000000c2200000, 0x0000000100000000)
  region size 1024K, 2 young (2048K), 2 survivors (2048K)
 Metaspace       used 37174K, committed 37504K, reserved 1081344K
  class space    used 4766K, committed 4928K, reserved 1048576K
}
Event: 15.310 GC heap before
{Heap before GC invocations=16 (full 0):
 garbage-first heap   total 87040K, used 62082K [0x00000000c2200000, 0x0000000100000000)
  region size 1024K, 33 young (33792K), 2 survivors (2048K)
 Metaspace       used 38058K, committed 38336K, reserved 1089536K
  class space    used 4811K, committed 4928K, reserved 1048576K
}
Event: 15.328 GC heap after
{Heap after GC invocations=17 (full 0):
 garbage-first heap   total 87040K, used 37204K [0x00000000c2200000, 0x0000000100000000)
  region size 1024K, 5 young (5120K), 5 survivors (5120K)
 Metaspace       used 38058K, committed 38336K, reserved 1089536K
  class space    used 4811K, committed 4928K, reserved 1048576K
}
Event: 15.513 GC heap before
{Heap before GC invocations=17 (full 0):
 garbage-first heap   total 87040K, used 62804K [0x00000000c2200000, 0x0000000100000000)
  region size 1024K, 31 young (31744K), 5 survivors (5120K)
 Metaspace       used 38217K, committed 38528K, reserved 1089536K
  class space    used 4825K, committed 4928K, reserved 1048576K
}
Event: 15.536 GC heap after
{Heap after GC invocations=18 (full 0):
 garbage-first heap   total 87040K, used 41960K [0x00000000c2200000, 0x0000000100000000)
  region size 1024K, 4 young (4096K), 4 survivors (4096K)
 Metaspace       used 38217K, committed 38528K, reserved 1089536K
  class space    used 4825K, committed 4928K, reserved 1048576K
}
Event: 15.801 GC heap before
{Heap before GC invocations=18 (full 0):
 garbage-first heap   total 87040K, used 64488K [0x00000000c2200000, 0x0000000100000000)
  region size 1024K, 27 young (27648K), 4 survivors (4096K)
 Metaspace       used 38680K, committed 39040K, reserved 1089536K
  class space    used 4877K, committed 5056K, reserved 1048576K
}
Event: 15.833 GC heap after
{Heap after GC invocations=19 (full 0):
 garbage-first heap   total 87040K, used 50059K [0x00000000c2200000, 0x0000000100000000)
  region size 1024K, 4 young (4096K), 4 survivors (4096K)
 Metaspace       used 38680K, committed 39040K, reserved 1089536K
  class space    used 4877K, committed 5056K, reserved 1048576K
}
Event: 16.540 GC heap before
{Heap before GC invocations=19 (full 0):
 garbage-first heap   total 87040K, used 65419K [0x00000000c2200000, 0x0000000100000000)
  region size 1024K, 20 young (20480K), 4 survivors (4096K)
 Metaspace       used 39582K, committed 39936K, reserved 1089536K
  class space    used 5010K, committed 5184K, reserved 1048576K
}
Event: 16.561 GC heap after
{Heap after GC invocations=20 (full 0):
 garbage-first heap   total 87040K, used 52683K [0x00000000c2200000, 0x0000000100000000)
  region size 1024K, 2 young (2048K), 2 survivors (2048K)
 Metaspace       used 39582K, committed 39936K, reserved 1089536K
  class space    used 5010K, committed 5184K, reserved 1048576K
}
Event: 17.197 GC heap before
{Heap before GC invocations=21 (full 0):
 garbage-first heap   total 96256K, used 68043K [0x00000000c2200000, 0x0000000100000000)
  region size 1024K, 17 young (17408K), 2 survivors (2048K)
 Metaspace       used 40957K, committed 41344K, reserved 1089536K
  class space    used 5209K, committed 5376K, reserved 1048576K
}
Event: 17.212 GC heap after
{Heap after GC invocations=22 (full 0):
 garbage-first heap   total 96256K, used 56894K [0x00000000c2200000, 0x0000000100000000)
  region size 1024K, 3 young (3072K), 3 survivors (3072K)
 Metaspace       used 40957K, committed 41344K, reserved 1089536K
  class space    used 5209K, committed 5376K, reserved 1048576K
}
Event: 17.225 GC heap before
{Heap before GC invocations=22 (full 0):
 garbage-first heap   total 96256K, used 57918K [0x00000000c2200000, 0x0000000100000000)
  region size 1024K, 4 young (4096K), 3 survivors (3072K)
 Metaspace       used 40997K, committed 41408K, reserved 1089536K
  class space    used 5222K, committed 5376K, reserved 1048576K
}

Dll operation events (8 events):
Event: 0.044 Loaded shared library c:\Users\lukag\.vscode\extensions\redhat.java-1.13.0-win32-x64\jre\17.0.5-win32-x86_64\bin\java.dll
Event: 1.683 Loaded shared library C:\Users\lukag\.vscode\extensions\redhat.java-1.13.0-win32-x64\jre\17.0.5-win32-x86_64\bin\net.dll
Event: 1.691 Loaded shared library C:\Users\lukag\.vscode\extensions\redhat.java-1.13.0-win32-x64\jre\17.0.5-win32-x86_64\bin\nio.dll
Event: 1.726 Loaded shared library C:\Users\lukag\.vscode\extensions\redhat.java-1.13.0-win32-x64\jre\17.0.5-win32-x86_64\bin\zip.dll
Event: 2.349 Loaded shared library c:\Users\lukag\.vscode\extensions\redhat.java-1.13.0-win32-x64\jre\17.0.5-win32-x86_64\bin\verify.dll
Event: 2.383 Loaded shared library C:\Users\lukag\.vscode\extensions\redhat.java-1.13.0-win32-x64\jre\17.0.5-win32-x86_64\bin\jimage.dll
Event: 6.315 Loaded shared library C:\Users\lukag\.vscode\extensions\redhat.java-1.13.0-win32-x64\jre\17.0.5-win32-x86_64\bin\management.dll
Event: 6.324 Loaded shared library C:\Users\lukag\.vscode\extensions\redhat.java-1.13.0-win32-x64\jre\17.0.5-win32-x86_64\bin\management_ext.dll

Deoptimization events (12 events):
Event: 7.204 Thread 0x000001f3569324e0 DEOPT PACKING pc=0x000001f359a90f99 sp=0x00000012412fd3c0
Event: 7.204 Thread 0x000001f3569324e0 DEOPT UNPACKING pc=0x000001f359612b24 sp=0x00000012412fc8a0 mode 3
Event: 11.463 Thread 0x000001f3569324e0 DEOPT PACKING pc=0x000001f359c03d19 sp=0x00000012412fc720
Event: 11.463 Thread 0x000001f3569324e0 DEOPT UNPACKING pc=0x000001f359612b24 sp=0x00000012412fbc08 mode 3
Event: 12.856 Thread 0x000001f3618db340 DEOPT PACKING pc=0x000001f359cbf535 sp=0x0000001242dfd590
Event: 12.856 Thread 0x000001f3618db340 DEOPT UNPACKING pc=0x000001f359612b24 sp=0x0000001242dfcab8 mode 3
Event: 13.468 Thread 0x000001f3620f29c0 DEOPT PACKING pc=0x000001f359ce762b sp=0x00000012433fe430
Event: 13.468 Thread 0x000001f3620f29c0 DEOPT UNPACKING pc=0x000001f359612b24 sp=0x00000012433fd978 mode 3
Event: 13.500 Thread 0x000001f3618db340 DEOPT PACKING pc=0x000001f359a8ef81 sp=0x0000001242dfda60
Event: 13.500 Thread 0x000001f3618db340 DEOPT UNPACKING pc=0x000001f359612b24 sp=0x0000001242dfcef0 mode 3
Event: 13.500 Thread 0x000001f36223a850 DEOPT PACKING pc=0x000001f359a8c397 sp=0x0000001242ffef80
Event: 13.500 Thread 0x000001f36223a850 DEOPT UNPACKING pc=0x000001f359612b24 sp=0x0000001242ffe3d8 mode 3

Classes unloaded (0 events):
No events

Classes redefined (0 events):
No events

Internal exceptions (20 events):
Event: 13.706 Thread 0x000001f3620f3830 Exception <a 'sun/nio/fs/WindowsException'{0x00000000c4fb5ba0}> (0x00000000c4fb5ba0) 
thrown [s\src\hotspot\share\prims\jni.cpp, line 516]
Event: 13.707 Thread 0x000001f3620f3830 Exception <a 'sun/nio/fs/WindowsException'{0x00000000c4fb65a0}> (0x00000000c4fb65a0) 
thrown [s\src\hotspot\share\prims\jni.cpp, line 516]
Event: 13.708 Thread 0x000001f3620f3830 Exception <a 'sun/nio/fs/WindowsException'{0x00000000c4fb6960}> (0x00000000c4fb6960) 
thrown [s\src\hotspot\share\prims\jni.cpp, line 516]
Event: 13.710 Thread 0x000001f3620f3830 Exception <a 'sun/nio/fs/WindowsException'{0x00000000c4fb7360}> (0x00000000c4fb7360) 
thrown [s\src\hotspot\share\prims\jni.cpp, line 516]
Event: 13.711 Thread 0x000001f3620f3830 Exception <a 'sun/nio/fs/WindowsException'{0x00000000c4fb7710}> (0x00000000c4fb7710) 
thrown [s\src\hotspot\share\prims\jni.cpp, line 516]
Event: 13.712 Thread 0x000001f3620f3830 Exception <a 'sun/nio/fs/WindowsException'{0x00000000c4fb8110}> (0x00000000c4fb8110) 
thrown [s\src\hotspot\share\prims\jni.cpp, line 516]
Event: 13.712 Thread 0x000001f3620f3830 Exception <a 'sun/nio/fs/WindowsException'{0x00000000c4fb84d0}> (0x00000000c4fb84d0) 
thrown [s\src\hotspot\share\prims\jni.cpp, line 516]
Event: 13.713 Thread 0x000001f3620f3830 Exception <a 'sun/nio/fs/WindowsException'{0x00000000c4fb8ef8}> (0x00000000c4fb8ef8) 
thrown [s\src\hotspot\share\prims\jni.cpp, line 516]
Event: 13.714 Thread 0x000001f3620f3830 Exception <a 'sun/nio/fs/WindowsException'{0x00000000c4fb92d8}> (0x00000000c4fb92d8) 
thrown [s\src\hotspot\share\prims\jni.cpp, line 516]
Event: 13.715 Thread 0x000001f3620f3830 Exception <a 'sun/nio/fs/WindowsException'{0x00000000c4fb9d10}> (0x00000000c4fb9d10) 
thrown [s\src\hotspot\share\prims\jni.cpp, line 516]
Event: 13.715 Thread 0x000001f3620f3830 Exception <a 'sun/nio/fs/WindowsException'{0x00000000c4fba100}> (0x00000000c4fba100) 
thrown [s\src\hotspot\share\prims\jni.cpp, line 516]
Event: 13.716 Thread 0x000001f3620f3830 Exception <a 'sun/nio/fs/WindowsException'{0x00000000c4fbab28}> (0x00000000c4fbab28) 
thrown [s\src\hotspot\share\prims\jni.cpp, line 516]
Event: 13.716 Thread 0x000001f3620f3830 Exception <a 'sun/nio/fs/WindowsException'{0x00000000c4fbaf18}> (0x00000000c4fbaf18) 
thrown [s\src\hotspot\share\prims\jni.cpp, line 516]
Event: 15.733 Thread 0x000001f3618db340 Exception <a 'java/lang/NoSuchMethodError'{0x00000000c61d2d18}: 'java.lang.Object java.lang.invoke.Invokers$Holder.invoke_MT(java.lang.Object, java.lang.Object, java.lang.Object)'> (0x00000000c61d2d18) 
thrown [s\src\hotspot\share\interpreter\linkResolver.cpp, line 759]
Event: 16.171 Thread 0x000001f3618db340 Exception <a 'java/lang/NoSuchMethodError'{0x00000000c6d8ca60}: 'java.lang.Object java.lang.invoke.DirectMethodHandle$Holder.newInvokeSpecial(java.lang.Object, java.lang.Object, int)'> (0x00000000c6d8ca60) 
thrown [s\src\hotspot\share\interpreter\linkResolver.cpp, line 759]
Event: 16.202 Thread 0x000001f363071870 Exception <a 'java/lang/NoSuchMethodError'{0x00000000c6c07f10}: 'java.lang.Object java.lang.invoke.Invokers$Holder.linkToTargetMethod(java.lang.Object, long, java.lang.Object)'> (0x00000000c6c07f10) 
thrown [s\src\hotspot\share\interpreter\linkResolver.cpp, line 759]
Event: 16.225 Thread 0x000001f3618db340 Exception <a 'sun/nio/fs/WindowsException'{0x00000000c6c94a68}> (0x00000000c6c94a68) 
thrown [s\src\hotspot\share\prims\jni.cpp, line 516]
Event: 16.265 Thread 0x000001f363071870 Exception <a 'sun/nio/fs/WindowsException'{0x00000000c6b511f0}> (0x00000000c6b511f0) 
thrown [s\src\hotspot\share\prims\jni.cpp, line 516]
Event: 16.277 Thread 0x000001f363071870 Exception <a 'sun/nio/fs/WindowsException'{0x00000000c6b8a738}> (0x00000000c6b8a738) 
thrown [s\src\hotspot\share\prims\jni.cpp, line 516]
Event: 16.371 Thread 0x000001f3630713a0 Exception <a 'sun/nio/fs/WindowsException'{0x00000000c6a84f38}> (0x00000000c6a84f38) 
thrown [s\src\hotspot\share\prims\jni.cpp, line 516]

VM Operations (20 events):
Event: 15.490 Executing VM operation: HandshakeAllThreads done
Event: 15.512 Executing VM operation: G1CollectForAllocation
Event: 15.552 Executing VM operation: G1CollectForAllocation done
Event: 15.693 Executing VM operation: HandshakeAllThreads
Event: 15.693 Executing VM operation: HandshakeAllThreads done
Event: 15.801 Executing VM operation: G1CollectForAllocation
Event: 15.833 Executing VM operation: G1CollectForAllocation done
Event: 15.902 Executing VM operation: HandshakeAllThreads
Event: 15.902 Executing VM operation: HandshakeAllThreads done
Event: 16.540 Executing VM operation: G1CollectForAllocation
Event: 16.561 Executing VM operation: G1CollectForAllocation done
Event: 16.843 Executing VM operation: G1Concurrent
Event: 16.852 Executing VM operation: G1Concurrent done
Event: 16.913 Executing VM operation: HandshakeAllThreads
Event: 16.914 Executing VM operation: HandshakeAllThreads done
Event: 16.981 Executing VM operation: G1Concurrent
Event: 16.981 Executing VM operation: G1Concurrent done
Event: 17.197 Executing VM operation: G1CollectForAllocation
Event: 17.213 Executing VM operation: G1CollectForAllocation done
Event: 17.225 Executing VM operation: G1CollectForAllocation

Events (20 events):
Event: 16.430 loading class jdk/internal/jrtfs/SystemImage
Event: 16.431 loading class jdk/internal/jrtfs/SystemImage done
Event: 16.432 loading class java/security/AllPermissionCollection
Event: 16.433 loading class java/security/AllPermissionCollection done
Event: 16.434 loading class jdk/internal/jrtfs/SystemImage$2
Event: 16.434 loading class jdk/internal/jrtfs/SystemImage$2 done
Event: 16.435 loading class jdk/internal/jrtfs/SystemImage$1
Event: 16.435 loading class jdk/internal/jrtfs/SystemImage$1 done
Event: 16.445 loading class jdk/internal/jrtfs/JrtFileSystem$1
Event: 16.446 loading class jdk/internal/jrtfs/JrtFileSystem$1 done
Event: 16.574 loading class java/util/ResourceBundle$Control$1
Event: 16.574 loading class java/util/ResourceBundle$Control$1 done
Event: 16.859 loading class java/io/FileWriter
Event: 16.859 loading class java/io/FileWriter done
Event: 16.879 loading class java/nio/charset/IllegalCharsetNameException
Event: 16.879 loading class java/nio/charset/IllegalCharsetNameException done
Event: 16.910 loading class java/util/JumboEnumSet
Event: 16.911 loading class java/util/JumboEnumSet done
Event: 16.964 loading class java/util/JumboEnumSet$EnumSetIterator
Event: 16.964 loading class java/util/JumboEnumSet$EnumSetIterator done


Dynamic libraries:
0x00007ff62dd70000 - 0x00007ff62dd7e000 	c:\Users\lukag\.vscode\extensions\redhat.java-1.13.0-win32-x64\jre\17.0.5-win32-x86_64\bin\java.exe
0x00007ffc153d0000 - 0x00007ffc155c8000 	C:\WINDOWS\SYSTEM32\ntdll.dll
0x00007ffc14ad0000 - 0x00007ffc14b8f000 	C:\WINDOWS\System32\KERNEL32.DLL
0x00007ffc12ac0000 - 0x00007ffc12d92000 	C:\WINDOWS\System32\KERNELBASE.dll
0x00007ffc130a0000 - 0x00007ffc131a0000 	C:\WINDOWS\System32\ucrtbase.dll
0x00007ffc0b8d0000 - 0x00007ffc0b8e7000 	c:\Users\lukag\.vscode\extensions\redhat.java-1.13.0-win32-x64\jre\17.0.5-win32-x86_64\bin\jli.dll
0x00007ffc14d10000 - 0x00007ffc14eb1000 	C:\WINDOWS\System32\USER32.dll
0x00007ffc0b8b0000 - 0x00007ffc0b8c9000 	c:\Users\lukag\.vscode\extensions\redhat.java-1.13.0-win32-x64\jre\17.0.5-win32-x86_64\bin\VCRUNTIME140.dll
0x00007ffc13220000 - 0x00007ffc13242000 	C:\WINDOWS\System32\win32u.dll
0x00007ffc137c0000 - 0x00007ffc137eb000 	C:\WINDOWS\System32\GDI32.dll
0x00007ffc02460000 - 0x00007ffc026fa000 	C:\WINDOWS\WinSxS\amd64_microsoft.windows.common-controls_6595b64144ccf1df_6.0.19041.1110_none_60b5254171f9507e\COMCTL32.dll
0x00007ffc12f90000 - 0x00007ffc1309f000 	C:\WINDOWS\System32\gdi32full.dll
0x00007ffc13ff0000 - 0x00007ffc1408e000 	C:\WINDOWS\System32\msvcrt.dll
0x00007ffc13300000 - 0x00007ffc1339d000 	C:\WINDOWS\System32\msvcp_win.dll
0x00007ffc13c60000 - 0x00007ffc13c92000 	C:\WINDOWS\System32\IMM32.DLL
0x00007ffc0e440000 - 0x00007ffc0e44c000 	c:\Users\lukag\.vscode\extensions\redhat.java-1.13.0-win32-x64\jre\17.0.5-win32-x86_64\bin\vcruntime140_1.dll
0x00007ffbf1c70000 - 0x00007ffbf1d01000 	c:\Users\lukag\.vscode\extensions\redhat.java-1.13.0-win32-x64\jre\17.0.5-win32-x86_64\bin\msvcp140.dll
0x00007ffbb1000000 - 0x00007ffbb1c44000 	c:\Users\lukag\.vscode\extensions\redhat.java-1.13.0-win32-x64\jre\17.0.5-win32-x86_64\bin\server\jvm.dll
0x00007ffc134d0000 - 0x00007ffc1357e000 	C:\WINDOWS\System32\ADVAPI32.dll
0x00007ffc13430000 - 0x00007ffc134cc000 	C:\WINDOWS\System32\sechost.dll
0x00007ffc13ec0000 - 0x00007ffc13fe5000 	C:\WINDOWS\System32\RPCRT4.dll
0x00007ffc0b7d0000 - 0x00007ffc0b7d9000 	C:\WINDOWS\SYSTEM32\WSOCK32.dll
0x00007ffc13ca0000 - 0x00007ffc13d0b000 	C:\WINDOWS\System32\WS2_32.dll
0x00007ffbfb440000 - 0x00007ffbfb467000 	C:\WINDOWS\SYSTEM32\WINMM.dll
0x00007ffc04d20000 - 0x00007ffc04d2a000 	C:\WINDOWS\SYSTEM32\VERSION.dll
0x00007ffc10960000 - 0x00007ffc10972000 	C:\WINDOWS\SYSTEM32\kernel.appcore.dll
0x00007ffc023e0000 - 0x00007ffc023ea000 	c:\Users\lukag\.vscode\extensions\redhat.java-1.13.0-win32-x64\jre\17.0.5-win32-x86_64\bin\jimage.dll
0x00007ffbfef80000 - 0x00007ffbff164000 	C:\WINDOWS\SYSTEM32\DBGHELP.DLL
0x00007ffbfef40000 - 0x00007ffbfef75000 	C:\WINDOWS\SYSTEM32\dbgcore.DLL
0x00007ffc12da0000 - 0x00007ffc12e22000 	C:\WINDOWS\System32\bcryptPrimitives.dll
0x00007ffbf71e0000 - 0x00007ffbf7205000 	c:\Users\lukag\.vscode\extensions\redhat.java-1.13.0-win32-x64\jre\17.0.5-win32-x86_64\bin\java.dll
0x00007ffc016b0000 - 0x00007ffc016c8000 	c:\Users\lukag\.vscode\extensions\redhat.java-1.13.0-win32-x64\jre\17.0.5-win32-x86_64\bin\zip.dll
0x00007ffc142a0000 - 0x00007ffc149e4000 	C:\WINDOWS\System32\SHELL32.dll
0x00007ffc10b80000 - 0x00007ffc11312000 	C:\WINDOWS\SYSTEM32\windows.storage.dll
0x00007ffc13900000 - 0x00007ffc13c55000 	C:\WINDOWS\System32\combase.dll
0x00007ffc12440000 - 0x00007ffc12470000 	C:\WINDOWS\SYSTEM32\Wldp.dll
0x00007ffc13660000 - 0x00007ffc1370d000 	C:\WINDOWS\System32\SHCORE.dll
0x00007ffc14b90000 - 0x00007ffc14be5000 	C:\WINDOWS\System32\shlwapi.dll
0x00007ffc12a00000 - 0x00007ffc12a1f000 	C:\WINDOWS\SYSTEM32\profapi.dll
0x00007ffbfd8d0000 - 0x00007ffbfd8e9000 	C:\Users\lukag\.vscode\extensions\redhat.java-1.13.0-win32-x64\jre\17.0.5-win32-x86_64\bin\net.dll
0x00007ffc0d4d0000 - 0x00007ffc0d5dc000 	C:\WINDOWS\SYSTEM32\WINHTTP.dll
0x00007ffc121a0000 - 0x00007ffc1220a000 	C:\WINDOWS\system32\mswsock.dll
0x00007ffbf6b90000 - 0x00007ffbf6ba5000 	C:\Users\lukag\.vscode\extensions\redhat.java-1.13.0-win32-x64\jre\17.0.5-win32-x86_64\bin\nio.dll
0x00007ffc01ab0000 - 0x00007ffc01ac0000 	c:\Users\lukag\.vscode\extensions\redhat.java-1.13.0-win32-x64\jre\17.0.5-win32-x86_64\bin\verify.dll
0x00007ffc10270000 - 0x00007ffc10279000 	C:\Users\lukag\.vscode\extensions\redhat.java-1.13.0-win32-x64\jre\17.0.5-win32-x86_64\bin\management.dll
0x00007ffc0e550000 - 0x00007ffc0e55b000 	C:\Users\lukag\.vscode\extensions\redhat.java-1.13.0-win32-x64\jre\17.0.5-win32-x86_64\bin\management_ext.dll
0x00007ffc14ac0000 - 0x00007ffc14ac8000 	C:\WINDOWS\System32\PSAPI.DLL
0x00007ffc0e450000 - 0x00007ffc0e467000 	C:\WINDOWS\system32\napinsp.dll
0x00007ffc0e510000 - 0x00007ffc0e52b000 	C:\WINDOWS\system32\pnrpnsp.dll
0x00007ffbfa9d0000 - 0x00007ffbfa9e5000 	C:\WINDOWS\system32\wshbth.dll
0x00007ffc0e420000 - 0x00007ffc0e43d000 	C:\WINDOWS\system32\NLAapi.dll
0x00007ffc11e90000 - 0x00007ffc11ecb000 	C:\WINDOWS\SYSTEM32\IPHLPAPI.DLL
0x00007ffc11ed0000 - 0x00007ffc11f9a000 	C:\WINDOWS\SYSTEM32\DNSAPI.dll
0x00007ffc13850000 - 0x00007ffc13858000 	C:\WINDOWS\System32\NSI.dll
0x00007ffc0e530000 - 0x00007ffc0e542000 	C:\WINDOWS\System32\winrnr.dll
0x00007ffc081a0000 - 0x00007ffc081aa000 	C:\Windows\System32\rasadhlp.dll
0x00007ffc04940000 - 0x00007ffc049c0000 	C:\WINDOWS\System32\fwpuclnt.dll
0x00007ffc131a0000 - 0x00007ffc131c7000 	C:\WINDOWS\System32\bcrypt.dll
0x00007ffc12390000 - 0x00007ffc123a8000 	C:\WINDOWS\SYSTEM32\CRYPTSP.dll
0x00007ffc11ac0000 - 0x00007ffc11af4000 	C:\WINDOWS\system32\rsaenh.dll
0x00007ffc129c0000 - 0x00007ffc129ee000 	C:\WINDOWS\SYSTEM32\USERENV.dll
0x00007ffc123b0000 - 0x00007ffc123bc000 	C:\WINDOWS\SYSTEM32\CRYPTBASE.dll
0x00007ffc04f60000 - 0x00007ffc04f77000 	C:\WINDOWS\SYSTEM32\dhcpcsvc6.DLL
0x00007ffc060e0000 - 0x00007ffc060fd000 	C:\WINDOWS\SYSTEM32\dhcpcsvc.DLL

dbghelp: loaded successfully - version: 4.0.5 - missing functions: none
symbol engine: initialized successfully - sym options: 0x614 - pdb path: .;c:\Users\lukag\.vscode\extensions\redhat.java-1.13.0-win32-x64\jre\17.0.5-win32-x86_64\bin;C:\WINDOWS\SYSTEM32;C:\WINDOWS\WinSxS\amd64_microsoft.windows.common-controls_6595b64144ccf1df_6.0.19041.1110_none_60b5254171f9507e;c:\Users\lukag\.vscode\extensions\redhat.java-1.13.0-win32-x64\jre\17.0.5-win32-x86_64\bin\server

VM Arguments:
jvm_args: -Dsts.lsp.client=vscode -Dsts.log.file=/dev/null -XX:TieredStopAtLevel=1 -Xlog:jni+resolve=off -Dspring.config.location=file:c:\Users\lukag\.vscode\extensions\pivotal.vscode-spring-boot-1.42.0\language-server\BOOT-INF\classes\application.properties 
java_command: org.springframework.ide.vscode.boot.app.BootLanguageServerBootApp
java_class_path (initial): c:\Users\lukag\.vscode\extensions\pivotal.vscode-spring-boot-1.42.0\language-server\BOOT-INF\classes;c:\Users\lukag\.vscode\extensions\pivotal.vscode-spring-boot-1.42.0\language-server\BOOT-INF\lib\annotations-23.1.0.jar;c:\Users\lukag\.vscode\extensions\pivotal.vscode-spring-boot-1.42.0\language-server\BOOT-INF\lib\ant-1.10.12.jar;c:\Users\lukag\.vscode\extensions\pivotal.vscode-spring-boot-1.42.0\language-server\BOOT-INF\lib\ant-launcher-1.10.12.jar;c:\Users\lukag\.vscode\extensions\pivotal.vscode-spring-boot-1.42.0\language-server\BOOT-INF\lib\antlr-runtime-3.5.2.jar;c:\Users\lukag\.vscode\extensions\pivotal.vscode-spring-boot-1.42.0\language-server\BOOT-INF\lib\antlr4-4.9.3.jar;c:\Users\lukag\.vscode\extensions\pivotal.vscode-spring-boot-1.42.0\language-server\BOOT-INF\lib\antlr4-runtime-4.9.3.jar;c:\Users\lukag\.vscode\extensions\pivotal.vscode-spring-boot-1.42.0\language-server\BOOT-INF\lib\apiguardian-api-1.1.2.jar;c:\Users\lukag\.vscode\extensions\pivotal.vscode-spring-boot-1.42.0\language-server\BOOT-INF\lib\asm-9.4.jar;c:\Users\lukag\.vscode\extensions\pivotal.vscode-spring-boot-1.42.0\language-server\BOOT-INF\lib\asm-analysis-9.4.jar;c:\Users\lukag\.vscode\extensions\pivotal.vscode-spring-boot-1.42.0\language-server\BOOT-INF\lib\asm-tree-9.4.jar;c:\Users\lukag\.vscode\extensions\pivotal.vscode-spring-boot-1.42.0\language-server\BOOT-INF\lib\asm-util-9.4.jar;c:\Users\lukag\.vscode\extensions\pivotal.vscode-spring-boot-1.42.0\language-server\BOOT-INF\lib\caffeine-2.9.3.jar;c:\Users\lukag\.vscode\extensions\pivotal.vscode-spring-boot-1.42.0\language-server\BOOT-INF\lib\checker-qual-3.12.0.jar;c:\Users\lukag\.vscode\extensions\pivotal.vscode-spring-boot-1.42.0\language-server\BOOT-INF\lib\ci-environment-9.1.0.jar;c:\Users\lukag\.vscode\extensions\pivotal.vscode-spring-boot-1.42.0\language-server\BOOT-INF\lib\classgraph-4.8.149.jar;c:\Users\lukag\.vscode\extensions\pivotal.vscode-spring-boot-1.42.0\language-server\BOOT-INF\lib\comm
Launcher Type: SUN_STANDARD

[Global flags]
     intx CICompilerCount                          = 3                                         {product} {ergonomic}
     uint ConcGCThreads                            = 1                                         {product} {ergonomic}
     uint G1ConcRefinementThreads                  = 4                                         {product} {ergonomic}
   size_t G1HeapRegionSize                         = 1048576                                   {product} {ergonomic}
    uintx GCDrainStackTargetSize                   = 64                                        {product} {ergonomic}
   size_t InitialHeapSize                          = 65011712                                  {product} {ergonomic}
   size_t MarkStackSize                            = 4194304                                   {product} {ergonomic}
   size_t MaxHeapSize                              = 1038090240                                {product} {ergonomic}
   size_t MaxNewSize                               = 622854144                                 {product} {ergonomic}
   size_t MinHeapDeltaBytes                        = 1048576                                   {product} {ergonomic}
   size_t MinHeapSize                              = 8388608                                   {product} {ergonomic}
    uintx NonProfiledCodeHeapSize                  = 0                                      {pd product} {ergonomic}
     bool ProfileInterpreter                       = false                                  {pd product} {command line}
    uintx ProfiledCodeHeapSize                     = 0                                      {pd product} {ergonomic}
   size_t SoftMaxHeapSize                          = 1038090240                             {manageable} {ergonomic}
     intx TieredStopAtLevel                        = 1                                         {product} {command line}
     bool UseCompressedClassPointers               = true                           {product lp64_product} {ergonomic}
     bool UseCompressedOops                        = true                           {product lp64_product} {ergonomic}
     bool UseG1GC                                  = true                                      {product} {ergonomic}
     bool UseLargePagesIndividualAllocation        = false                                  {pd product} {ergonomic}

Logging:
Log output configuration:
 #0: stdout all=warning,jni+resolve=off uptime,level,tags
 #1: stderr all=off uptime,level,tags

Environment Variables:
JAVA_HOME=C:\Program Files\Java\jdk-11.0.15
PATH=C:\Program Files\Common Files\Oracle\Java\javapath;C:\WINDOWS\system32;C:\WINDOWS;C:\WINDOWS\System32\Wbem;C:\WINDOWS\System32\WindowsPowerShell\v1.0\;C:\WINDOWS\System32\OpenSSH\;C:\Program Files\Java\jdk-11.0.15\Bin;C:\Program Files\dotnet\;C:\Program Files\Git\cmd;C:\Users\lukag\AppData\Local\Microsoft\WindowsApps;C:\Users\lukag\AppData\Local\Programs\Microsoft VS Code\bin;C:\Users\lukag\AppData\Local\GitHubDesktop\bin
USERNAME=BUDA
OS=Windows_NT
PROCESSOR_IDENTIFIER=Intel64 Family 6 Model 76 Stepping 4, GenuineIntel
TMP=C:\Users\lukag\AppData\Local\Temp
TEMP=C:\Users\lukag\AppData\Local\Temp



---------------  S Y S T E M  ---------------

OS:
 Windows 10 , 64 bit Build 19041 (10.0.19041.2364)
OS uptime: 0 days 8:19 hours

CPU: total 4 (initial active 4) (4 cores per cpu, 1 threads per core) family 6 model 76 stepping 4 microcode 0x411, cx8, cmov, fxsr, mmx, 3dnowpref, sse, sse2, sse3, ssse3, sse4.1, sse4.2, popcnt, tsc, tscinvbit, aes, erms, clmul, clflush

Memory: 4k page, system-wide physical 3956M (241M free)
TotalPageFile size 5735M (AvailPageFile size 45M)
current process WorkingSet (physical memory assigned to process): 197M, peak: 197M
current process commit charge ("private bytes"): 225M, peak: 311M

vm_info: OpenJDK 64-Bit Server VM (17.0.5+8) for windows-amd64 JRE (17.0.5+8), built on Oct 19 2022 04:48:13 by "temurin" with MS VC++ 16.7 (VS2019)

END.
