#
# There is insufficient memory for the Java Runtime Environment to continue.
# Native memory allocation (mmap) failed to map 901120 bytes for G1 virtual space
# Possible reasons:
#   The system is out of physical RAM or swap space
#   The process is running with CompressedOops enabled, and the Java Heap may be blocking the growth of the native heap
# Possible solutions:
#   Reduce memory load on the system
#   Increase physical memory or swap space
#   Check if swap backing store is full
#   Decrease Java heap size (-Xmx/-Xms)
#   Decrease number of Java threads
#   Decrease Java thread stack sizes (-Xss)
#   Set larger code cache with -XX:ReservedCodeCacheSize=
#   JVM is running with Unscaled Compressed Oops mode in which the Java heap is
#     placed in the first 4GB address space. The Java Heap base address is the
#     maximum limit for the native heap growth. Please use -XX:HeapBaseMinAddress
#     to set the Java Heap base and to place the Java Heap above 4GB virtual address.
# This output file may be truncated or incomplete.
#
#  Out of Memory Error (os_windows.cpp:3548), pid=2852, tid=2624
#
# JRE version: OpenJDK Runtime Environment Temurin-17.0.5+8 (17.0.5+8) (build 17.0.5+8)
# Java VM: OpenJDK 64-Bit Server VM Temurin-17.0.5+8 (17.0.5+8, mixed mode, emulated-client, tiered, compressed oops, compressed class ptrs, g1 gc, windows-amd64)
# No core dump will be written. Minidumps are not enabled by default on client versions of Windows
#

---------------  S U M M A R Y ------------

Command Line: -Dsts.lsp.client=vscode -Dsts.log.file=/dev/null -XX:TieredStopAtLevel=1 -Xlog:jni+resolve=off -Dspring.config.location=file:c:\Users\lukag\.vscode\extensions\pivotal.vscode-spring-boot-1.42.0\language-server\BOOT-INF\classes\application.properties org.springframework.ide.vscode.boot.app.BootLanguageServerBootApp

Host: Intel(R) Atom(TM) x5-Z8350  CPU @ 1.44GHz, 4 cores, 3G,  Windows 10 , 64 bit Build 19041 (10.0.19041.2364)
Time: Mon Jan  2 16:18:01 2023 Hora Padrão da Bahia elapsed time: 19.391611 seconds (0d 0h 0m 19s)

---------------  T H R E A D  ---------------

Current thread (0x000002778dfbcbf0):  VMThread "VM Thread" [stack: 0x000000e309400000,0x000000e309500000] [id=2624]

Stack: [0x000000e309400000,0x000000e309500000]
Native frames: (J=compiled Java code, j=interpreted, Vv=VM code, C=native code)
V  [jvm.dll+0x676b3a]
V  [jvm.dll+0x831444]
V  [jvm.dll+0x832bee]
V  [jvm.dll+0x833253]
V  [jvm.dll+0x244ce5]
V  [jvm.dll+0x673a49]
V  [jvm.dll+0x66811a]
V  [jvm.dll+0x303ceb]
V  [jvm.dll+0x30b1e6]
V  [jvm.dll+0x35ade8]
V  [jvm.dll+0x35afef]
V  [jvm.dll+0x2dab88]
V  [jvm.dll+0x2d8e3c]
V  [jvm.dll+0x2d840c]
V  [jvm.dll+0x31c31b]
V  [jvm.dll+0x8376fb]
V  [jvm.dll+0x838434]
V  [jvm.dll+0x83894c]
V  [jvm.dll+0x838d24]
V  [jvm.dll+0x838df0]
V  [jvm.dll+0x7e17ea]
V  [jvm.dll+0x6759e5]
C  [ucrtbase.dll+0x21bb2]
C  [KERNEL32.DLL+0x17614]
C  [ntdll.dll+0x526a1]

VM_Operation (0x000000e30b4fd6e0): G1CollectForAllocation, mode: safepoint, requested by thread 0x000002779a4686e0


---------------  P R O C E S S  ---------------

Threads class SMR info:
_java_thread_list=0x000002779a4b5520, length=35, elements={
0x00000277982fc740, 0x00000277982ff4d0, 0x000002779832ca50, 0x000002779832f5e0,
0x0000027798331650, 0x00000277983326b0, 0x0000027798336cc0, 0x000002779833a510,
0x0000027798ecea80, 0x0000027798ed90d0, 0x000002778def2d10, 0x000002779a12d7c0,
0x000002779a37c820, 0x000002779a303400, 0x000002778def1f50, 0x0000027799841710,
0x000002779a2ce860, 0x000002779a40fc50, 0x0000027799c73ff0, 0x000002779960f430,
0x000002779a416cc0, 0x000002779a4167f0, 0x000002779a416320, 0x000002779a415e50,
0x000002779a417190, 0x000002779a417660, 0x000002779a46ad60, 0x000002779a4686e0,
0x000002779a46a3c0, 0x000002779a469550, 0x000002779a469ef0, 0x000002779a46a890,
0x000002779a466a00, 0x000002779a4673a0, 0x000002779a46b230
}

Java Threads: ( => current thread )
  0x00000277982fc740 JavaThread "Reference Handler" daemon [_thread_blocked, id=12060, stack(0x000000e309500000,0x000000e309600000)]
  0x00000277982ff4d0 JavaThread "Finalizer" daemon [_thread_blocked, id=7220, stack(0x000000e309600000,0x000000e309700000)]
  0x000002779832ca50 JavaThread "Signal Dispatcher" daemon [_thread_blocked, id=6180, stack(0x000000e309700000,0x000000e309800000)]
  0x000002779832f5e0 JavaThread "Attach Listener" daemon [_thread_blocked, id=2236, stack(0x000000e309800000,0x000000e309900000)]
  0x0000027798331650 JavaThread "Service Thread" daemon [_thread_blocked, id=10192, stack(0x000000e309900000,0x000000e309a00000)]
  0x00000277983326b0 JavaThread "Monitor Deflation Thread" daemon [_thread_blocked, id=8368, stack(0x000000e309a00000,0x000000e309b00000)]
  0x0000027798336cc0 JavaThread "C1 CompilerThread0" daemon [_thread_blocked, id=9196, stack(0x000000e309b00000,0x000000e309c00000)]
  0x000002779833a510 JavaThread "Sweeper thread" daemon [_thread_blocked, id=11448, stack(0x000000e309c00000,0x000000e309d00000)]
  0x0000027798ecea80 JavaThread "Notification Thread" daemon [_thread_blocked, id=10476, stack(0x000000e309d00000,0x000000e309e00000)]
  0x0000027798ed90d0 JavaThread "Common-Cleaner" daemon [_thread_blocked, id=11560, stack(0x000000e309f00000,0x000000e30a000000)]
  0x000002778def2d10 JavaThread "C1 CompilerThread1" daemon [_thread_blocked, id=6140, stack(0x000000e30a000000,0x000000e30a100000)]
  0x000002779a12d7c0 JavaThread "boundedElastic-evictor-1" daemon [_thread_blocked, id=4980, stack(0x000000e30a600000,0x000000e30a700000)]
  0x000002779a37c820 JavaThread "pool-11-thread-1" [_thread_blocked, id=10808, stack(0x000000e30a300000,0x000000e30a400000)]
  0x000002779a303400 JavaThread "LanguageServerApp-lifecycle" [_thread_blocked, id=496, stack(0x000000e30a700000,0x000000e30a800000)]
  0x000002778def1f50 JavaThread "DestroyJavaVM" [_thread_blocked, id=11400, stack(0x000000e308e00000,0x000000e308f00000)]
  0x0000027799841710 JavaThread "pool-12-thread-1" [_thread_in_native, id=10288, stack(0x000000e30a800000,0x000000e30a900000)]
  0x000002779a2ce860 JavaThread "Simple-Language-Server main thread" daemon [_thread_blocked, id=10028, stack(0x000000e30a900000,0x000000e30aa00000)]
  0x000002779a40fc50 JavaThread "pool-8-thread-1" [_thread_blocked, id=5092, stack(0x000000e30aa00000,0x000000e30ab00000)]
  0x0000027799c73ff0 JavaThread "parallel-1" daemon [_thread_blocked, id=9240, stack(0x000000e30ab00000,0x000000e30ac00000)]
  0x000002779960f430 JavaThread "parallel-2" daemon [_thread_blocked, id=9840, stack(0x000000e30ac00000,0x000000e30ad00000)]
  0x000002779a416cc0 JavaThread "parallel-3" daemon [_thread_blocked, id=12124, stack(0x000000e30ad00000,0x000000e30ae00000)]
  0x000002779a4167f0 JavaThread "parallel-4" daemon [_thread_blocked, id=2980, stack(0x000000e30ae00000,0x000000e30af00000)]
  0x000002779a416320 JavaThread "ForkJoinPool.commonPool-worker-1" daemon [_thread_blocked, id=11784, stack(0x000000e30af00000,0x000000e30b000000)]
  0x000002779a415e50 JavaThread "Reconciler-1" daemon [_thread_blocked, id=7992, stack(0x000000e30b000000,0x000000e30b100000)]
  0x000002779a417190 JavaThread "pool-5-thread-1" [_thread_blocked, id=10836, stack(0x000000e30b100000,0x000000e30b200000)]
  0x000002779a417660 JavaThread "ForkJoinPool.commonPool-worker-2" daemon [_thread_blocked, id=2972, stack(0x000000e30b200000,0x000000e30b300000)]
  0x000002779a46ad60 JavaThread "pool-5-thread-2" [_thread_blocked, id=11572, stack(0x000000e30b300000,0x000000e30b400000)]
  0x000002779a4686e0 JavaThread "ClassGraph-worker-0" daemon [_thread_blocked, id=9764, stack(0x000000e30b400000,0x000000e30b500000)]
  0x000002779a46a3c0 JavaThread "ClassGraph-worker-1" daemon [_thread_blocked, id=10404, stack(0x000000e30b500000,0x000000e30b600000)]
  0x000002779a469550 JavaThread "ClassGraph-worker-2" daemon [_thread_blocked, id=10252, stack(0x000000e30b600000,0x000000e30b700000)]
  0x000002779a469ef0 JavaThread "ClassGraph-worker-3" daemon [_thread_blocked, id=4284, stack(0x000000e30b700000,0x000000e30b800000)]
  0x000002779a46a890 JavaThread "ClassGraph-worker-4" daemon [_thread_blocked, id=520, stack(0x000000e30b800000,0x000000e30b900000)]
  0x000002779a466a00 JavaThread "ClassGraph-worker-5" daemon [_thread_blocked, id=4024, stack(0x000000e30b900000,0x000000e30ba00000)]
  0x000002779a4673a0 JavaThread "ClassGraph-worker-6" daemon [_thread_blocked, id=11516, stack(0x000000e30ba00000,0x000000e30bb00000)]
  0x000002779a46b230 JavaThread "ClassGraph-worker-7" daemon [_thread_blocked, id=11528, stack(0x000000e30bb00000,0x000000e30bc00000)]

Other Threads:
=>0x000002778dfbcbf0 VMThread "VM Thread" [stack: 0x000000e309400000,0x000000e309500000] [id=2624]
  0x0000027798ecef50 WatcherThread [stack: 0x000000e309e00000,0x000000e309f00000] [id=12164]
  0x000002778df326a0 GCTaskThread "GC Thread#0" [stack: 0x000000e308f00000,0x000000e309000000] [id=5200]
  0x000002779965bc10 GCTaskThread "GC Thread#1" [stack: 0x000000e30a100000,0x000000e30a200000] [id=11676]
  0x0000027799701c90 GCTaskThread "GC Thread#2" [stack: 0x000000e30a200000,0x000000e30a300000] [id=6704]
  0x0000027799abeb10 GCTaskThread "GC Thread#3" [stack: 0x000000e30a400000,0x000000e30a500000] [id=12244]
  0x000002778df3b0b0 ConcurrentGCThread "G1 Main Marker" [stack: 0x000000e309000000,0x000000e309100000] [id=4108]
  0x000002778df3b9d0 ConcurrentGCThread "G1 Conc#0" [stack: 0x000000e309100000,0x000000e309200000] [id=10456]
  0x000002778df77500 ConcurrentGCThread "G1 Refine#0" [stack: 0x000000e309200000,0x000000e309300000] [id=9236]
  0x000002779a615b80 ConcurrentGCThread "G1 Refine#1" [stack: 0x000000e30bc00000,0x000000e30bd00000] [id=5036]
  0x000002778df77e30 ConcurrentGCThread "G1 Service" [stack: 0x000000e309300000,0x000000e309400000] [id=4388]

Threads with active compile tasks:

VM state: at safepoint (normal execution)

VM Mutex/Monitor currently owned by a thread:  ([mutex/lock_event])
[0x000002778bdd77c0] Threads_lock - owner thread: 0x000002778dfbcbf0
[0x000002778def0f20] Heap_lock - owner thread: 0x000002779a4686e0

Heap address: 0x00000000c2200000, size: 990 MB, Compressed Oops mode: 32-bit

CDS archive(s) not mapped
Compressed class space mapped at: 0x0000000100000000-0x0000000140000000, reserved size: 1073741824
Narrow klass base: 0x0000000000000000, Narrow klass shift: 3, Narrow klass range: 0x140000000

GC Precious Log:
 CPUs: 4 total, 4 available
 Memory: 3956M
 Large Page Support: Disabled
 NUMA Support: Disabled
 Compressed Oops: Enabled (32-bit)
 Heap Region Size: 1M
 Heap Min Capacity: 8M
 Heap Initial Capacity: 62M
 Heap Max Capacity: 990M
 Pre-touch: Disabled
 Parallel Workers: 4
 Concurrent Workers: 1
 Concurrent Refinement Workers: 4
 Periodic GC: Disabled

Heap:
 garbage-first heap   total 63488K, used 30588K [0x00000000c2200000, 0x0000000100000000)
  region size 1024K, 3 young (3072K), 3 survivors (3072K)
 Metaspace       used 36902K, committed 37248K, reserved 1081344K
  class space    used 4741K, committed 4864K, reserved 1048576K

Heap Regions: E=young(eden), S=young(survivor), O=old, HS=humongous(starts), HC=humongous(continues), CS=collection set, F=free, OA=open archive, CA=closed archive, TAMS=top-at-mark-start (previous, next)
|   0|0x00000000c2200000, 0x00000000c2300000, 0x00000000c2300000|100%| O|  |TAMS 0x00000000c2300000, 0x00000000c2200000| Untracked 
|   1|0x00000000c2300000, 0x00000000c2400000, 0x00000000c2400000|100%| O|  |TAMS 0x00000000c2400000, 0x00000000c2300000| Untracked 
|   2|0x00000000c2400000, 0x00000000c2500000, 0x00000000c2500000|100%| O|  |TAMS 0x00000000c2500000, 0x00000000c2400000| Untracked 
|   3|0x00000000c2500000, 0x00000000c2600000, 0x00000000c2600000|100%| O|  |TAMS 0x00000000c2600000, 0x00000000c2500000| Untracked 
|   4|0x00000000c2600000, 0x00000000c2700000, 0x00000000c2700000|100%| O|  |TAMS 0x00000000c2700000, 0x00000000c2600000| Untracked 
|   5|0x00000000c2700000, 0x00000000c2800000, 0x00000000c2800000|100%| O|  |TAMS 0x00000000c2800000, 0x00000000c2700000| Untracked 
|   6|0x00000000c2800000, 0x00000000c2900000, 0x00000000c2900000|100%| O|  |TAMS 0x00000000c2900000, 0x00000000c2800000| Untracked 
|   7|0x00000000c2900000, 0x00000000c2a00000, 0x00000000c2a00000|100%| O|  |TAMS 0x00000000c2a00000, 0x00000000c2900000| Untracked 
|   8|0x00000000c2a00000, 0x00000000c2b00000, 0x00000000c2b00000|100%| O|  |TAMS 0x00000000c2b00000, 0x00000000c2a00000| Untracked 
|   9|0x00000000c2b00000, 0x00000000c2c00000, 0x00000000c2c00000|100%| O|  |TAMS 0x00000000c2c00000, 0x00000000c2b00000| Untracked 
|  10|0x00000000c2c00000, 0x00000000c2d00000, 0x00000000c2d00000|100%| O|  |TAMS 0x00000000c2d00000, 0x00000000c2c00000| Untracked 
|  11|0x00000000c2d00000, 0x00000000c2e00000, 0x00000000c2e00000|100%| O|  |TAMS 0x00000000c2e00000, 0x00000000c2d00000| Untracked 
|  12|0x00000000c2e00000, 0x00000000c2f00000, 0x00000000c2f00000|100%| O|  |TAMS 0x00000000c2f00000, 0x00000000c2e00000| Untracked 
|  13|0x00000000c2f00000, 0x00000000c3000000, 0x00000000c3000000|100%| O|  |TAMS 0x00000000c2f00000, 0x00000000c2f00000| Untracked 
|  14|0x00000000c3000000, 0x00000000c3100000, 0x00000000c3100000|100%| O|  |TAMS 0x00000000c3100000, 0x00000000c3000000| Untracked 
|  15|0x00000000c3100000, 0x00000000c3200000, 0x00000000c3200000|100%| O|  |TAMS 0x00000000c3188600, 0x00000000c3100000| Untracked 
|  16|0x00000000c3200000, 0x00000000c3300000, 0x00000000c3300000|100%| O|  |TAMS 0x00000000c3200000, 0x00000000c3200000| Untracked 
|  17|0x00000000c3300000, 0x00000000c3400000, 0x00000000c3400000|100%| O|  |TAMS 0x00000000c3300000, 0x00000000c3300000| Untracked 
|  18|0x00000000c3400000, 0x00000000c3500000, 0x00000000c3500000|100%| O|  |TAMS 0x00000000c3400000, 0x00000000c3400000| Untracked 
|  19|0x00000000c3500000, 0x00000000c3600000, 0x00000000c3600000|100%| O|  |TAMS 0x00000000c3500000, 0x00000000c3500000| Untracked 
|  20|0x00000000c3600000, 0x00000000c3700000, 0x00000000c3700000|100%| O|  |TAMS 0x00000000c3600000, 0x00000000c3600000| Untracked 
|  21|0x00000000c3700000, 0x00000000c3800000, 0x00000000c3800000|100%| O|  |TAMS 0x00000000c3700000, 0x00000000c3700000| Untracked 
|  22|0x00000000c3800000, 0x00000000c3900000, 0x00000000c3900000|100%| O|  |TAMS 0x00000000c3800000, 0x00000000c3800000| Untracked 
|  23|0x00000000c3900000, 0x00000000c3a00000, 0x00000000c3a00000|100%| O|  |TAMS 0x00000000c3900000, 0x00000000c3900000| Untracked 
|  24|0x00000000c3a00000, 0x00000000c3b00000, 0x00000000c3b00000|100%| O|  |TAMS 0x00000000c3a00000, 0x00000000c3a00000| Untracked 
|  25|0x00000000c3b00000, 0x00000000c3c00000, 0x00000000c3c00000|100%| O|  |TAMS 0x00000000c3b00000, 0x00000000c3b00000| Untracked 
|  26|0x00000000c3c00000, 0x00000000c3d00000, 0x00000000c3d00000|100%| O|  |TAMS 0x00000000c3c00000, 0x00000000c3c00000| Untracked 
|  27|0x00000000c3d00000, 0x00000000c3d44a00, 0x00000000c3e00000| 26%| O|  |TAMS 0x00000000c3d00000, 0x00000000c3d00000| Untracked 
|  28|0x00000000c3e00000, 0x00000000c3e00000, 0x00000000c3f00000|  0%| F|  |TAMS 0x00000000c3e00000, 0x00000000c3e00000| Untracked 
|  29|0x00000000c3f00000, 0x00000000c3f00000, 0x00000000c4000000|  0%| F|  |TAMS 0x00000000c3f00000, 0x00000000c3f00000| Untracked 
|  30|0x00000000c4000000, 0x00000000c4000000, 0x00000000c4100000|  0%| F|  |TAMS 0x00000000c4000000, 0x00000000c4000000| Untracked 
|  31|0x00000000c4100000, 0x00000000c4100000, 0x00000000c4200000|  0%| F|  |TAMS 0x00000000c4100000, 0x00000000c4100000| Untracked 
|  32|0x00000000c4200000, 0x00000000c4200000, 0x00000000c4300000|  0%| F|  |TAMS 0x00000000c4200000, 0x00000000c4200000| Untracked 
|  33|0x00000000c4300000, 0x00000000c4300000, 0x00000000c4400000|  0%| F|  |TAMS 0x00000000c4300000, 0x00000000c4300000| Untracked 
|  34|0x00000000c4400000, 0x00000000c4400000, 0x00000000c4500000|  0%| F|  |TAMS 0x00000000c4400000, 0x00000000c4400000| Untracked 
|  35|0x00000000c4500000, 0x00000000c4500000, 0x00000000c4600000|  0%| F|  |TAMS 0x00000000c4500000, 0x00000000c4500000| Untracked 
|  36|0x00000000c4600000, 0x00000000c4600000, 0x00000000c4700000|  0%| F|  |TAMS 0x00000000c4600000, 0x00000000c4600000| Untracked 
|  37|0x00000000c4700000, 0x00000000c4700000, 0x00000000c4800000|  0%| F|  |TAMS 0x00000000c4700000, 0x00000000c4700000| Untracked 
|  38|0x00000000c4800000, 0x00000000c4800000, 0x00000000c4900000|  0%| F|  |TAMS 0x00000000c4800000, 0x00000000c4800000| Untracked 
|  39|0x00000000c4900000, 0x00000000c499a8a8, 0x00000000c4a00000| 60%| S|CS|TAMS 0x00000000c4900000, 0x00000000c4900000| Complete 
|  40|0x00000000c4a00000, 0x00000000c4b00000, 0x00000000c4b00000|100%| S|CS|TAMS 0x00000000c4a00000, 0x00000000c4a00000| Complete 
|  41|0x00000000c4b00000, 0x00000000c4c00000, 0x00000000c4c00000|100%| S|CS|TAMS 0x00000000c4b00000, 0x00000000c4b00000| Complete 
|  42|0x00000000c4c00000, 0x00000000c4c00000, 0x00000000c4d00000|  0%| F|  |TAMS 0x00000000c4c00000, 0x00000000c4c00000| Untracked 
|  43|0x00000000c4d00000, 0x00000000c4d00000, 0x00000000c4e00000|  0%| F|  |TAMS 0x00000000c4d00000, 0x00000000c4d00000| Untracked 
|  44|0x00000000c4e00000, 0x00000000c4e00000, 0x00000000c4f00000|  0%| F|  |TAMS 0x00000000c4e00000, 0x00000000c4e00000| Untracked 
|  45|0x00000000c4f00000, 0x00000000c4f00000, 0x00000000c5000000|  0%| F|  |TAMS 0x00000000c4f00000, 0x00000000c4f00000| Untracked 
|  46|0x00000000c5000000, 0x00000000c5000000, 0x00000000c5100000|  0%| F|  |TAMS 0x00000000c5000000, 0x00000000c5000000| Untracked 
|  47|0x00000000c5100000, 0x00000000c5100000, 0x00000000c5200000|  0%| F|  |TAMS 0x00000000c5100000, 0x00000000c5100000| Untracked 
|  48|0x00000000c5200000, 0x00000000c5200000, 0x00000000c5300000|  0%| F|  |TAMS 0x00000000c5200000, 0x00000000c5200000| Untracked 
|  49|0x00000000c5300000, 0x00000000c5300000, 0x00000000c5400000|  0%| F|  |TAMS 0x00000000c5300000, 0x00000000c5300000| Untracked 
|  50|0x00000000c5400000, 0x00000000c5400000, 0x00000000c5500000|  0%| F|  |TAMS 0x00000000c5400000, 0x00000000c5400000| Untracked 
|  51|0x00000000c5500000, 0x00000000c5500000, 0x00000000c5600000|  0%| F|  |TAMS 0x00000000c5500000, 0x00000000c5500000| Untracked 
|  52|0x00000000c5600000, 0x00000000c5600000, 0x00000000c5700000|  0%| F|  |TAMS 0x00000000c5600000, 0x00000000c5600000| Untracked 
|  53|0x00000000c5700000, 0x00000000c5700000, 0x00000000c5800000|  0%| F|  |TAMS 0x00000000c5700000, 0x00000000c5700000| Untracked 
|  54|0x00000000c5800000, 0x00000000c5800000, 0x00000000c5900000|  0%| F|  |TAMS 0x00000000c5800000, 0x00000000c5800000| Untracked 
|  55|0x00000000c5900000, 0x00000000c5900000, 0x00000000c5a00000|  0%| F|  |TAMS 0x00000000c5900000, 0x00000000c5900000| Untracked 
|  56|0x00000000c5a00000, 0x00000000c5a00000, 0x00000000c5b00000|  0%| F|  |TAMS 0x00000000c5a00000, 0x00000000c5a00000| Untracked 
|  57|0x00000000c5b00000, 0x00000000c5b00000, 0x00000000c5c00000|  0%| F|  |TAMS 0x00000000c5b00000, 0x00000000c5b00000| Untracked 
|  58|0x00000000c5c00000, 0x00000000c5c00000, 0x00000000c5d00000|  0%| F|  |TAMS 0x00000000c5c00000, 0x00000000c5c00000| Untracked 
|  59|0x00000000c5d00000, 0x00000000c5d00000, 0x00000000c5e00000|  0%| F|  |TAMS 0x00000000c5d00000, 0x00000000c5d00000| Untracked 
|  60|0x00000000c5e00000, 0x00000000c5e00000, 0x00000000c5f00000|  0%| F|  |TAMS 0x00000000c5e00000, 0x00000000c5e00000| Untracked 
|  61|0x00000000c5f00000, 0x00000000c5f00000, 0x00000000c6000000|  0%| F|  |TAMS 0x00000000c5f00000, 0x00000000c5f00000| Untracked 

Card table byte_map: [0x0000027793b80000,0x0000027793d70000] _byte_map_base: 0x000002779356f000

Marking Bits (Prev, Next): (CMBitMap*) 0x000002778df32bc0, (CMBitMap*) 0x000002778df32c00
 Prev Bits: [0x0000027793f60000, 0x0000027794ed8000)
 Next Bits: [0x0000027794ee0000, 0x0000027795e58000)

Polling page: 0x000002778d6c0000

Metaspace:

Usage:
  Non-class:     31.41 MB used.
      Class:      4.63 MB used.
       Both:     36.04 MB used.

Virtual space:
  Non-class space:       32.00 MB reserved,      31.62 MB ( 99%) committed,  4 nodes.
      Class space:        1.00 GB reserved,       4.75 MB ( <1%) committed,  1 nodes.
             Both:        1.03 GB reserved,      36.38 MB (  3%) committed. 

Chunk freelists:
   Non-Class:  432.00 KB
       Class:  3.20 MB
        Both:  3.62 MB

MaxMetaspaceSize: unlimited
CompressedClassSpaceSize: 1.00 GB
Initial GC threshold: 21.00 MB
Current GC threshold: 59.00 MB
CDS: off
MetaspaceReclaimPolicy: balanced
 - commit_granule_bytes: 65536.
 - commit_granule_words: 8192.
 - virtual_space_node_default_size: 1048576.
 - enlarge_chunks_in_place: 1.
 - new_chunks_are_fully_committed: 0.
 - uncommit_free_chunks: 1.
 - use_allocation_guard: 0.
 - handle_deallocations: 1.


Internal statistics:

num_allocs_failed_limit: 6.
num_arena_births: 340.
num_arena_deaths: 0.
num_vsnodes_births: 5.
num_vsnodes_deaths: 0.
num_space_committed: 582.
num_space_uncommitted: 0.
num_chunks_returned_to_freelist: 6.
num_chunks_taken_from_freelist: 1386.
num_chunk_merges: 6.
num_chunk_splits: 959.
num_chunks_enlarged: 752.
num_purges: 0.
num_inconsistent_stats: 0.

CodeCache: size=49152Kb used=7565Kb max_used=7565Kb free=41586Kb
 bounds [0x0000027790b80000, 0x00000277912f0000, 0x0000027793b80000]
 total_blobs=4104 nmethods=3582 adapters=448
 compilation: enabled
              stopped_count=0, restarted_count=0
 full_count=0

Compilation events (20 events):
Event: 19.333 Thread 0x000002778def2d10 nmethod 3573 0x00000277912de490 code [0x00000277912de660, 0x00000277912de8d8]
Event: 19.334 Thread 0x000002778def2d10 3574       1       java.nio.IntBuffer::<init> (14 bytes)
Event: 19.334 Thread 0x000002778def2d10 nmethod 3574 0x00000277912dea10 code [0x00000277912deba0, 0x00000277912decc8]
Event: 19.334 Thread 0x000002778def2d10 3575       1       java.nio.IntBuffer::<init> (24 bytes)
Event: 19.335 Thread 0x000002778def2d10 nmethod 3575 0x00000277912ded90 code [0x00000277912def20, 0x00000277912df068]
Event: 19.335 Thread 0x000002778def2d10 3576       1       java.nio.IntBuffer::limit (6 bytes)
Event: 19.335 Thread 0x000002778def2d10 nmethod 3576 0x00000277912e0b90 code [0x00000277912e0d20, 0x00000277912e0e08]
Event: 19.335 Thread 0x0000027798336cc0 nmethod 3569 0x00000277912df110 code [0x00000277912df440, 0x00000277912e0258]
Event: 19.336 Thread 0x000002778def2d10 3579  s    1       jdk.internal.jimage.ImageReader$SharedImageReader::buildRootDirectory (71 bytes)
Event: 19.336 Thread 0x0000027798336cc0 3580  s    1       jdk.internal.jimage.ImageReader$SharedImageReader::buildNode (98 bytes)
Event: 19.337 Thread 0x0000027798336cc0 nmethod 3580 0x00000277912e0e90 code [0x00000277912e1080, 0x00000277912e1408]
Event: 19.337 Thread 0x0000027798336cc0 3578       1       java.nio.IntBuffer::position (6 bytes)
Event: 19.338 Thread 0x0000027798336cc0 nmethod 3578 0x00000277912e1590 code [0x00000277912e1720, 0x00000277912e1808]
Event: 19.338 Thread 0x0000027798336cc0 3577       1       java.nio.IntBuffer::limit (8 bytes)
Event: 19.338 Thread 0x0000027798336cc0 nmethod 3577 0x00000277912e1890 code [0x00000277912e1a20, 0x00000277912e1b08]
Event: 19.339 Thread 0x000002778def2d10 nmethod 3579 0x00000277912e1b90 code [0x00000277912e1e00, 0x00000277912e2808]
Event: 19.347 Thread 0x000002778def2d10 3581       1       jdk.internal.jimage.ImageReader$Directory::getChildren (8 bytes)
Event: 19.347 Thread 0x000002778def2d10 nmethod 3581 0x00000277912e2b90 code [0x00000277912e2d20, 0x00000277912e2e08]
Event: 19.358 Thread 0x000002778def2d10 3582       1       java.util.Spliterator::forEachRemaining (11 bytes)
Event: 19.358 Thread 0x000002778def2d10 nmethod 3582 0x00000277912e3190 code [0x00000277912e3320, 0x00000277912e3448]

GC Heap History (20 events):
Event: 8.570 GC heap after
{Heap after GC invocations=3 (full 0):
 garbage-first heap   total 63488K, used 9954K [0x00000000c2200000, 0x0000000100000000)
  region size 1024K, 3 young (3072K), 3 survivors (3072K)
 Metaspace       used 15275K, committed 15424K, reserved 1064960K
  class space    used 1837K, committed 1920K, reserved 1048576K
}
Event: 10.150 GC heap before
{Heap before GC invocations=3 (full 0):
 garbage-first heap   total 63488K, used 35554K [0x00000000c2200000, 0x0000000100000000)
  region size 1024K, 30 young (30720K), 3 survivors (3072K)
 Metaspace       used 21342K, committed 21504K, reserved 1073152K
  class space    used 2597K, committed 2688K, reserved 1048576K
}
Event: 10.168 GC heap after
{Heap after GC invocations=4 (full 0):
 garbage-first heap   total 63488K, used 11753K [0x00000000c2200000, 0x0000000100000000)
  region size 1024K, 4 young (4096K), 4 survivors (4096K)
 Metaspace       used 21342K, committed 21504K, reserved 1073152K
  class space    used 2597K, committed 2688K, reserved 1048576K
}
Event: 11.751 GC heap before
{Heap before GC invocations=5 (full 0):
 garbage-first heap   total 48128K, used 35305K [0x00000000c2200000, 0x0000000100000000)
  region size 1024K, 28 young (28672K), 4 survivors (4096K)
 Metaspace       used 24994K, committed 25216K, reserved 1073152K
  class space    used 3063K, committed 3200K, reserved 1048576K
}
Event: 11.771 GC heap after
{Heap after GC invocations=6 (full 0):
 garbage-first heap   total 48128K, used 13385K [0x00000000c2200000, 0x0000000100000000)
  region size 1024K, 4 young (4096K), 4 survivors (4096K)
 Metaspace       used 24994K, committed 25216K, reserved 1073152K
  class space    used 3063K, committed 3200K, reserved 1048576K
}
Event: 11.874 GC heap before
{Heap before GC invocations=6 (full 0):
 garbage-first heap   total 48128K, used 13385K [0x00000000c2200000, 0x0000000100000000)
  region size 1024K, 5 young (5120K), 4 survivors (4096K)
 Metaspace       used 25229K, committed 25472K, reserved 1073152K
  class space    used 3094K, committed 3264K, reserved 1048576K
}
Event: 11.897 GC heap after
{Heap after GC invocations=7 (full 0):
 garbage-first heap   total 58368K, used 13716K [0x00000000c2200000, 0x0000000100000000)
  region size 1024K, 1 young (1024K), 1 survivors (1024K)
 Metaspace       used 25229K, committed 25472K, reserved 1073152K
  class space    used 3094K, committed 3264K, reserved 1048576K
}
Event: 14.210 GC heap before
{Heap before GC invocations=7 (full 0):
 garbage-first heap   total 58368K, used 38292K [0x00000000c2200000, 0x0000000100000000)
  region size 1024K, 26 young (26624K), 1 survivors (1024K)
 Metaspace       used 29526K, committed 29824K, reserved 1081344K
  class space    used 3700K, committed 3840K, reserved 1048576K
}
Event: 14.231 GC heap after
{Heap after GC invocations=8 (full 0):
 garbage-first heap   total 58368K, used 16023K [0x00000000c2200000, 0x0000000100000000)
  region size 1024K, 3 young (3072K), 3 survivors (3072K)
 Metaspace       used 29526K, committed 29824K, reserved 1081344K
  class space    used 3700K, committed 3840K, reserved 1048576K
}
Event: 16.854 GC heap before
{Heap before GC invocations=8 (full 0):
 garbage-first heap   total 58368K, used 40599K [0x00000000c2200000, 0x0000000100000000)
  region size 1024K, 27 young (27648K), 3 survivors (3072K)
 Metaspace       used 34074K, committed 34368K, reserved 1081344K
  class space    used 4377K, committed 4544K, reserved 1048576K
}
Event: 16.872 GC heap after
{Heap after GC invocations=9 (full 0):
 garbage-first heap   total 58368K, used 18182K [0x00000000c2200000, 0x0000000100000000)
  region size 1024K, 3 young (3072K), 3 survivors (3072K)
 Metaspace       used 34074K, committed 34368K, reserved 1081344K
  class space    used 4377K, committed 4544K, reserved 1048576K
}
Event: 18.131 GC heap before
{Heap before GC invocations=9 (full 0):
 garbage-first heap   total 58368K, used 28422K [0x00000000c2200000, 0x0000000100000000)
  region size 1024K, 14 young (14336K), 3 survivors (3072K)
 Metaspace       used 35675K, committed 35968K, reserved 1081344K
  class space    used 4626K, committed 4800K, reserved 1048576K
}
Event: 18.145 GC heap after
{Heap after GC invocations=10 (full 0):
 garbage-first heap   total 58368K, used 18896K [0x00000000c2200000, 0x0000000100000000)
  region size 1024K, 3 young (3072K), 3 survivors (3072K)
 Metaspace       used 35675K, committed 35968K, reserved 1081344K
  class space    used 4626K, committed 4800K, reserved 1048576K
}
Event: 18.777 GC heap before
{Heap before GC invocations=11 (full 0):
 garbage-first heap   total 58368K, used 42448K [0x00000000c2200000, 0x0000000100000000)
  region size 1024K, 27 young (27648K), 3 survivors (3072K)
 Metaspace       used 36170K, committed 36480K, reserved 1081344K
  class space    used 4665K, committed 4800K, reserved 1048576K
}
Event: 18.797 GC heap after
{Heap after GC invocations=12 (full 0):
 garbage-first heap   total 58368K, used 23264K [0x00000000c2200000, 0x0000000100000000)
  region size 1024K, 4 young (4096K), 4 survivors (4096K)
 Metaspace       used 36170K, committed 36480K, reserved 1081344K
  class space    used 4665K, committed 4800K, reserved 1048576K
}
Event: 18.830 GC heap before
{Heap before GC invocations=12 (full 0):
 garbage-first heap   total 58368K, used 23264K [0x00000000c2200000, 0x0000000100000000)
  region size 1024K, 5 young (5120K), 4 survivors (4096K)
 Metaspace       used 36243K, committed 36608K, reserved 1081344K
  class space    used 4666K, committed 4800K, reserved 1048576K
}
Event: 18.843 GC heap after
{Heap after GC invocations=13 (full 0):
 garbage-first heap   total 58368K, used 24023K [0x00000000c2200000, 0x0000000100000000)
  region size 1024K, 1 young (1024K), 1 survivors (1024K)
 Metaspace       used 36243K, committed 36608K, reserved 1081344K
  class space    used 4666K, committed 4800K, reserved 1048576K
}
Event: 19.117 GC heap before
{Heap before GC invocations=13 (full 0):
 garbage-first heap   total 58368K, used 42455K [0x00000000c2200000, 0x0000000100000000)
  region size 1024K, 20 young (20480K), 1 survivors (1024K)
 Metaspace       used 36339K, committed 36672K, reserved 1081344K
  class space    used 4677K, committed 4800K, reserved 1048576K
}
Event: 19.126 GC heap after
{Heap after GC invocations=14 (full 0):
 garbage-first heap   total 58368K, used 27862K [0x00000000c2200000, 0x0000000100000000)
  region size 1024K, 3 young (3072K), 3 survivors (3072K)
 Metaspace       used 36339K, committed 36672K, reserved 1081344K
  class space    used 4677K, committed 4800K, reserved 1048576K
}
Event: 19.366 GC heap before
{Heap before GC invocations=14 (full 0):
 garbage-first heap   total 58368K, used 42198K [0x00000000c2200000, 0x0000000100000000)
  region size 1024K, 18 young (18432K), 3 survivors (3072K)
 Metaspace       used 36902K, committed 37248K, reserved 1081344K
  class space    used 4741K, committed 4864K, reserved 1048576K
}

Dll operation events (8 events):
Event: 0.063 Loaded shared library c:\Users\lukag\.vscode\extensions\redhat.java-1.13.0-win32-x64\jre\17.0.5-win32-x86_64\bin\java.dll
Event: 2.336 Loaded shared library C:\Users\lukag\.vscode\extensions\redhat.java-1.13.0-win32-x64\jre\17.0.5-win32-x86_64\bin\net.dll
Event: 2.345 Loaded shared library C:\Users\lukag\.vscode\extensions\redhat.java-1.13.0-win32-x64\jre\17.0.5-win32-x86_64\bin\nio.dll
Event: 2.419 Loaded shared library C:\Users\lukag\.vscode\extensions\redhat.java-1.13.0-win32-x64\jre\17.0.5-win32-x86_64\bin\zip.dll
Event: 4.577 Loaded shared library c:\Users\lukag\.vscode\extensions\redhat.java-1.13.0-win32-x64\jre\17.0.5-win32-x86_64\bin\verify.dll
Event: 4.616 Loaded shared library C:\Users\lukag\.vscode\extensions\redhat.java-1.13.0-win32-x64\jre\17.0.5-win32-x86_64\bin\jimage.dll
Event: 9.079 Loaded shared library C:\Users\lukag\.vscode\extensions\redhat.java-1.13.0-win32-x64\jre\17.0.5-win32-x86_64\bin\management.dll
Event: 9.092 Loaded shared library C:\Users\lukag\.vscode\extensions\redhat.java-1.13.0-win32-x64\jre\17.0.5-win32-x86_64\bin\management_ext.dll

Deoptimization events (10 events):
Event: 10.026 Thread 0x000002778def1f50 DEOPT PACKING pc=0x000002779104ec99 sp=0x000000e308efd450
Event: 10.026 Thread 0x000002778def1f50 DEOPT UNPACKING pc=0x0000027790bd2b24 sp=0x000000e308efc930 mode 3
Event: 16.630 Thread 0x000002779a2ce860 DEOPT PACKING pc=0x00000277911f1135 sp=0x000000e30a9fd7f0
Event: 16.630 Thread 0x000002779a2ce860 DEOPT UNPACKING pc=0x0000027790bd2b24 sp=0x000000e30a9fcd18 mode 3
Event: 17.837 Thread 0x000002779a416320 DEOPT PACKING pc=0x000002779121972b sp=0x000000e30affe330
Event: 17.837 Thread 0x000002779a416320 DEOPT UNPACKING pc=0x0000027790bd2b24 sp=0x000000e30affd878 mode 3
Event: 17.847 Thread 0x000002779a2ce860 DEOPT PACKING pc=0x000002779104d081 sp=0x000000e30a9fdcc0
Event: 17.847 Thread 0x000002779a2ce860 DEOPT UNPACKING pc=0x0000027790bd2b24 sp=0x000000e30a9fd150 mode 3
Event: 17.847 Thread 0x0000027799c73ff0 DEOPT PACKING pc=0x000002779104af97 sp=0x000000e30abfed10
Event: 17.847 Thread 0x0000027799c73ff0 DEOPT UNPACKING pc=0x0000027790bd2b24 sp=0x000000e30abfe168 mode 3

Classes unloaded (0 events):
No events

Classes redefined (0 events):
No events

Internal exceptions (20 events):
Event: 18.162 Thread 0x000002779a46a3c0 Exception <a 'sun/nio/fs/WindowsException'{0x00000000c5f44538}> (0x00000000c5f44538) 
thrown [s\src\hotspot\share\prims\jni.cpp, line 516]
Event: 18.162 Thread 0x000002779a46a3c0 Exception <a 'sun/nio/fs/WindowsException'{0x00000000c5f44910}> (0x00000000c5f44910) 
thrown [s\src\hotspot\share\prims\jni.cpp, line 516]
Event: 18.163 Thread 0x000002779a46a3c0 Exception <a 'sun/nio/fs/WindowsException'{0x00000000c5f45360}> (0x00000000c5f45360) 
thrown [s\src\hotspot\share\prims\jni.cpp, line 516]
Event: 18.163 Thread 0x000002779a46a3c0 Exception <a 'sun/nio/fs/WindowsException'{0x00000000c5f45770}> (0x00000000c5f45770) 
thrown [s\src\hotspot\share\prims\jni.cpp, line 516]
Event: 18.164 Thread 0x000002779a46a3c0 Exception <a 'sun/nio/fs/WindowsException'{0x00000000c5f46198}> (0x00000000c5f46198) 
thrown [s\src\hotspot\share\prims\jni.cpp, line 516]
Event: 18.164 Thread 0x000002779a46a3c0 Exception <a 'sun/nio/fs/WindowsException'{0x00000000c5f46578}> (0x00000000c5f46578) 
thrown [s\src\hotspot\share\prims\jni.cpp, line 516]
Event: 18.165 Thread 0x000002779a46a3c0 Exception <a 'sun/nio/fs/WindowsException'{0x00000000c5f46f68}> (0x00000000c5f46f68) 
thrown [s\src\hotspot\share\prims\jni.cpp, line 516]
Event: 18.165 Thread 0x000002779a46a3c0 Exception <a 'sun/nio/fs/WindowsException'{0x00000000c5f47310}> (0x00000000c5f47310) 
thrown [s\src\hotspot\share\prims\jni.cpp, line 516]
Event: 18.166 Thread 0x000002779a46a3c0 Exception <a 'sun/nio/fs/WindowsException'{0x00000000c5f47d10}> (0x00000000c5f47d10) 
thrown [s\src\hotspot\share\prims\jni.cpp, line 516]
Event: 18.166 Thread 0x000002779a46a3c0 Exception <a 'sun/nio/fs/WindowsException'{0x00000000c5f480d0}> (0x00000000c5f480d0) 
thrown [s\src\hotspot\share\prims\jni.cpp, line 516]
Event: 18.166 Thread 0x000002779a46a3c0 Exception <a 'sun/nio/fs/WindowsException'{0x00000000c5f48ad0}> (0x00000000c5f48ad0) 
thrown [s\src\hotspot\share\prims\jni.cpp, line 516]
Event: 18.167 Thread 0x000002779a46a3c0 Exception <a 'sun/nio/fs/WindowsException'{0x00000000c5f48e80}> (0x00000000c5f48e80) 
thrown [s\src\hotspot\share\prims\jni.cpp, line 516]
Event: 18.181 Thread 0x000002779a46a3c0 Exception <a 'sun/nio/fs/WindowsException'{0x00000000c5f49880}> (0x00000000c5f49880) 
thrown [s\src\hotspot\share\prims\jni.cpp, line 516]
Event: 18.181 Thread 0x000002779a46a3c0 Exception <a 'sun/nio/fs/WindowsException'{0x00000000c5f49c40}> (0x00000000c5f49c40) 
thrown [s\src\hotspot\share\prims\jni.cpp, line 516]
Event: 18.182 Thread 0x000002779a46a3c0 Exception <a 'sun/nio/fs/WindowsException'{0x00000000c5f4a668}> (0x00000000c5f4a668) 
thrown [s\src\hotspot\share\prims\jni.cpp, line 516]
Event: 18.182 Thread 0x000002779a46a3c0 Exception <a 'sun/nio/fs/WindowsException'{0x00000000c5f4aa48}> (0x00000000c5f4aa48) 
thrown [s\src\hotspot\share\prims\jni.cpp, line 516]
Event: 18.183 Thread 0x000002779a46a3c0 Exception <a 'sun/nio/fs/WindowsException'{0x00000000c5f4b480}> (0x00000000c5f4b480) 
thrown [s\src\hotspot\share\prims\jni.cpp, line 516]
Event: 18.183 Thread 0x000002779a46a3c0 Exception <a 'sun/nio/fs/WindowsException'{0x00000000c5f4b870}> (0x00000000c5f4b870) 
thrown [s\src\hotspot\share\prims\jni.cpp, line 516]
Event: 18.188 Thread 0x000002779a46a3c0 Exception <a 'sun/nio/fs/WindowsException'{0x00000000c5f4c298}> (0x00000000c5f4c298) 
thrown [s\src\hotspot\share\prims\jni.cpp, line 516]
Event: 18.189 Thread 0x000002779a46a3c0 Exception <a 'sun/nio/fs/WindowsException'{0x00000000c5f4c688}> (0x00000000c5f4c688) 
thrown [s\src\hotspot\share\prims\jni.cpp, line 516]

VM Operations (20 events):
Event: 16.853 Executing VM operation: HandshakeAllThreads done
Event: 16.854 Executing VM operation: G1CollectForAllocation
Event: 16.872 Executing VM operation: G1CollectForAllocation done
Event: 17.873 Executing VM operation: Cleanup
Event: 17.874 Executing VM operation: Cleanup done
Event: 18.131 Executing VM operation: CollectForMetadataAllocation
Event: 18.146 Executing VM operation: CollectForMetadataAllocation done
Event: 18.241 Executing VM operation: G1Concurrent
Event: 18.260 Executing VM operation: G1Concurrent done
Event: 18.295 Executing VM operation: G1Concurrent
Event: 18.316 Executing VM operation: G1Concurrent done
Event: 18.777 Executing VM operation: G1CollectForAllocation
Event: 18.799 Executing VM operation: G1CollectForAllocation done
Event: 18.830 Executing VM operation: G1CollectForAllocation
Event: 18.854 Executing VM operation: G1CollectForAllocation done
Event: 19.117 Executing VM operation: G1CollectForAllocation
Event: 19.127 Executing VM operation: G1CollectForAllocation done
Event: 19.169 Executing VM operation: HandshakeAllThreads
Event: 19.169 Executing VM operation: HandshakeAllThreads done
Event: 19.365 Executing VM operation: G1CollectForAllocation

Events (20 events):
Event: 19.165 loading class java/nio/ByteBufferAsIntBufferL
Event: 19.167 loading class java/nio/ByteBufferAsIntBufferL done
Event: 19.172 loading class jdk/internal/jimage/ImageReader$Resource
Event: 19.172 loading class jdk/internal/jimage/ImageReader$Resource done
Event: 19.174 loading class java/util/stream/LongStream
Event: 19.175 loading class java/util/stream/LongStream done
Event: 19.175 loading class java/util/stream/DoubleStream
Event: 19.177 loading class java/util/stream/DoubleStream done
Event: 19.183 loading class java/util/zip/GZIPOutputStream
Event: 19.183 loading class java/util/zip/DeflaterOutputStream
Event: 19.188 loading class java/util/zip/DeflaterOutputStream done
Event: 19.188 loading class java/util/zip/GZIPOutputStream done
Event: 19.314 loading class java/util/zip/GZIPInputStream
Event: 19.315 loading class java/util/zip/GZIPInputStream done
Event: 19.342 loading class java/net/SocketTimeoutException
Event: 19.342 loading class java/io/InterruptedIOException
Event: 19.342 loading class java/io/InterruptedIOException done
Event: 19.342 loading class java/net/SocketTimeoutException done
Event: 19.342 loading class java/net/ProtocolException
Event: 19.343 loading class java/net/ProtocolException done


Dynamic libraries:
0x00007ff62dd70000 - 0x00007ff62dd7e000 	c:\Users\lukag\.vscode\extensions\redhat.java-1.13.0-win32-x64\jre\17.0.5-win32-x86_64\bin\java.exe
0x00007ffc153d0000 - 0x00007ffc155c8000 	C:\WINDOWS\SYSTEM32\ntdll.dll
0x00007ffc14ad0000 - 0x00007ffc14b8f000 	C:\WINDOWS\System32\KERNEL32.DLL
0x00007ffc12ac0000 - 0x00007ffc12d92000 	C:\WINDOWS\System32\KERNELBASE.dll
0x00007ffc130a0000 - 0x00007ffc131a0000 	C:\WINDOWS\System32\ucrtbase.dll
0x00007ffc0b8d0000 - 0x00007ffc0b8e7000 	c:\Users\lukag\.vscode\extensions\redhat.java-1.13.0-win32-x64\jre\17.0.5-win32-x86_64\bin\jli.dll
0x00007ffc14d10000 - 0x00007ffc14eb1000 	C:\WINDOWS\System32\USER32.dll
0x00007ffc13220000 - 0x00007ffc13242000 	C:\WINDOWS\System32\win32u.dll
0x00007ffc137c0000 - 0x00007ffc137eb000 	C:\WINDOWS\System32\GDI32.dll
0x00007ffc12f90000 - 0x00007ffc1309f000 	C:\WINDOWS\System32\gdi32full.dll
0x00007ffc13300000 - 0x00007ffc1339d000 	C:\WINDOWS\System32\msvcp_win.dll
0x00007ffc0b8b0000 - 0x00007ffc0b8c9000 	c:\Users\lukag\.vscode\extensions\redhat.java-1.13.0-win32-x64\jre\17.0.5-win32-x86_64\bin\VCRUNTIME140.dll
0x00007ffc02460000 - 0x00007ffc026fa000 	C:\WINDOWS\WinSxS\amd64_microsoft.windows.common-controls_6595b64144ccf1df_6.0.19041.1110_none_60b5254171f9507e\COMCTL32.dll
0x00007ffc13ff0000 - 0x00007ffc1408e000 	C:\WINDOWS\System32\msvcrt.dll
0x00007ffc13c60000 - 0x00007ffc13c92000 	C:\WINDOWS\System32\IMM32.DLL
0x00007ffc0e440000 - 0x00007ffc0e44c000 	c:\Users\lukag\.vscode\extensions\redhat.java-1.13.0-win32-x64\jre\17.0.5-win32-x86_64\bin\vcruntime140_1.dll
0x00007ffbf1c70000 - 0x00007ffbf1d01000 	c:\Users\lukag\.vscode\extensions\redhat.java-1.13.0-win32-x64\jre\17.0.5-win32-x86_64\bin\msvcp140.dll
0x00007ffbb1000000 - 0x00007ffbb1c44000 	c:\Users\lukag\.vscode\extensions\redhat.java-1.13.0-win32-x64\jre\17.0.5-win32-x86_64\bin\server\jvm.dll
0x00007ffc134d0000 - 0x00007ffc1357e000 	C:\WINDOWS\System32\ADVAPI32.dll
0x00007ffc13430000 - 0x00007ffc134cc000 	C:\WINDOWS\System32\sechost.dll
0x00007ffc13ec0000 - 0x00007ffc13fe5000 	C:\WINDOWS\System32\RPCRT4.dll
0x00007ffc0b7d0000 - 0x00007ffc0b7d9000 	C:\WINDOWS\SYSTEM32\WSOCK32.dll
0x00007ffc13ca0000 - 0x00007ffc13d0b000 	C:\WINDOWS\System32\WS2_32.dll
0x00007ffbfb440000 - 0x00007ffbfb467000 	C:\WINDOWS\SYSTEM32\WINMM.dll
0x00007ffc04d20000 - 0x00007ffc04d2a000 	C:\WINDOWS\SYSTEM32\VERSION.dll
0x00007ffc10960000 - 0x00007ffc10972000 	C:\WINDOWS\SYSTEM32\kernel.appcore.dll
0x00007ffc023e0000 - 0x00007ffc023ea000 	c:\Users\lukag\.vscode\extensions\redhat.java-1.13.0-win32-x64\jre\17.0.5-win32-x86_64\bin\jimage.dll
0x00007ffbfef80000 - 0x00007ffbff164000 	C:\WINDOWS\SYSTEM32\DBGHELP.DLL
0x00007ffbfef40000 - 0x00007ffbfef75000 	C:\WINDOWS\SYSTEM32\dbgcore.DLL
0x00007ffc12da0000 - 0x00007ffc12e22000 	C:\WINDOWS\System32\bcryptPrimitives.dll
0x00007ffbf71e0000 - 0x00007ffbf7205000 	c:\Users\lukag\.vscode\extensions\redhat.java-1.13.0-win32-x64\jre\17.0.5-win32-x86_64\bin\java.dll
0x00007ffc016b0000 - 0x00007ffc016c8000 	c:\Users\lukag\.vscode\extensions\redhat.java-1.13.0-win32-x64\jre\17.0.5-win32-x86_64\bin\zip.dll
0x00007ffc142a0000 - 0x00007ffc149e4000 	C:\WINDOWS\System32\SHELL32.dll
0x00007ffc10b80000 - 0x00007ffc11312000 	C:\WINDOWS\SYSTEM32\windows.storage.dll
0x00007ffc13900000 - 0x00007ffc13c55000 	C:\WINDOWS\System32\combase.dll
0x00007ffc12440000 - 0x00007ffc12470000 	C:\WINDOWS\SYSTEM32\Wldp.dll
0x00007ffc13660000 - 0x00007ffc1370d000 	C:\WINDOWS\System32\SHCORE.dll
0x00007ffc14b90000 - 0x00007ffc14be5000 	C:\WINDOWS\System32\shlwapi.dll
0x00007ffc12a00000 - 0x00007ffc12a1f000 	C:\WINDOWS\SYSTEM32\profapi.dll
0x00007ffbfd8d0000 - 0x00007ffbfd8e9000 	C:\Users\lukag\.vscode\extensions\redhat.java-1.13.0-win32-x64\jre\17.0.5-win32-x86_64\bin\net.dll
0x00007ffc0d4d0000 - 0x00007ffc0d5dc000 	C:\WINDOWS\SYSTEM32\WINHTTP.dll
0x00007ffc121a0000 - 0x00007ffc1220a000 	C:\WINDOWS\system32\mswsock.dll
0x00007ffbf6b90000 - 0x00007ffbf6ba5000 	C:\Users\lukag\.vscode\extensions\redhat.java-1.13.0-win32-x64\jre\17.0.5-win32-x86_64\bin\nio.dll
0x00007ffc01ab0000 - 0x00007ffc01ac0000 	c:\Users\lukag\.vscode\extensions\redhat.java-1.13.0-win32-x64\jre\17.0.5-win32-x86_64\bin\verify.dll
0x00007ffc10270000 - 0x00007ffc10279000 	C:\Users\lukag\.vscode\extensions\redhat.java-1.13.0-win32-x64\jre\17.0.5-win32-x86_64\bin\management.dll
0x00007ffc0e550000 - 0x00007ffc0e55b000 	C:\Users\lukag\.vscode\extensions\redhat.java-1.13.0-win32-x64\jre\17.0.5-win32-x86_64\bin\management_ext.dll
0x00007ffc14ac0000 - 0x00007ffc14ac8000 	C:\WINDOWS\System32\PSAPI.DLL
0x00007ffc0e450000 - 0x00007ffc0e467000 	C:\WINDOWS\system32\napinsp.dll
0x00007ffc0e510000 - 0x00007ffc0e52b000 	C:\WINDOWS\system32\pnrpnsp.dll
0x00007ffbfa9d0000 - 0x00007ffbfa9e5000 	C:\WINDOWS\system32\wshbth.dll
0x00007ffc0e420000 - 0x00007ffc0e43d000 	C:\WINDOWS\system32\NLAapi.dll
0x00007ffc11e90000 - 0x00007ffc11ecb000 	C:\WINDOWS\SYSTEM32\IPHLPAPI.DLL
0x00007ffc11ed0000 - 0x00007ffc11f9a000 	C:\WINDOWS\SYSTEM32\DNSAPI.dll
0x00007ffc13850000 - 0x00007ffc13858000 	C:\WINDOWS\System32\NSI.dll
0x00007ffc0e530000 - 0x00007ffc0e542000 	C:\WINDOWS\System32\winrnr.dll
0x00007ffc081a0000 - 0x00007ffc081aa000 	C:\Windows\System32\rasadhlp.dll
0x00007ffc04940000 - 0x00007ffc049c0000 	C:\WINDOWS\System32\fwpuclnt.dll
0x00007ffc131a0000 - 0x00007ffc131c7000 	C:\WINDOWS\System32\bcrypt.dll
0x00007ffc12390000 - 0x00007ffc123a8000 	C:\WINDOWS\SYSTEM32\CRYPTSP.dll
0x00007ffc11ac0000 - 0x00007ffc11af4000 	C:\WINDOWS\system32\rsaenh.dll
0x00007ffc129c0000 - 0x00007ffc129ee000 	C:\WINDOWS\SYSTEM32\USERENV.dll
0x00007ffc123b0000 - 0x00007ffc123bc000 	C:\WINDOWS\SYSTEM32\CRYPTBASE.dll
0x00007ffc04f60000 - 0x00007ffc04f77000 	C:\WINDOWS\SYSTEM32\dhcpcsvc6.DLL
0x00007ffc060e0000 - 0x00007ffc060fd000 	C:\WINDOWS\SYSTEM32\dhcpcsvc.DLL

dbghelp: loaded successfully - version: 4.0.5 - missing functions: none
symbol engine: initialized successfully - sym options: 0x614 - pdb path: .;c:\Users\lukag\.vscode\extensions\redhat.java-1.13.0-win32-x64\jre\17.0.5-win32-x86_64\bin;C:\WINDOWS\SYSTEM32;C:\WINDOWS\WinSxS\amd64_microsoft.windows.common-controls_6595b64144ccf1df_6.0.19041.1110_none_60b5254171f9507e;c:\Users\lukag\.vscode\extensions\redhat.java-1.13.0-win32-x64\jre\17.0.5-win32-x86_64\bin\server

VM Arguments:
jvm_args: -Dsts.lsp.client=vscode -Dsts.log.file=/dev/null -XX:TieredStopAtLevel=1 -Xlog:jni+resolve=off -Dspring.config.location=file:c:\Users\lukag\.vscode\extensions\pivotal.vscode-spring-boot-1.42.0\language-server\BOOT-INF\classes\application.properties 
java_command: org.springframework.ide.vscode.boot.app.BootLanguageServerBootApp
java_class_path (initial): c:\Users\lukag\.vscode\extensions\pivotal.vscode-spring-boot-1.42.0\language-server\BOOT-INF\classes;c:\Users\lukag\.vscode\extensions\pivotal.vscode-spring-boot-1.42.0\language-server\BOOT-INF\lib\annotations-23.1.0.jar;c:\Users\lukag\.vscode\extensions\pivotal.vscode-spring-boot-1.42.0\language-server\BOOT-INF\lib\ant-1.10.12.jar;c:\Users\lukag\.vscode\extensions\pivotal.vscode-spring-boot-1.42.0\language-server\BOOT-INF\lib\ant-launcher-1.10.12.jar;c:\Users\lukag\.vscode\extensions\pivotal.vscode-spring-boot-1.42.0\language-server\BOOT-INF\lib\antlr-runtime-3.5.2.jar;c:\Users\lukag\.vscode\extensions\pivotal.vscode-spring-boot-1.42.0\language-server\BOOT-INF\lib\antlr4-4.9.3.jar;c:\Users\lukag\.vscode\extensions\pivotal.vscode-spring-boot-1.42.0\language-server\BOOT-INF\lib\antlr4-runtime-4.9.3.jar;c:\Users\lukag\.vscode\extensions\pivotal.vscode-spring-boot-1.42.0\language-server\BOOT-INF\lib\apiguardian-api-1.1.2.jar;c:\Users\lukag\.vscode\extensions\pivotal.vscode-spring-boot-1.42.0\language-server\BOOT-INF\lib\asm-9.4.jar;c:\Users\lukag\.vscode\extensions\pivotal.vscode-spring-boot-1.42.0\language-server\BOOT-INF\lib\asm-analysis-9.4.jar;c:\Users\lukag\.vscode\extensions\pivotal.vscode-spring-boot-1.42.0\language-server\BOOT-INF\lib\asm-tree-9.4.jar;c:\Users\lukag\.vscode\extensions\pivotal.vscode-spring-boot-1.42.0\language-server\BOOT-INF\lib\asm-util-9.4.jar;c:\Users\lukag\.vscode\extensions\pivotal.vscode-spring-boot-1.42.0\language-server\BOOT-INF\lib\caffeine-2.9.3.jar;c:\Users\lukag\.vscode\extensions\pivotal.vscode-spring-boot-1.42.0\language-server\BOOT-INF\lib\checker-qual-3.12.0.jar;c:\Users\lukag\.vscode\extensions\pivotal.vscode-spring-boot-1.42.0\language-server\BOOT-INF\lib\ci-environment-9.1.0.jar;c:\Users\lukag\.vscode\extensions\pivotal.vscode-spring-boot-1.42.0\language-server\BOOT-INF\lib\classgraph-4.8.149.jar;c:\Users\lukag\.vscode\extensions\pivotal.vscode-spring-boot-1.42.0\language-server\BOOT-INF\lib\comm
Launcher Type: SUN_STANDARD

[Global flags]
     intx CICompilerCount                          = 3                                         {product} {ergonomic}
     uint ConcGCThreads                            = 1                                         {product} {ergonomic}
     uint G1ConcRefinementThreads                  = 4                                         {product} {ergonomic}
   size_t G1HeapRegionSize                         = 1048576                                   {product} {ergonomic}
    uintx GCDrainStackTargetSize                   = 64                                        {product} {ergonomic}
   size_t InitialHeapSize                          = 65011712                                  {product} {ergonomic}
   size_t MarkStackSize                            = 4194304                                   {product} {ergonomic}
   size_t MaxHeapSize                              = 1038090240                                {product} {ergonomic}
   size_t MaxNewSize                               = 622854144                                 {product} {ergonomic}
   size_t MinHeapDeltaBytes                        = 1048576                                   {product} {ergonomic}
   size_t MinHeapSize                              = 8388608                                   {product} {ergonomic}
    uintx NonProfiledCodeHeapSize                  = 0                                      {pd product} {ergonomic}
     bool ProfileInterpreter                       = false                                  {pd product} {command line}
    uintx ProfiledCodeHeapSize                     = 0                                      {pd product} {ergonomic}
   size_t SoftMaxHeapSize                          = 1038090240                             {manageable} {ergonomic}
     intx TieredStopAtLevel                        = 1                                         {product} {command line}
     bool UseCompressedClassPointers               = true                           {product lp64_product} {ergonomic}
     bool UseCompressedOops                        = true                           {product lp64_product} {ergonomic}
     bool UseG1GC                                  = true                                      {product} {ergonomic}
     bool UseLargePagesIndividualAllocation        = false                                  {pd product} {ergonomic}

Logging:
Log output configuration:
 #0: stdout all=warning,jni+resolve=off uptime,level,tags
 #1: stderr all=off uptime,level,tags

Environment Variables:
JAVA_HOME=C:\Program Files\Java\jdk-11.0.15
PATH=C:\Program Files\Common Files\Oracle\Java\javapath;C:\WINDOWS\system32;C:\WINDOWS;C:\WINDOWS\System32\Wbem;C:\WINDOWS\System32\WindowsPowerShell\v1.0\;C:\WINDOWS\System32\OpenSSH\;C:\Program Files\Java\jdk-11.0.15\Bin;C:\Program Files\dotnet\;C:\Program Files\Git\cmd;C:\Users\lukag\AppData\Local\Microsoft\WindowsApps;C:\Users\lukag\AppData\Local\Programs\Microsoft VS Code\bin;C:\Users\lukag\AppData\Local\GitHubDesktop\bin
USERNAME=BUDA
OS=Windows_NT
PROCESSOR_IDENTIFIER=Intel64 Family 6 Model 76 Stepping 4, GenuineIntel
TMP=C:\Users\lukag\AppData\Local\Temp
TEMP=C:\Users\lukag\AppData\Local\Temp



---------------  S Y S T E M  ---------------

OS:
 Windows 10 , 64 bit Build 19041 (10.0.19041.2364)
OS uptime: 0 days 8:19 hours

CPU: total 4 (initial active 4) (4 cores per cpu, 1 threads per core) family 6 model 76 stepping 4 microcode 0x411, cx8, cmov, fxsr, mmx, 3dnowpref, sse, sse2, sse3, ssse3, sse4.1, sse4.2, popcnt, tsc, tscinvbit, aes, erms, clmul, clflush

Memory: 4k page, system-wide physical 3956M (232M free)
TotalPageFile size 5735M (AvailPageFile size 4M)
current process WorkingSet (physical memory assigned to process): 155M, peak: 155M
current process commit charge ("private bytes"): 245M, peak: 246M

vm_info: OpenJDK 64-Bit Server VM (17.0.5+8) for windows-amd64 JRE (17.0.5+8), built on Oct 19 2022 04:48:13 by "temurin" with MS VC++ 16.7 (VS2019)

END.
