#
# There is insufficient memory for the Java Runtime Environment to continue.
# Native memory allocation (malloc) failed to allocate 1048576 bytes for AllocateHeap
# Possible reasons:
#   The system is out of physical RAM or swap space
#   The process is running with CompressedOops enabled, and the Java Heap may be blocking the growth of the native heap
# Possible solutions:
#   Reduce memory load on the system
#   Increase physical memory or swap space
#   Check if swap backing store is full
#   Decrease Java heap size (-Xmx/-Xms)
#   Decrease number of Java threads
#   Decrease Java thread stack sizes (-Xss)
#   Set larger code cache with -XX:ReservedCodeCacheSize=
#   JVM is running with Unscaled Compressed Oops mode in which the Java heap is
#     placed in the first 4GB address space. The Java Heap base address is the
#     maximum limit for the native heap growth. Please use -XX:HeapBaseMinAddress
#     to set the Java Heap base and to place the Java Heap above 4GB virtual address.
# This output file may be truncated or incomplete.
#
#  Out of Memory Error (allocation.cpp:44), pid=9900, tid=3872
#
# JRE version: OpenJDK Runtime Environment Temurin-17.0.5+8 (17.0.5+8) (build 17.0.5+8)
# Java VM: OpenJDK 64-Bit Server VM Temurin-17.0.5+8 (17.0.5+8, mixed mode, emulated-client, tiered, compressed oops, compressed class ptrs, g1 gc, windows-amd64)
# No core dump will be written. Minidumps are not enabled by default on client versions of Windows
#

---------------  S U M M A R Y ------------

Command Line: -Dsts.lsp.client=vscode -Dsts.log.file=/dev/null -XX:TieredStopAtLevel=1 -Xlog:jni+resolve=off -Dspring.config.location=file:c:\Users\lukag\.vscode\extensions\pivotal.vscode-spring-boot-1.42.0\language-server\BOOT-INF\classes\application.properties org.springframework.ide.vscode.boot.app.BootLanguageServerBootApp

Host: Intel(R) Atom(TM) x5-Z8350  CPU @ 1.44GHz, 4 cores, 3G,  Windows 10 , 64 bit Build 19041 (10.0.19041.2364)
Time: Mon Jan  2 16:17:41 2023 Hora Padrão da Bahia elapsed time: 17460.377432 seconds (0d 4h 51m 0s)

---------------  T H R E A D  ---------------

Current thread (0x000001a87e4fd7e0):  VMThread "VM Thread" [stack: 0x0000000874500000,0x0000000874600000] [id=3872]

Stack: [0x0000000874500000,0x0000000874600000]
Native frames: (J=compiled Java code, j=interpreted, Vv=VM code, C=native code)
V  [jvm.dll+0x676b3a]
V  [jvm.dll+0x831444]
V  [jvm.dll+0x832bee]
V  [jvm.dll+0x833253]
V  [jvm.dll+0x244ce5]
V  [jvm.dll+0xa631f]
V  [jvm.dll+0x2f4f03]
V  [jvm.dll+0x2f0c10]
V  [jvm.dll+0x2d92f7]
V  [jvm.dll+0x31c3b7]
V  [jvm.dll+0x8376fb]
V  [jvm.dll+0x838434]
V  [jvm.dll+0x83894c]
V  [jvm.dll+0x838d24]
V  [jvm.dll+0x838df0]
V  [jvm.dll+0x7e17ea]
V  [jvm.dll+0x6759e5]
C  [ucrtbase.dll+0x21bb2]
C  [KERNEL32.DLL+0x17614]
C  [ntdll.dll+0x526a1]

VM_Operation (0x00000008757fea60): G1CollectFull, mode: safepoint, requested by thread 0x000001a80ae23b20


---------------  P R O C E S S  ---------------

Threads class SMR info:
_java_thread_list=0x000001a80d575b00, length=27, elements={
0x000001a87fcfd740, 0x000001a87fd005c0, 0x000001a87fd2aa40, 0x000001a87fd2d6c0,
0x000001a87fd2f080, 0x000001a87fd2fa30, 0x000001a87fd30490, 0x000001a87fd31da0,
0x000001a8096ea0a0, 0x000001a8096f4190, 0x000001a80b2034c0, 0x000001a80ae23b20,
0x000001a80ae23ff0, 0x000001a87e432640, 0x000001a80b347060, 0x000001a80b4edb70,
0x000001a80b51e9c0, 0x000001a80b51f710, 0x000001a80b554220, 0x000001a80b5546f0,
0x000001a80b555560, 0x000001a80b554bc0, 0x000001a80afceb80, 0x000001a80afcf050,
0x000001a80afd33b0, 0x000001a80afd2070, 0x000001a80ac81a00
}

Java Threads: ( => current thread )
  0x000001a87fcfd740 JavaThread "Reference Handler" daemon [_thread_blocked, id=2936, stack(0x0000000874600000,0x0000000874700000)]
  0x000001a87fd005c0 JavaThread "Finalizer" daemon [_thread_blocked, id=456, stack(0x0000000874700000,0x0000000874800000)]
  0x000001a87fd2aa40 JavaThread "Signal Dispatcher" daemon [_thread_blocked, id=3008, stack(0x0000000874800000,0x0000000874900000)]
  0x000001a87fd2d6c0 JavaThread "Attach Listener" daemon [_thread_blocked, id=6572, stack(0x0000000874900000,0x0000000874a00000)]
  0x000001a87fd2f080 JavaThread "Service Thread" daemon [_thread_blocked, id=1176, stack(0x0000000874a00000,0x0000000874b00000)]
  0x000001a87fd2fa30 JavaThread "Monitor Deflation Thread" daemon [_thread_blocked, id=8124, stack(0x0000000874b00000,0x0000000874c00000)]
  0x000001a87fd30490 JavaThread "C1 CompilerThread0" daemon [_thread_blocked, id=8656, stack(0x0000000874c00000,0x0000000874d00000)]
  0x000001a87fd31da0 JavaThread "Sweeper thread" daemon [_thread_blocked, id=9464, stack(0x0000000874d00000,0x0000000874e00000)]
  0x000001a8096ea0a0 JavaThread "Notification Thread" daemon [_thread_blocked, id=2780, stack(0x0000000874e00000,0x0000000874f00000)]
  0x000001a8096f4190 JavaThread "Common-Cleaner" daemon [_thread_blocked, id=7016, stack(0x0000000875000000,0x0000000875100000)]
  0x000001a80b2034c0 JavaThread "boundedElastic-evictor-1" daemon [_thread_blocked, id=1768, stack(0x0000000875600000,0x0000000875700000)]
  0x000001a80ae23b20 JavaThread "pool-11-thread-1" [_thread_blocked, id=7376, stack(0x0000000875700000,0x0000000875800000)]
  0x000001a80ae23ff0 JavaThread "LanguageServerApp-lifecycle" [_thread_blocked, id=2016, stack(0x0000000875800000,0x0000000875900000)]
  0x000001a87e432640 JavaThread "DestroyJavaVM" [_thread_blocked, id=4680, stack(0x0000000873f00000,0x0000000874000000)]
  0x000001a80b347060 JavaThread "pool-12-thread-1" [_thread_in_native, id=6976, stack(0x0000000875900000,0x0000000875a00000)]
  0x000001a80b4edb70 JavaThread "Simple-Language-Server main thread" daemon [_thread_blocked, id=11212, stack(0x0000000875a00000,0x0000000875b00000)]
  0x000001a80b51e9c0 JavaThread "pool-8-thread-1" [_thread_blocked, id=10704, stack(0x0000000875c00000,0x0000000875d00000)]
  0x000001a80b51f710 JavaThread "parallel-1" daemon [_thread_blocked, id=4632, stack(0x0000000875d00000,0x0000000875e00000)]
  0x000001a80b554220 JavaThread "parallel-2" daemon [_thread_blocked, id=4124, stack(0x0000000875e00000,0x0000000875f00000)]
  0x000001a80b5546f0 JavaThread "parallel-3" daemon [_thread_blocked, id=7084, stack(0x0000000875f00000,0x0000000876000000)]
  0x000001a80b555560 JavaThread "parallel-4" daemon [_thread_blocked, id=3844, stack(0x0000000876000000,0x0000000876100000)]
  0x000001a80b554bc0 JavaThread "Reconciler-1" daemon [_thread_blocked, id=484, stack(0x0000000876300000,0x0000000876400000)]
  0x000001a80afceb80 JavaThread "pool-6-thread-1" [_thread_blocked, id=7300, stack(0x0000000877100000,0x0000000877200000)]
  0x000001a80afcf050 JavaThread "pool-10-thread-1" [_thread_blocked, id=4220, stack(0x0000000877200000,0x0000000877300000)]
  0x000001a80afd33b0 JavaThread "pool-10-thread-2" [_thread_blocked, id=10564, stack(0x0000000877300000,0x0000000877400000)]
  0x000001a80afd2070 JavaThread "pool-10-thread-3" [_thread_blocked, id=5768, stack(0x0000000877500000,0x0000000877600000)]
  0x000001a80ac81a00 JavaThread "pool-2-thread-243" [_thread_blocked, id=11964, stack(0x0000000873d00000,0x0000000873e00000)]

Other Threads:
=>0x000001a87e4fd7e0 VMThread "VM Thread" [stack: 0x0000000874500000,0x0000000874600000] [id=3872]
  0x000001a8096ea570 WatcherThread [stack: 0x0000000874f00000,0x0000000875000000] [id=10164]
  0x000001a87e471e80 GCTaskThread "GC Thread#0" [stack: 0x0000000874000000,0x0000000874100000] [id=9776]
  0x000001a809e48fc0 GCTaskThread "GC Thread#1" [stack: 0x0000000875200000,0x0000000875300000] [id=7536]
  0x000001a809fe05f0 GCTaskThread "GC Thread#2" [stack: 0x0000000875300000,0x0000000875400000] [id=2528]
  0x000001a80a0effb0 GCTaskThread "GC Thread#3" [stack: 0x0000000875500000,0x0000000875600000] [id=6784]
  0x000001a87e47a980 ConcurrentGCThread "G1 Main Marker" [stack: 0x0000000874100000,0x0000000874200000] [id=1424]
  0x000001a87e47b390 ConcurrentGCThread "G1 Conc#0" [stack: 0x0000000874200000,0x0000000874300000] [id=7288]
  0x000001a87e4b7fc0 ConcurrentGCThread "G1 Refine#0" [stack: 0x0000000874300000,0x0000000874400000] [id=8224]
  0x000001a80d0d10a0 ConcurrentGCThread "G1 Refine#1" [stack: 0x0000000877700000,0x0000000877800000] [id=5576]
  0x000001a80b675cf0 ConcurrentGCThread "G1 Refine#2" [stack: 0x0000000875400000,0x0000000875500000] [id=2720]
  0x000001a80ba1cb00 ConcurrentGCThread "G1 Refine#3" [stack: 0x0000000877000000,0x0000000877100000] [id=8472]
  0x000001a87e4b89e0 ConcurrentGCThread "G1 Service" [stack: 0x0000000874400000,0x0000000874500000] [id=8736]

Threads with active compile tasks:

VM state: at safepoint (normal execution)

VM Mutex/Monitor currently owned by a thread:  ([mutex/lock_event])
[0x000001a87c238530] Threads_lock - owner thread: 0x000001a87e4fd7e0
[0x000001a87e42fe70] Heap_lock - owner thread: 0x000001a80ae23b20

Heap address: 0x00000000c2200000, size: 990 MB, Compressed Oops mode: 32-bit

CDS archive(s) not mapped
Compressed class space mapped at: 0x0000000100000000-0x0000000140000000, reserved size: 1073741824
Narrow klass base: 0x0000000000000000, Narrow klass shift: 3, Narrow klass range: 0x140000000

GC Precious Log:
 CPUs: 4 total, 4 available
 Memory: 3956M
 Large Page Support: Disabled
 NUMA Support: Disabled
 Compressed Oops: Enabled (32-bit)
 Heap Region Size: 1M
 Heap Min Capacity: 8M
 Heap Initial Capacity: 62M
 Heap Max Capacity: 990M
 Pre-touch: Disabled
 Parallel Workers: 4
 Concurrent Workers: 1
 Concurrent Refinement Workers: 4
 Periodic GC: Disabled

Heap:
 garbage-first heap   total 96256K, used 27974K [0x00000000c2200000, 0x0000000100000000)
  region size 1024K, 1 young (1024K), 0 survivors (0K)
 Metaspace       used 52867K, committed 53312K, reserved 1097728K
  class space    used 7274K, committed 7488K, reserved 1048576K

Heap Regions: E=young(eden), S=young(survivor), O=old, HS=humongous(starts), HC=humongous(continues), CS=collection set, F=free, OA=open archive, CA=closed archive, TAMS=top-at-mark-start (previous, next)
|   0|0x00000000c2200000, 0x00000000c2300000, 0x00000000c2300000|100%| O|  |TAMS 0x00000000c2300000, 0x00000000c2200000| Untracked 
|   1|0x00000000c2300000, 0x00000000c23fffe8, 0x00000000c2400000| 99%| O|  |TAMS 0x00000000c23fffe8, 0x00000000c2300000| Untracked 
|   2|0x00000000c2400000, 0x00000000c2500000, 0x00000000c2500000|100%| O|  |TAMS 0x00000000c2500000, 0x00000000c2400000| Untracked 
|   3|0x00000000c2500000, 0x00000000c2600000, 0x00000000c2600000|100%| O|  |TAMS 0x00000000c2600000, 0x00000000c2500000| Untracked 
|   4|0x00000000c2600000, 0x00000000c26fffe8, 0x00000000c2700000| 99%| O|  |TAMS 0x00000000c26fffe8, 0x00000000c2600000| Untracked 
|   5|0x00000000c2700000, 0x00000000c2800000, 0x00000000c2800000|100%| O|  |TAMS 0x00000000c2800000, 0x00000000c2700000| Untracked 
|   6|0x00000000c2800000, 0x00000000c28ffff0, 0x00000000c2900000| 99%| O|  |TAMS 0x00000000c28ffff0, 0x00000000c2800000| Untracked 
|   7|0x00000000c2900000, 0x00000000c29fffc8, 0x00000000c2a00000| 99%| O|  |TAMS 0x00000000c29fffc8, 0x00000000c2900000| Untracked 
|   8|0x00000000c2a00000, 0x00000000c2b00000, 0x00000000c2b00000|100%| O|  |TAMS 0x00000000c2b00000, 0x00000000c2a00000| Untracked 
|   9|0x00000000c2b00000, 0x00000000c2bffff0, 0x00000000c2c00000| 99%| O|  |TAMS 0x00000000c2bffff0, 0x00000000c2b00000| Untracked 
|  10|0x00000000c2c00000, 0x00000000c2d00000, 0x00000000c2d00000|100%| O|  |TAMS 0x00000000c2d00000, 0x00000000c2c00000| Untracked 
|  11|0x00000000c2d00000, 0x00000000c2dfffd8, 0x00000000c2e00000| 99%| O|  |TAMS 0x00000000c2dfffd8, 0x00000000c2d00000| Untracked 
|  12|0x00000000c2e00000, 0x00000000c2effff8, 0x00000000c2f00000| 99%| O|  |TAMS 0x00000000c2effff8, 0x00000000c2e00000| Untracked 
|  13|0x00000000c2f00000, 0x00000000c2ffffd0, 0x00000000c3000000| 99%| O|  |TAMS 0x00000000c2ffffd0, 0x00000000c2f00000| Untracked 
|  14|0x00000000c3000000, 0x00000000c3100000, 0x00000000c3100000|100%| O|  |TAMS 0x00000000c3100000, 0x00000000c3000000| Untracked 
|  15|0x00000000c3100000, 0x00000000c31fffc0, 0x00000000c3200000| 99%| O|  |TAMS 0x00000000c31fffc0, 0x00000000c3100000| Untracked 
|  16|0x00000000c3200000, 0x00000000c32ffff8, 0x00000000c3300000| 99%| O|  |TAMS 0x00000000c32ffff8, 0x00000000c3200000| Untracked 
|  17|0x00000000c3300000, 0x00000000c33fffc0, 0x00000000c3400000| 99%| O|  |TAMS 0x00000000c33fffc0, 0x00000000c3300000| Untracked 
|  18|0x00000000c3400000, 0x00000000c3500000, 0x00000000c3500000|100%| O|  |TAMS 0x00000000c3500000, 0x00000000c3400000| Untracked 
|  19|0x00000000c3500000, 0x00000000c35fffe8, 0x00000000c3600000| 99%| O|  |TAMS 0x00000000c35fffe8, 0x00000000c3500000| Untracked 
|  20|0x00000000c3600000, 0x00000000c36ffff0, 0x00000000c3700000| 99%| O|  |TAMS 0x00000000c36ffff0, 0x00000000c3600000| Untracked 
|  21|0x00000000c3700000, 0x00000000c37fffd0, 0x00000000c3800000| 99%| O|  |TAMS 0x00000000c37fffd0, 0x00000000c3700000| Untracked 
|  22|0x00000000c3800000, 0x00000000c38fff88, 0x00000000c3900000| 99%| O|  |TAMS 0x00000000c38fff88, 0x00000000c3800000| Untracked 
|  23|0x00000000c3900000, 0x00000000c3951dd8, 0x00000000c3a00000| 31%| O|  |TAMS 0x00000000c3900000, 0x00000000c3900000| Untracked 
|  24|0x00000000c3a00000, 0x00000000c3a00000, 0x00000000c3b00000|  0%| F|  |TAMS 0x00000000c3a00000, 0x00000000c3a00000| Untracked 
|  25|0x00000000c3b00000, 0x00000000c3b00000, 0x00000000c3c00000|  0%| F|  |TAMS 0x00000000c3b00000, 0x00000000c3b00000| Untracked 
|  26|0x00000000c3c00000, 0x00000000c3c00000, 0x00000000c3d00000|  0%| F|  |TAMS 0x00000000c3c00000, 0x00000000c3c00000| Untracked 
|  27|0x00000000c3d00000, 0x00000000c3dfffe8, 0x00000000c3e00000| 99%| O|  |TAMS 0x00000000c3dfffe8, 0x00000000c3d00000| Untracked 
|  28|0x00000000c3e00000, 0x00000000c3e00000, 0x00000000c3f00000|  0%| F|  |TAMS 0x00000000c3e00000, 0x00000000c3e00000| Untracked 
|  29|0x00000000c3f00000, 0x00000000c3f00000, 0x00000000c4000000|  0%| F|  |TAMS 0x00000000c3f00000, 0x00000000c3f00000| Untracked 
|  30|0x00000000c4000000, 0x00000000c4000000, 0x00000000c4100000|  0%| F|  |TAMS 0x00000000c4000000, 0x00000000c4000000| Untracked 
|  31|0x00000000c4100000, 0x00000000c41fffd0, 0x00000000c4200000| 99%| O|  |TAMS 0x00000000c41fffd0, 0x00000000c4100000| Untracked 
|  32|0x00000000c4200000, 0x00000000c4300000, 0x00000000c4300000|100%| O|  |TAMS 0x00000000c4300000, 0x00000000c4200000| Untracked 
|  33|0x00000000c4300000, 0x00000000c4300000, 0x00000000c4400000|  0%| F|  |TAMS 0x00000000c4300000, 0x00000000c4300000| Untracked 
|  34|0x00000000c4400000, 0x00000000c4400000, 0x00000000c4500000|  0%| F|  |TAMS 0x00000000c4400000, 0x00000000c4400000| Untracked 
|  35|0x00000000c4500000, 0x00000000c4500000, 0x00000000c4600000|  0%| F|  |TAMS 0x00000000c4500000, 0x00000000c4500000| Untracked 
|  36|0x00000000c4600000, 0x00000000c4600000, 0x00000000c4700000|  0%| F|  |TAMS 0x00000000c4600000, 0x00000000c4600000| Untracked 
|  37|0x00000000c4700000, 0x00000000c4700000, 0x00000000c4800000|  0%| F|  |TAMS 0x00000000c4700000, 0x00000000c4700000| Untracked 
|  38|0x00000000c4800000, 0x00000000c4800000, 0x00000000c4900000|  0%| F|  |TAMS 0x00000000c4800000, 0x00000000c4800000| Untracked 
|  39|0x00000000c4900000, 0x00000000c4900000, 0x00000000c4a00000|  0%| F|  |TAMS 0x00000000c4900000, 0x00000000c4900000| Untracked 
|  40|0x00000000c4a00000, 0x00000000c4a00000, 0x00000000c4b00000|  0%| F|  |TAMS 0x00000000c4a00000, 0x00000000c4a00000| Untracked 
|  41|0x00000000c4b00000, 0x00000000c4bffff8, 0x00000000c4c00000| 99%| O|  |TAMS 0x00000000c4bffff8, 0x00000000c4b00000| Untracked 
|  42|0x00000000c4c00000, 0x00000000c4c00000, 0x00000000c4d00000|  0%| F|  |TAMS 0x00000000c4c00000, 0x00000000c4c00000| Untracked 
|  43|0x00000000c4d00000, 0x00000000c4d00000, 0x00000000c4e00000|  0%| F|  |TAMS 0x00000000c4d00000, 0x00000000c4d00000| Untracked 
|  44|0x00000000c4e00000, 0x00000000c4e00000, 0x00000000c4f00000|  0%| F|  |TAMS 0x00000000c4e00000, 0x00000000c4e00000| Untracked 
|  45|0x00000000c4f00000, 0x00000000c4f00000, 0x00000000c5000000|  0%| F|  |TAMS 0x00000000c4f00000, 0x00000000c4f00000| Untracked 
|  46|0x00000000c5000000, 0x00000000c5000000, 0x00000000c5100000|  0%| F|  |TAMS 0x00000000c5000000, 0x00000000c5000000| Untracked 
|  47|0x00000000c5100000, 0x00000000c5100000, 0x00000000c5200000|  0%| F|  |TAMS 0x00000000c5100000, 0x00000000c5100000| Untracked 
|  48|0x00000000c5200000, 0x00000000c5200000, 0x00000000c5300000|  0%| F|  |TAMS 0x00000000c5200000, 0x00000000c5200000| Untracked 
|  49|0x00000000c5300000, 0x00000000c5300000, 0x00000000c5400000|  0%| F|  |TAMS 0x00000000c5300000, 0x00000000c5300000| Untracked 
|  50|0x00000000c5400000, 0x00000000c5400000, 0x00000000c5500000|  0%| F|  |TAMS 0x00000000c5400000, 0x00000000c5400000| Untracked 
|  51|0x00000000c5500000, 0x00000000c5500000, 0x00000000c5600000|  0%| F|  |TAMS 0x00000000c5500000, 0x00000000c5500000| Untracked 
|  52|0x00000000c5600000, 0x00000000c5600000, 0x00000000c5700000|  0%| F|  |TAMS 0x00000000c5600000, 0x00000000c5600000| Untracked 
|  53|0x00000000c5700000, 0x00000000c5700000, 0x00000000c5800000|  0%| F|  |TAMS 0x00000000c5700000, 0x00000000c5700000| Untracked 
|  54|0x00000000c5800000, 0x00000000c5800000, 0x00000000c5900000|  0%| F|  |TAMS 0x00000000c5800000, 0x00000000c5800000| Untracked 
|  55|0x00000000c5900000, 0x00000000c5900000, 0x00000000c5a00000|  0%| F|  |TAMS 0x00000000c5900000, 0x00000000c5900000| Untracked 
|  56|0x00000000c5a00000, 0x00000000c5a00000, 0x00000000c5b00000|  0%| F|  |TAMS 0x00000000c5a00000, 0x00000000c5a00000| Untracked 
|  57|0x00000000c5b00000, 0x00000000c5b00000, 0x00000000c5c00000|  0%| F|  |TAMS 0x00000000c5b00000, 0x00000000c5b00000| Untracked 
|  58|0x00000000c5c00000, 0x00000000c5c00000, 0x00000000c5d00000|  0%| F|  |TAMS 0x00000000c5c00000, 0x00000000c5c00000| Untracked 
|  59|0x00000000c5d00000, 0x00000000c5d00000, 0x00000000c5e00000|  0%| F|  |TAMS 0x00000000c5d00000, 0x00000000c5d00000| Untracked 
|  60|0x00000000c5e00000, 0x00000000c5e00000, 0x00000000c5f00000|  0%| F|  |TAMS 0x00000000c5e00000, 0x00000000c5e00000| Untracked 
|  61|0x00000000c5f00000, 0x00000000c5f00000, 0x00000000c6000000|  0%| F|  |TAMS 0x00000000c5f00000, 0x00000000c5f00000| Untracked 
|  62|0x00000000c6000000, 0x00000000c6000000, 0x00000000c6100000|  0%| F|  |TAMS 0x00000000c6000000, 0x00000000c6000000| Untracked 
|  63|0x00000000c6100000, 0x00000000c6100000, 0x00000000c6200000|  0%| F|  |TAMS 0x00000000c6100000, 0x00000000c6100000| Untracked 
|  64|0x00000000c6200000, 0x00000000c6200000, 0x00000000c6300000|  0%| F|  |TAMS 0x00000000c6200000, 0x00000000c6200000| Untracked 
|  65|0x00000000c6300000, 0x00000000c6300000, 0x00000000c6400000|  0%| F|  |TAMS 0x00000000c6300000, 0x00000000c6300000| Untracked 
|  66|0x00000000c6400000, 0x00000000c6400000, 0x00000000c6500000|  0%| F|  |TAMS 0x00000000c6400000, 0x00000000c6400000| Untracked 
|  67|0x00000000c6500000, 0x00000000c6500000, 0x00000000c6600000|  0%| F|  |TAMS 0x00000000c6500000, 0x00000000c6500000| Untracked 
|  68|0x00000000c6600000, 0x00000000c6600000, 0x00000000c6700000|  0%| F|  |TAMS 0x00000000c6600000, 0x00000000c6600000| Untracked 
|  69|0x00000000c6700000, 0x00000000c6700000, 0x00000000c6800000|  0%| F|  |TAMS 0x00000000c6700000, 0x00000000c6700000| Untracked 
|  70|0x00000000c6800000, 0x00000000c6800000, 0x00000000c6900000|  0%| F|  |TAMS 0x00000000c6800000, 0x00000000c6800000| Untracked 
|  71|0x00000000c6900000, 0x00000000c6900000, 0x00000000c6a00000|  0%| F|  |TAMS 0x00000000c6900000, 0x00000000c6900000| Untracked 
|  72|0x00000000c6a00000, 0x00000000c6a00000, 0x00000000c6b00000|  0%| F|  |TAMS 0x00000000c6a00000, 0x00000000c6a00000| Untracked 
|  73|0x00000000c6b00000, 0x00000000c6b00000, 0x00000000c6c00000|  0%| F|  |TAMS 0x00000000c6b00000, 0x00000000c6b00000| Untracked 
|  74|0x00000000c6c00000, 0x00000000c6c00000, 0x00000000c6d00000|  0%| F|  |TAMS 0x00000000c6c00000, 0x00000000c6c00000| Untracked 
|  75|0x00000000c6d00000, 0x00000000c6d00000, 0x00000000c6e00000|  0%| F|  |TAMS 0x00000000c6d00000, 0x00000000c6d00000| Untracked 
|  76|0x00000000c6e00000, 0x00000000c6e00000, 0x00000000c6f00000|  0%| F|  |TAMS 0x00000000c6e00000, 0x00000000c6e00000| Untracked 
|  77|0x00000000c6f00000, 0x00000000c6f00000, 0x00000000c7000000|  0%| F|  |TAMS 0x00000000c6f00000, 0x00000000c6f00000| Untracked 
|  78|0x00000000c7000000, 0x00000000c7000000, 0x00000000c7100000|  0%| F|  |TAMS 0x00000000c7000000, 0x00000000c7000000| Untracked 
|  79|0x00000000c7100000, 0x00000000c7100000, 0x00000000c7200000|  0%| F|  |TAMS 0x00000000c7100000, 0x00000000c7100000| Untracked 
|  80|0x00000000c7200000, 0x00000000c7200000, 0x00000000c7300000|  0%| F|  |TAMS 0x00000000c7200000, 0x00000000c7200000| Untracked 
|  81|0x00000000c7300000, 0x00000000c7300000, 0x00000000c7400000|  0%| F|  |TAMS 0x00000000c7300000, 0x00000000c7300000| Untracked 
|  82|0x00000000c7400000, 0x00000000c7400000, 0x00000000c7500000|  0%| F|  |TAMS 0x00000000c7400000, 0x00000000c7400000| Untracked 
|  83|0x00000000c7500000, 0x00000000c7500000, 0x00000000c7600000|  0%| F|  |TAMS 0x00000000c7500000, 0x00000000c7500000| Untracked 
|  84|0x00000000c7600000, 0x00000000c7600000, 0x00000000c7700000|  0%| F|  |TAMS 0x00000000c7600000, 0x00000000c7600000| Untracked 
|  85|0x00000000c7700000, 0x00000000c7700000, 0x00000000c7800000|  0%| F|  |TAMS 0x00000000c7700000, 0x00000000c7700000| Untracked 
|  86|0x00000000c7800000, 0x00000000c7800000, 0x00000000c7900000|  0%| F|  |TAMS 0x00000000c7800000, 0x00000000c7800000| Untracked 
|  87|0x00000000c7900000, 0x00000000c7900000, 0x00000000c7a00000|  0%| F|  |TAMS 0x00000000c7900000, 0x00000000c7900000| Untracked 
|  88|0x00000000c7a00000, 0x00000000c7a00000, 0x00000000c7b00000|  0%| F|  |TAMS 0x00000000c7a00000, 0x00000000c7a00000| Untracked 
|  89|0x00000000c7b00000, 0x00000000c7b00000, 0x00000000c7c00000|  0%| F|  |TAMS 0x00000000c7b00000, 0x00000000c7b00000| Untracked 
|  90|0x00000000c7c00000, 0x00000000c7c00000, 0x00000000c7d00000|  0%| F|  |TAMS 0x00000000c7c00000, 0x00000000c7c00000| Untracked 
|  91|0x00000000c7d00000, 0x00000000c7d00000, 0x00000000c7e00000|  0%| F|  |TAMS 0x00000000c7d00000, 0x00000000c7d00000| Untracked 
|  92|0x00000000c7e00000, 0x00000000c7e00000, 0x00000000c7f00000|  0%| F|  |TAMS 0x00000000c7e00000, 0x00000000c7e00000| Untracked 
|  93|0x00000000c7f00000, 0x00000000c7f058a8, 0x00000000c8000000|  2%| E|  |TAMS 0x00000000c7f00000, 0x00000000c7f00000| Complete 

Card table byte_map: [0x000001a87e500000,0x000001a87e6f0000] _byte_map_base: 0x000001a87deef000

Marking Bits (Prev, Next): (CMBitMap*) 0x000001a87e4724d0, (CMBitMap*) 0x000001a87e472490
 Prev Bits: [0x000001a805bc0000, 0x000001a806b38000)
 Next Bits: [0x000001a87e8e0000, 0x000001a87f858000)

Polling page: 0x000001a87dc00000

Metaspace:

Usage:
  Non-class:     44.52 MB used.
      Class:      7.10 MB used.
       Both:     51.63 MB used.

Virtual space:
  Non-class space:       48.00 MB reserved,      44.75 MB ( 93%) committed,  6 nodes.
      Class space:        1.00 GB reserved,       7.31 MB ( <1%) committed,  1 nodes.
             Both:        1.05 GB reserved,      52.06 MB (  5%) committed. 

Chunk freelists:
   Non-Class:  2.78 MB
       Class:  553.00 KB
        Both:  3.32 MB

MaxMetaspaceSize: unlimited
CompressedClassSpaceSize: 1.00 GB
Initial GC threshold: 21.00 MB
Current GC threshold: 86.56 MB
CDS: off
MetaspaceReclaimPolicy: balanced
 - commit_granule_bytes: 65536.
 - commit_granule_words: 8192.
 - virtual_space_node_default_size: 1048576.
 - enlarge_chunks_in_place: 1.
 - new_chunks_are_fully_committed: 0.
 - uncommit_free_chunks: 1.
 - use_allocation_guard: 0.
 - handle_deallocations: 1.


Internal statistics:

num_allocs_failed_limit: 8.
num_arena_births: 532.
num_arena_deaths: 134.
num_vsnodes_births: 7.
num_vsnodes_deaths: 0.
num_space_committed: 833.
num_space_uncommitted: 0.
num_chunks_returned_to_freelist: 163.
num_chunks_taken_from_freelist: 2228.
num_chunk_merges: 57.
num_chunk_splits: 1551.
num_chunks_enlarged: 1211.
num_purges: 14.
num_inconsistent_stats: 0.

CodeCache: size=49152Kb used=13704Kb max_used=14632Kb free=35447Kb
 bounds [0x000001a802bc0000, 0x000001a803a60000, 0x000001a805bc0000]
 total_blobs=8072 nmethods=7496 adapters=503
 compilation: enabled
              stopped_count=0, restarted_count=0
 full_count=0

Compilation events (20 events):
Event: 15476.136 Thread 0x000001a87fd30490 7503   !   1       jdk.internal.reflect.GeneratedMethodAccessor40::invoke (68 bytes)
Event: 15476.139 Thread 0x000001a87fd30490 nmethod 7503 0x000001a8038d6c10 code [0x000001a8038d6e40, 0x000001a8038d7418]
Event: 15528.618 Thread 0x000001a87fd30490 7504   !   1       java.util.concurrent.ThreadPoolExecutor::processWorkerExit (138 bytes)
Event: 15528.625 Thread 0x000001a87fd30490 nmethod 7504 0x000001a8038d6110 code [0x000001a8038d6340, 0x000001a8038d6808]
Event: 15561.337 Thread 0x000001a87fd30490 7505       1       org.springframework.ide.vscode.commons.languageserver.config.LanguageServerProperties::getHoverTimeout (5 bytes)
Event: 15561.337 Thread 0x000001a87fd30490 nmethod 7505 0x000001a8038d5e10 code [0x000001a8038d5fa0, 0x000001a8038d6078]
Event: 15561.337 Thread 0x000001a87fd30490 7506       1       org.springframework.ide.vscode.boot.java.BootJavaLanguageServerComponents::getHoverProvider (5 bytes)
Event: 15561.340 Thread 0x000001a87fd30490 nmethod 7506 0x000001a8038d5b10 code [0x000001a8038d5ca0, 0x000001a8038d5d78]
Event: 15586.940 Thread 0x000001a87fd30490 7507       1       org.eclipse.lsp4j.Hover::getContents (5 bytes)
Event: 15586.941 Thread 0x000001a87fd30490 nmethod 7507 0x000001a8038d5810 code [0x000001a8038d59a0, 0x000001a8038d5a78]
Event: 15586.941 Thread 0x000001a87fd30490 7508       1       org.eclipse.lsp4j.Hover::getRange (5 bytes)
Event: 15586.941 Thread 0x000001a87fd30490 nmethod 7508 0x000001a8038d5510 code [0x000001a8038d56a0, 0x000001a8038d5778]
Event: 15675.517 Thread 0x000001a87fd30490 7509       1       java.net.URI::toUpper (19 bytes)
Event: 15675.517 Thread 0x000001a87fd30490 nmethod 7509 0x000001a8038d5210 code [0x000001a8038d53a0, 0x000001a8038d5498]
Event: 15676.347 Thread 0x000001a87fd30490 7510       1       java.util.concurrent.SynchronousQueue$TransferStack$SNode::casNext (26 bytes)
Event: 15676.349 Thread 0x000001a87fd30490 nmethod 7510 0x000001a8038d4990 code [0x000001a8038d4b80, 0x000001a8038d5018]
Event: 15736.718 Thread 0x000001a87fd30490 7511       1       java.net.URI$Parser::scanEscape (115 bytes)
Event: 15736.730 Thread 0x000001a87fd30490 nmethod 7511 0x000001a8038d3d10 code [0x000001a8038d3f40, 0x000001a8038d4568]
Event: 15796.850 Thread 0x000001a87fd30490 7512       1       java.util.concurrent.SynchronousQueue$TransferStack::clean (114 bytes)
Event: 15796.858 Thread 0x000001a87fd30490 nmethod 7512 0x000001a8038d2710 code [0x000001a8038d29c0, 0x000001a8038d3678]

GC Heap History (20 events):
Event: 16443.076 GC heap before
{Heap before GC invocations=1142 (full 980):
 garbage-first heap   total 96256K, used 81355K [0x00000000c2200000, 0x0000000100000000)
  region size 1024K, 53 young (54272K), 1 survivors (1024K)
 Metaspace       used 52867K, committed 53312K, reserved 1097728K
  class space    used 7274K, committed 7488K, reserved 1048576K
}
Event: 16443.081 GC heap after
{Heap after GC invocations=1143 (full 980):
 garbage-first heap   total 96256K, used 28109K [0x00000000c2200000, 0x0000000100000000)
  region size 1024K, 1 young (1024K), 1 survivors (1024K)
 Metaspace       used 52867K, committed 53312K, reserved 1097728K
  class space    used 7274K, committed 7488K, reserved 1048576K
}
Event: 16479.559 GC heap before
{Heap before GC invocations=1143 (full 980):
 garbage-first heap   total 96256K, used 81357K [0x00000000c2200000, 0x0000000100000000)
  region size 1024K, 53 young (54272K), 1 survivors (1024K)
 Metaspace       used 52867K, committed 53312K, reserved 1097728K
  class space    used 7274K, committed 7488K, reserved 1048576K
}
Event: 16479.564 GC heap after
{Heap after GC invocations=1144 (full 980):
 garbage-first heap   total 96256K, used 28109K [0x00000000c2200000, 0x0000000100000000)
  region size 1024K, 1 young (1024K), 1 survivors (1024K)
 Metaspace       used 52867K, committed 53312K, reserved 1097728K
  class space    used 7274K, committed 7488K, reserved 1048576K
}
Event: 16520.852 GC heap before
{Heap before GC invocations=1144 (full 980):
 garbage-first heap   total 96256K, used 81357K [0x00000000c2200000, 0x0000000100000000)
  region size 1024K, 53 young (54272K), 1 survivors (1024K)
 Metaspace       used 52867K, committed 53312K, reserved 1097728K
  class space    used 7274K, committed 7488K, reserved 1048576K
}
Event: 16520.855 GC heap after
{Heap after GC invocations=1145 (full 980):
 garbage-first heap   total 96256K, used 28107K [0x00000000c2200000, 0x0000000100000000)
  region size 1024K, 1 young (1024K), 1 survivors (1024K)
 Metaspace       used 52867K, committed 53312K, reserved 1097728K
  class space    used 7274K, committed 7488K, reserved 1048576K
}
Event: 16569.024 GC heap before
{Heap before GC invocations=1145 (full 980):
 garbage-first heap   total 96256K, used 81355K [0x00000000c2200000, 0x0000000100000000)
  region size 1024K, 53 young (54272K), 1 survivors (1024K)
 Metaspace       used 52867K, committed 53312K, reserved 1097728K
  class space    used 7274K, committed 7488K, reserved 1048576K
}
Event: 16569.029 GC heap after
{Heap after GC invocations=1146 (full 980):
 garbage-first heap   total 96256K, used 28103K [0x00000000c2200000, 0x0000000100000000)
  region size 1024K, 1 young (1024K), 1 survivors (1024K)
 Metaspace       used 52867K, committed 53312K, reserved 1097728K
  class space    used 7274K, committed 7488K, reserved 1048576K
}
Event: 16626.276 GC heap before
{Heap before GC invocations=1146 (full 980):
 garbage-first heap   total 96256K, used 81351K [0x00000000c2200000, 0x0000000100000000)
  region size 1024K, 53 young (54272K), 1 survivors (1024K)
 Metaspace       used 52867K, committed 53312K, reserved 1097728K
  class space    used 7274K, committed 7488K, reserved 1048576K
}
Event: 16626.279 GC heap after
{Heap after GC invocations=1147 (full 980):
 garbage-first heap   total 96256K, used 28107K [0x00000000c2200000, 0x0000000100000000)
  region size 1024K, 1 young (1024K), 1 survivors (1024K)
 Metaspace       used 52867K, committed 53312K, reserved 1097728K
  class space    used 7274K, committed 7488K, reserved 1048576K
}
Event: 16693.856 GC heap before
{Heap before GC invocations=1147 (full 980):
 garbage-first heap   total 96256K, used 81355K [0x00000000c2200000, 0x0000000100000000)
  region size 1024K, 53 young (54272K), 1 survivors (1024K)
 Metaspace       used 52867K, committed 53312K, reserved 1097728K
  class space    used 7274K, committed 7488K, reserved 1048576K
}
Event: 16693.860 GC heap after
{Heap after GC invocations=1148 (full 980):
 garbage-first heap   total 96256K, used 28114K [0x00000000c2200000, 0x0000000100000000)
  region size 1024K, 1 young (1024K), 1 survivors (1024K)
 Metaspace       used 52867K, committed 53312K, reserved 1097728K
  class space    used 7274K, committed 7488K, reserved 1048576K
}
Event: 16781.149 GC heap before
{Heap before GC invocations=1148 (full 980):
 garbage-first heap   total 96256K, used 81362K [0x00000000c2200000, 0x0000000100000000)
  region size 1024K, 53 young (54272K), 1 survivors (1024K)
 Metaspace       used 52867K, committed 53312K, reserved 1097728K
  class space    used 7274K, committed 7488K, reserved 1048576K
}
Event: 16781.153 GC heap after
{Heap after GC invocations=1149 (full 980):
 garbage-first heap   total 96256K, used 28121K [0x00000000c2200000, 0x0000000100000000)
  region size 1024K, 1 young (1024K), 1 survivors (1024K)
 Metaspace       used 52867K, committed 53312K, reserved 1097728K
  class space    used 7274K, committed 7488K, reserved 1048576K
}
Event: 17026.546 GC heap before
{Heap before GC invocations=1149 (full 980):
 garbage-first heap   total 96256K, used 81369K [0x00000000c2200000, 0x0000000100000000)
  region size 1024K, 53 young (54272K), 1 survivors (1024K)
 Metaspace       used 52867K, committed 53312K, reserved 1097728K
  class space    used 7274K, committed 7488K, reserved 1048576K
}
Event: 17026.552 GC heap after
{Heap after GC invocations=1150 (full 980):
 garbage-first heap   total 96256K, used 28119K [0x00000000c2200000, 0x0000000100000000)
  region size 1024K, 1 young (1024K), 1 survivors (1024K)
 Metaspace       used 52867K, committed 53312K, reserved 1097728K
  class space    used 7274K, committed 7488K, reserved 1048576K
}
Event: 17437.947 GC heap before
{Heap before GC invocations=1150 (full 980):
 garbage-first heap   total 96256K, used 48599K [0x00000000c2200000, 0x0000000100000000)
  region size 1024K, 22 young (22528K), 1 survivors (1024K)
 Metaspace       used 52867K, committed 53312K, reserved 1097728K
  class space    used 7274K, committed 7488K, reserved 1048576K
}
Event: 17439.293 GC heap after
{Heap after GC invocations=1151 (full 981):
 garbage-first heap   total 96256K, used 27974K [0x00000000c2200000, 0x0000000100000000)
  region size 1024K, 0 young (0K), 0 survivors (0K)
 Metaspace       used 52867K, committed 53312K, reserved 1097728K
  class space    used 7274K, committed 7488K, reserved 1048576K
}
Event: 17449.760 GC heap before
{Heap before GC invocations=1151 (full 981):
 garbage-first heap   total 96256K, used 27974K [0x00000000c2200000, 0x0000000100000000)
  region size 1024K, 1 young (1024K), 0 survivors (0K)
 Metaspace       used 52867K, committed 53312K, reserved 1097728K
  class space    used 7274K, committed 7488K, reserved 1048576K
}
Event: 17449.911 GC heap after
{Heap after GC invocations=1152 (full 982):
 garbage-first heap   total 96256K, used 27974K [0x00000000c2200000, 0x0000000100000000)
  region size 1024K, 0 young (0K), 0 survivors (0K)
 Metaspace       used 52867K, committed 53312K, reserved 1097728K
  class space    used 7274K, committed 7488K, reserved 1048576K
}

Dll operation events (8 events):
Event: 0.117 Loaded shared library c:\Users\lukag\.vscode\extensions\redhat.java-1.13.0-win32-x64\jre\17.0.5-win32-x86_64\bin\java.dll
Event: 2.763 Loaded shared library C:\Users\lukag\.vscode\extensions\redhat.java-1.13.0-win32-x64\jre\17.0.5-win32-x86_64\bin\net.dll
Event: 2.777 Loaded shared library C:\Users\lukag\.vscode\extensions\redhat.java-1.13.0-win32-x64\jre\17.0.5-win32-x86_64\bin\nio.dll
Event: 3.059 Loaded shared library C:\Users\lukag\.vscode\extensions\redhat.java-1.13.0-win32-x64\jre\17.0.5-win32-x86_64\bin\zip.dll
Event: 4.323 Loaded shared library c:\Users\lukag\.vscode\extensions\redhat.java-1.13.0-win32-x64\jre\17.0.5-win32-x86_64\bin\verify.dll
Event: 4.394 Loaded shared library C:\Users\lukag\.vscode\extensions\redhat.java-1.13.0-win32-x64\jre\17.0.5-win32-x86_64\bin\jimage.dll
Event: 11.290 Loaded shared library C:\Users\lukag\.vscode\extensions\redhat.java-1.13.0-win32-x64\jre\17.0.5-win32-x86_64\bin\management.dll
Event: 11.302 Loaded shared library C:\Users\lukag\.vscode\extensions\redhat.java-1.13.0-win32-x64\jre\17.0.5-win32-x86_64\bin\management_ext.dll

Deoptimization events (20 events):
Event: 21.071 Thread 0x000001a80b4edb70 DEOPT PACKING pc=0x000001a8032bdc35 sp=0x0000000875afdd10
Event: 21.071 Thread 0x000001a80b4edb70 DEOPT UNPACKING pc=0x000001a802c12b24 sp=0x0000000875afd238 mode 3
Event: 21.744 Thread 0x000001a80b4edb70 DEOPT PACKING pc=0x000001a803093281 sp=0x0000000875afe1e0
Event: 21.744 Thread 0x000001a80b4edb70 DEOPT UNPACKING pc=0x000001a802c12b24 sp=0x0000000875afd670 mode 3
Event: 21.744 Thread 0x000001a80b51f710 DEOPT PACKING pc=0x000001a803091b97 sp=0x0000000875dff260
Event: 21.744 Thread 0x000001a80b51f710 DEOPT UNPACKING pc=0x000001a802c12b24 sp=0x0000000875dfe6b8 mode 3
Event: 21.782 Thread 0x000001a80b555a30 DEOPT PACKING pc=0x000001a8032e242b sp=0x00000008761fe6f0
Event: 21.782 Thread 0x000001a80b555a30 DEOPT UNPACKING pc=0x000001a802c12b24 sp=0x00000008761fdc38 mode 3
Event: 51.748 Thread 0x000001a80b555a30 DEOPT PACKING pc=0x000001a803075c52 sp=0x00000008761fdb20
Event: 51.748 Thread 0x000001a80b555a30 DEOPT UNPACKING pc=0x000001a802c12b24 sp=0x00000008761fd028 mode 3
Event: 54.806 Thread 0x000001a80b555a30 DEOPT PACKING pc=0x000001a8037b02f4 sp=0x00000008761fe2a0
Event: 54.806 Thread 0x000001a80b555a30 DEOPT UNPACKING pc=0x000001a802c12b24 sp=0x00000008761fd798 mode 0
Event: 54.806 Thread 0x000001a80b555a30 DEOPT PACKING pc=0x000001a803778af4 sp=0x00000008761fe370
Event: 54.806 Thread 0x000001a80b555a30 DEOPT UNPACKING pc=0x000001a802c12b24 sp=0x00000008761fd848 mode 0
Event: 54.806 Thread 0x000001a80b555a30 DEOPT PACKING pc=0x000001a803774e24 sp=0x00000008761fe420
Event: 54.806 Thread 0x000001a80b555a30 DEOPT UNPACKING pc=0x000001a802c12b24 sp=0x00000008761fd9a0 mode 0
Event: 54.809 Thread 0x000001a80b555a30 DEOPT PACKING pc=0x000001a8037c76ac sp=0x00000008761fe720
Event: 54.810 Thread 0x000001a80b555a30 DEOPT UNPACKING pc=0x000001a802c12b24 sp=0x00000008761fdbb0 mode 0
Event: 1228.843 Thread 0x000001a80b347060 DEOPT PACKING pc=0x000001a8031cd354 sp=0x00000008759ff070
Event: 1228.843 Thread 0x000001a80b347060 DEOPT UNPACKING pc=0x000001a802c12b24 sp=0x00000008759fe518 mode 0

Classes unloaded (20 events):
Event: 143.363 Thread 0x000001a87e4fd7e0 Unloading class 0x0000000100729800 'jdk/internal/reflect/GeneratedConstructorAccessor24'
Event: 143.363 Thread 0x000001a87e4fd7e0 Unloading class 0x0000000100729400 'jdk/internal/reflect/GeneratedConstructorAccessor23'
Event: 143.363 Thread 0x000001a87e4fd7e0 Unloading class 0x0000000100729000 'jdk/internal/reflect/GeneratedConstructorAccessor22'
Event: 143.363 Thread 0x000001a87e4fd7e0 Unloading class 0x0000000100728c00 'jdk/internal/reflect/GeneratedConstructorAccessor21'
Event: 143.363 Thread 0x000001a87e4fd7e0 Unloading class 0x0000000100728800 'jdk/internal/reflect/GeneratedConstructorAccessor20'
Event: 143.363 Thread 0x000001a87e4fd7e0 Unloading class 0x0000000100728400 'jdk/internal/reflect/GeneratedConstructorAccessor19'
Event: 143.363 Thread 0x000001a87e4fd7e0 Unloading class 0x00000001004fd400 'java/lang/invoke/LambdaForm$MH+0x00000001004fd400'
Event: 143.363 Thread 0x000001a87e4fd7e0 Unloading class 0x00000001004fd000 'java/lang/invoke/LambdaForm$MH+0x00000001004fd000'
Event: 143.363 Thread 0x000001a87e4fd7e0 Unloading class 0x00000001004fcc00 'java/lang/invoke/LambdaForm$MH+0x00000001004fcc00'
Event: 143.363 Thread 0x000001a87e4fd7e0 Unloading class 0x00000001004fc800 'java/lang/invoke/LambdaForm$MH+0x00000001004fc800'
Event: 143.363 Thread 0x000001a87e4fd7e0 Unloading class 0x00000001004fc400 'java/lang/invoke/LambdaForm$MH+0x00000001004fc400'
Event: 143.363 Thread 0x000001a87e4fd7e0 Unloading class 0x00000001004fc000 'java/lang/invoke/LambdaForm$MH+0x00000001004fc000'
Event: 143.363 Thread 0x000001a87e4fd7e0 Unloading class 0x000000010034d000 'java/lang/invoke/LambdaForm$MH+0x000000010034d000'
Event: 3543.771 Thread 0x000001a87e4fd7e0 Unloading class 0x000000010020b800 'java/lang/invoke/LambdaForm$MH+0x000000010020b800'
Event: 3543.772 Thread 0x000001a87e4fd7e0 Unloading class 0x00000001000d1000 'java/lang/invoke/LambdaForm$MH+0x00000001000d1000'
Event: 3543.772 Thread 0x000001a87e4fd7e0 Unloading class 0x00000001000d2000 'java/lang/invoke/LambdaForm$MH+0x00000001000d2000'
Event: 3543.772 Thread 0x000001a87e4fd7e0 Unloading class 0x00000001000d2800 'java/lang/invoke/LambdaForm$MH+0x00000001000d2800'
Event: 3543.772 Thread 0x000001a87e4fd7e0 Unloading class 0x00000001006e8000 'java/lang/invoke/LambdaForm$MH+0x00000001006e8000'
Event: 3543.772 Thread 0x000001a87e4fd7e0 Unloading class 0x0000000100728400 'java/lang/invoke/LambdaForm$MH+0x0000000100728400'
Event: 3543.772 Thread 0x000001a87e4fd7e0 Unloading class 0x0000000100734400 'java/lang/invoke/LambdaForm$MH+0x0000000100734400'

Classes redefined (0 events):
No events

Internal exceptions (20 events):
Event: 50.323 Thread 0x000001a80afcd840 Exception <a 'sun/nio/fs/WindowsException'{0x00000000df007fc8}> (0x00000000df007fc8) 
thrown [s\src\hotspot\share\prims\jni.cpp, line 516]
Event: 50.324 Thread 0x000001a80afcd840 Exception <a 'sun/nio/fs/WindowsException'{0x00000000df0089c8}> (0x00000000df0089c8) 
thrown [s\src\hotspot\share\prims\jni.cpp, line 516]
Event: 50.324 Thread 0x000001a80afcd840 Exception <a 'sun/nio/fs/WindowsException'{0x00000000df008d78}> (0x00000000df008d78) 
thrown [s\src\hotspot\share\prims\jni.cpp, line 516]
Event: 50.324 Thread 0x000001a80afcd840 Exception <a 'sun/nio/fs/WindowsException'{0x00000000df009778}> (0x00000000df009778) 
thrown [s\src\hotspot\share\prims\jni.cpp, line 516]
Event: 50.325 Thread 0x000001a80afcd840 Exception <a 'sun/nio/fs/WindowsException'{0x00000000df009b38}> (0x00000000df009b38) 
thrown [s\src\hotspot\share\prims\jni.cpp, line 516]
Event: 50.325 Thread 0x000001a80afcd840 Exception <a 'sun/nio/fs/WindowsException'{0x00000000df00a560}> (0x00000000df00a560) 
thrown [s\src\hotspot\share\prims\jni.cpp, line 516]
Event: 50.325 Thread 0x000001a80afcd840 Exception <a 'sun/nio/fs/WindowsException'{0x00000000df00a940}> (0x00000000df00a940) 
thrown [s\src\hotspot\share\prims\jni.cpp, line 516]
Event: 50.326 Thread 0x000001a80afcd840 Exception <a 'sun/nio/fs/WindowsException'{0x00000000df00b378}> (0x00000000df00b378) 
thrown [s\src\hotspot\share\prims\jni.cpp, line 516]
Event: 50.326 Thread 0x000001a80afcd840 Exception <a 'sun/nio/fs/WindowsException'{0x00000000df00b768}> (0x00000000df00b768) 
thrown [s\src\hotspot\share\prims\jni.cpp, line 516]
Event: 50.326 Thread 0x000001a80afcd840 Exception <a 'sun/nio/fs/WindowsException'{0x00000000df00c190}> (0x00000000df00c190) 
thrown [s\src\hotspot\share\prims\jni.cpp, line 516]
Event: 50.326 Thread 0x000001a80afcd840 Exception <a 'sun/nio/fs/WindowsException'{0x00000000df00c580}> (0x00000000df00c580) 
thrown [s\src\hotspot\share\prims\jni.cpp, line 516]
Event: 50.876 Thread 0x000001a80b555a30 Exception <a 'java/lang/NoSuchMethodError'{0x00000000dbd87ec8}: 'void java.lang.invoke.DirectMethodHandle$Holder.invokeStatic(java.lang.Object, java.lang.Object, java.lang.Object, java.lang.Object, java.lang.Object, java.lang.Object, java.lang.Object)'> (0x00000000dbd87ec8) 
thrown [s\src\hotspot\share\interpreter\linkResolver.cpp, line 759]
Event: 89.852 Thread 0x000001a80ae23b20 Exception <a 'java/lang/NoSuchMethodError'{0x00000000e43ce1c0}: 'void java.lang.invoke.DirectMethodHandle$Holder.invokeStatic(java.lang.Object, long)'> (0x00000000e43ce1c0) 
thrown [s\src\hotspot\share\interpreter\linkResolver.cpp, line 759]
Event: 89.855 Thread 0x000001a80ae23b20 Exception <a 'java/lang/NoSuchMethodError'{0x00000000e43d3568}: 'java.lang.Object java.lang.invoke.DirectMethodHandle$Holder.newInvokeSpecial(java.lang.Object, long)'> (0x00000000e43d3568) 
thrown [s\src\hotspot\share\interpreter\linkResolver.cpp, line 759]
Event: 89.865 Thread 0x000001a80ae23b20 Exception <a 'java/lang/NoSuchMethodError'{0x00000000e43da0e0}: 'java.lang.Object java.lang.invoke.DirectMethodHandle$Holder.invokeStatic(java.lang.Object, java.lang.Object, long, java.lang.Object)'> (0x00000000e43da0e0) 
thrown [s\src\hotspot\share\interpreter\linkResolver.cpp, line 759]
Event: 89.867 Thread 0x000001a80ae23b20 Exception <a 'java/lang/NoSuchMethodError'{0x00000000e43ddb78}: 'java.lang.Object java.lang.invoke.DirectMethodHandle$Holder.invokeStaticInit(java.lang.Object, java.lang.Object, long, java.lang.Object)'> (0x00000000e43ddb78) 
thrown [s\src\hotspot\share\interpreter\linkResolver.cpp, line 759]
Event: 89.870 Thread 0x000001a80ae23b20 Exception <a 'java/lang/NoSuchMethodError'{0x00000000e43e3ea8}: 'java.lang.Object java.lang.invoke.DirectMethodHandle$Holder.newInvokeSpecial(java.lang.Object, java.lang.Object, long)'> (0x00000000e43e3ea8) 
thrown [s\src\hotspot\share\interpreter\linkResolver.cpp, line 759]
Event: 1451.297 Thread 0x000001a80afd2ee0 Exception <a 'java/lang/NoSuchMethodError'{0x00000000c76dd210}: 'java.lang.Object java.lang.invoke.DirectMethodHandle$Holder.invokeSpecial(java.lang.Object, java.lang.Object, int, java.lang.Object, java.lang.Object)'> (0x00000000c76dd210) 
thrown [s\src\hotspot\share\interpreter\linkResolver.cpp, line 759]
Event: 1451.299 Thread 0x000001a80afd2ee0 Exception <a 'java/lang/NoSuchMethodError'{0x00000000c76e4e50}: 'java.lang.Object java.lang.invoke.DirectMethodHandle$Holder.newInvokeSpecial(java.lang.Object, java.lang.Object, int, java.lang.Object)'> (0x00000000c76e4e50) 
thrown [s\src\hotspot\share\interpreter\linkResolver.cpp, line 759]
Event: 1451.301 Thread 0x000001a80afd2ee0 Exception <a 'java/lang/NoSuchMethodError'{0x00000000c76e8770}: 'java.lang.Object java.lang.invoke.Invokers$Holder.linkToTargetMethod(java.lang.Object, int, java.lang.Object, java.lang.Object)'> (0x00000000c76e8770) 
thrown [s\src\hotspot\share\interpreter\linkResolver.cpp, line 759]

VM Operations (20 events):
Event: 16443.081 Executing VM operation: G1CollectForAllocation done
Event: 16479.558 Executing VM operation: G1CollectForAllocation
Event: 16479.564 Executing VM operation: G1CollectForAllocation done
Event: 16520.851 Executing VM operation: G1CollectForAllocation
Event: 16520.855 Executing VM operation: G1CollectForAllocation done
Event: 16569.023 Executing VM operation: G1CollectForAllocation
Event: 16569.029 Executing VM operation: G1CollectForAllocation done
Event: 16626.276 Executing VM operation: G1CollectForAllocation
Event: 16626.279 Executing VM operation: G1CollectForAllocation done
Event: 16693.856 Executing VM operation: G1CollectForAllocation
Event: 16693.861 Executing VM operation: G1CollectForAllocation done
Event: 16781.148 Executing VM operation: G1CollectForAllocation
Event: 16781.153 Executing VM operation: G1CollectForAllocation done
Event: 17026.545 Executing VM operation: G1CollectForAllocation
Event: 17026.552 Executing VM operation: G1CollectForAllocation done
Event: 17437.943 Executing VM operation: G1CollectFull
Event: 17439.293 Executing VM operation: G1CollectFull done
Event: 17449.754 Executing VM operation: G1CollectFull
Event: 17449.911 Executing VM operation: G1CollectFull done
Event: 17460.346 Executing VM operation: G1CollectFull

Events (20 events):
Event: 16720.830 Thread 0x000001a80ac7e040 Thread exited: 0x000001a80ac7e040
Event: 16735.479 Thread 0x000001a80ac7fd20 Thread exited: 0x000001a80ac7fd20
Event: 16752.467 Thread 0x000001a80ac7e9e0 Thread exited: 0x000001a80ac7e9e0
Event: 16807.610 Thread 0x000001a80ac80b90 Thread added: 0x000001a80ac80b90
Event: 16807.611 Thread 0x000001a80ac81a00 Thread added: 0x000001a80ac81a00
Event: 16867.625 Thread 0x000001a80ac81a00 Thread exited: 0x000001a80ac81a00
Event: 16867.625 Thread 0x000001a80ac7eeb0 Thread exited: 0x000001a80ac7eeb0
Event: 16867.625 Thread 0x000001a80ac7e510 Thread exited: 0x000001a80ac7e510
Event: 16876.837 Thread 0x000001a80ac7f380 Thread added: 0x000001a80ac7f380
Event: 16876.839 Thread 0x000001a80ac81530 Thread added: 0x000001a80ac81530
Event: 16893.774 Thread 0x000001a80ac7e9e0 Thread added: 0x000001a80ac7e9e0
Event: 16936.856 Thread 0x000001a80ac80b90 Thread exited: 0x000001a80ac80b90
Event: 16953.788 Thread 0x000001a80ac7e9e0 Thread exited: 0x000001a80ac7e9e0
Event: 17027.010 Thread 0x000001a80ac7f380 Thread exited: 0x000001a80ac7f380
Event: 17037.742 Thread 0x000001a80ac7e040 Thread added: 0x000001a80ac7e040
Event: 17097.745 Thread 0x000001a80ac7e040 Thread exited: 0x000001a80ac7e040
Event: 17112.974 Thread 0x000001a80ac81a00 Thread added: 0x000001a80ac81a00
Event: 17277.761 Thread 0x000001a80ac81530 Thread exited: 0x000001a80ac81530
Event: 17282.863 Thread 0x000001a80ac7e040 Thread added: 0x000001a80ac7e040
Event: 17450.764 Thread 0x000001a80ac7e040 Thread exited: 0x000001a80ac7e040


Dynamic libraries:
0x00007ff62dd70000 - 0x00007ff62dd7e000 	c:\Users\lukag\.vscode\extensions\redhat.java-1.13.0-win32-x64\jre\17.0.5-win32-x86_64\bin\java.exe
0x00007ffc153d0000 - 0x00007ffc155c8000 	C:\WINDOWS\SYSTEM32\ntdll.dll
0x00007ffc14ad0000 - 0x00007ffc14b8f000 	C:\WINDOWS\System32\KERNEL32.DLL
0x00007ffc12ac0000 - 0x00007ffc12d92000 	C:\WINDOWS\System32\KERNELBASE.dll
0x00007ffc130a0000 - 0x00007ffc131a0000 	C:\WINDOWS\System32\ucrtbase.dll
0x00007ffc0b8d0000 - 0x00007ffc0b8e7000 	c:\Users\lukag\.vscode\extensions\redhat.java-1.13.0-win32-x64\jre\17.0.5-win32-x86_64\bin\jli.dll
0x00007ffc14d10000 - 0x00007ffc14eb1000 	C:\WINDOWS\System32\USER32.dll
0x00007ffc13220000 - 0x00007ffc13242000 	C:\WINDOWS\System32\win32u.dll
0x00007ffc137c0000 - 0x00007ffc137eb000 	C:\WINDOWS\System32\GDI32.dll
0x00007ffc12f90000 - 0x00007ffc1309f000 	C:\WINDOWS\System32\gdi32full.dll
0x00007ffc13300000 - 0x00007ffc1339d000 	C:\WINDOWS\System32\msvcp_win.dll
0x00007ffc0b8b0000 - 0x00007ffc0b8c9000 	c:\Users\lukag\.vscode\extensions\redhat.java-1.13.0-win32-x64\jre\17.0.5-win32-x86_64\bin\VCRUNTIME140.dll
0x00007ffc02460000 - 0x00007ffc026fa000 	C:\WINDOWS\WinSxS\amd64_microsoft.windows.common-controls_6595b64144ccf1df_6.0.19041.1110_none_60b5254171f9507e\COMCTL32.dll
0x00007ffc13ff0000 - 0x00007ffc1408e000 	C:\WINDOWS\System32\msvcrt.dll
0x00007ffc13c60000 - 0x00007ffc13c92000 	C:\WINDOWS\System32\IMM32.DLL
0x00007ffc0e440000 - 0x00007ffc0e44c000 	c:\Users\lukag\.vscode\extensions\redhat.java-1.13.0-win32-x64\jre\17.0.5-win32-x86_64\bin\vcruntime140_1.dll
0x00007ffbf1c70000 - 0x00007ffbf1d01000 	c:\Users\lukag\.vscode\extensions\redhat.java-1.13.0-win32-x64\jre\17.0.5-win32-x86_64\bin\msvcp140.dll
0x00007ffbb1000000 - 0x00007ffbb1c44000 	c:\Users\lukag\.vscode\extensions\redhat.java-1.13.0-win32-x64\jre\17.0.5-win32-x86_64\bin\server\jvm.dll
0x00007ffc134d0000 - 0x00007ffc1357e000 	C:\WINDOWS\System32\ADVAPI32.dll
0x00007ffc13430000 - 0x00007ffc134cc000 	C:\WINDOWS\System32\sechost.dll
0x00007ffc13ec0000 - 0x00007ffc13fe5000 	C:\WINDOWS\System32\RPCRT4.dll
0x00007ffbfb440000 - 0x00007ffbfb467000 	C:\WINDOWS\SYSTEM32\WINMM.dll
0x00007ffc0b7d0000 - 0x00007ffc0b7d9000 	C:\WINDOWS\SYSTEM32\WSOCK32.dll
0x00007ffc13ca0000 - 0x00007ffc13d0b000 	C:\WINDOWS\System32\WS2_32.dll
0x00007ffc04d20000 - 0x00007ffc04d2a000 	C:\WINDOWS\SYSTEM32\VERSION.dll
0x00007ffc10960000 - 0x00007ffc10972000 	C:\WINDOWS\SYSTEM32\kernel.appcore.dll
0x00007ffc023e0000 - 0x00007ffc023ea000 	c:\Users\lukag\.vscode\extensions\redhat.java-1.13.0-win32-x64\jre\17.0.5-win32-x86_64\bin\jimage.dll
0x00007ffbfef80000 - 0x00007ffbff164000 	C:\WINDOWS\SYSTEM32\DBGHELP.DLL
0x00007ffbfef40000 - 0x00007ffbfef75000 	C:\WINDOWS\SYSTEM32\dbgcore.DLL
0x00007ffc12da0000 - 0x00007ffc12e22000 	C:\WINDOWS\System32\bcryptPrimitives.dll
0x00007ffbf71e0000 - 0x00007ffbf7205000 	c:\Users\lukag\.vscode\extensions\redhat.java-1.13.0-win32-x64\jre\17.0.5-win32-x86_64\bin\java.dll
0x00007ffc016b0000 - 0x00007ffc016c8000 	c:\Users\lukag\.vscode\extensions\redhat.java-1.13.0-win32-x64\jre\17.0.5-win32-x86_64\bin\zip.dll
0x00007ffc142a0000 - 0x00007ffc149e4000 	C:\WINDOWS\System32\SHELL32.dll
0x00007ffc10b80000 - 0x00007ffc11312000 	C:\WINDOWS\SYSTEM32\windows.storage.dll
0x00007ffc13900000 - 0x00007ffc13c55000 	C:\WINDOWS\System32\combase.dll
0x00007ffc12440000 - 0x00007ffc12470000 	C:\WINDOWS\SYSTEM32\Wldp.dll
0x00007ffc13660000 - 0x00007ffc1370d000 	C:\WINDOWS\System32\SHCORE.dll
0x00007ffc14b90000 - 0x00007ffc14be5000 	C:\WINDOWS\System32\shlwapi.dll
0x00007ffc12a00000 - 0x00007ffc12a1f000 	C:\WINDOWS\SYSTEM32\profapi.dll
0x00007ffbfd8d0000 - 0x00007ffbfd8e9000 	C:\Users\lukag\.vscode\extensions\redhat.java-1.13.0-win32-x64\jre\17.0.5-win32-x86_64\bin\net.dll
0x00007ffc0d4d0000 - 0x00007ffc0d5dc000 	C:\WINDOWS\SYSTEM32\WINHTTP.dll
0x00007ffc121a0000 - 0x00007ffc1220a000 	C:\WINDOWS\system32\mswsock.dll
0x00007ffbf6b90000 - 0x00007ffbf6ba5000 	C:\Users\lukag\.vscode\extensions\redhat.java-1.13.0-win32-x64\jre\17.0.5-win32-x86_64\bin\nio.dll
0x00007ffc01ab0000 - 0x00007ffc01ac0000 	c:\Users\lukag\.vscode\extensions\redhat.java-1.13.0-win32-x64\jre\17.0.5-win32-x86_64\bin\verify.dll
0x00007ffc00bd0000 - 0x00007ffc00bd9000 	C:\Users\lukag\.vscode\extensions\redhat.java-1.13.0-win32-x64\jre\17.0.5-win32-x86_64\bin\management.dll
0x00007ffc00770000 - 0x00007ffc0077b000 	C:\Users\lukag\.vscode\extensions\redhat.java-1.13.0-win32-x64\jre\17.0.5-win32-x86_64\bin\management_ext.dll
0x00007ffc14ac0000 - 0x00007ffc14ac8000 	C:\WINDOWS\System32\PSAPI.DLL
0x00007ffc0e450000 - 0x00007ffc0e467000 	C:\WINDOWS\system32\napinsp.dll
0x00007ffc0e510000 - 0x00007ffc0e52b000 	C:\WINDOWS\system32\pnrpnsp.dll
0x00007ffbfa9d0000 - 0x00007ffbfa9e5000 	C:\WINDOWS\system32\wshbth.dll
0x00007ffc0e420000 - 0x00007ffc0e43d000 	C:\WINDOWS\system32\NLAapi.dll
0x00007ffc11e90000 - 0x00007ffc11ecb000 	C:\WINDOWS\SYSTEM32\IPHLPAPI.DLL
0x00007ffc11ed0000 - 0x00007ffc11f9a000 	C:\WINDOWS\SYSTEM32\DNSAPI.dll
0x00007ffc13850000 - 0x00007ffc13858000 	C:\WINDOWS\System32\NSI.dll
0x00007ffc0e530000 - 0x00007ffc0e542000 	C:\WINDOWS\System32\winrnr.dll
0x00007ffc081a0000 - 0x00007ffc081aa000 	C:\Windows\System32\rasadhlp.dll
0x00007ffc04940000 - 0x00007ffc049c0000 	C:\WINDOWS\System32\fwpuclnt.dll
0x00007ffc131a0000 - 0x00007ffc131c7000 	C:\WINDOWS\System32\bcrypt.dll
0x00007ffc12390000 - 0x00007ffc123a8000 	C:\WINDOWS\SYSTEM32\CRYPTSP.dll
0x00007ffc11ac0000 - 0x00007ffc11af4000 	C:\WINDOWS\system32\rsaenh.dll
0x00007ffc129c0000 - 0x00007ffc129ee000 	C:\WINDOWS\SYSTEM32\USERENV.dll
0x00007ffc123b0000 - 0x00007ffc123bc000 	C:\WINDOWS\SYSTEM32\CRYPTBASE.dll
0x00007ffc04f60000 - 0x00007ffc04f77000 	C:\WINDOWS\SYSTEM32\dhcpcsvc6.DLL
0x00007ffc060e0000 - 0x00007ffc060fd000 	C:\WINDOWS\SYSTEM32\dhcpcsvc.DLL

dbghelp: loaded successfully - version: 4.0.5 - missing functions: none
symbol engine: initialized successfully - sym options: 0x614 - pdb path: .;c:\Users\lukag\.vscode\extensions\redhat.java-1.13.0-win32-x64\jre\17.0.5-win32-x86_64\bin;C:\WINDOWS\SYSTEM32;C:\WINDOWS\WinSxS\amd64_microsoft.windows.common-controls_6595b64144ccf1df_6.0.19041.1110_none_60b5254171f9507e;c:\Users\lukag\.vscode\extensions\redhat.java-1.13.0-win32-x64\jre\17.0.5-win32-x86_64\bin\server

VM Arguments:
jvm_args: -Dsts.lsp.client=vscode -Dsts.log.file=/dev/null -XX:TieredStopAtLevel=1 -Xlog:jni+resolve=off -Dspring.config.location=file:c:\Users\lukag\.vscode\extensions\pivotal.vscode-spring-boot-1.42.0\language-server\BOOT-INF\classes\application.properties 
java_command: org.springframework.ide.vscode.boot.app.BootLanguageServerBootApp
java_class_path (initial): c:\Users\lukag\.vscode\extensions\pivotal.vscode-spring-boot-1.42.0\language-server\BOOT-INF\classes;c:\Users\lukag\.vscode\extensions\pivotal.vscode-spring-boot-1.42.0\language-server\BOOT-INF\lib\annotations-23.1.0.jar;c:\Users\lukag\.vscode\extensions\pivotal.vscode-spring-boot-1.42.0\language-server\BOOT-INF\lib\ant-1.10.12.jar;c:\Users\lukag\.vscode\extensions\pivotal.vscode-spring-boot-1.42.0\language-server\BOOT-INF\lib\ant-launcher-1.10.12.jar;c:\Users\lukag\.vscode\extensions\pivotal.vscode-spring-boot-1.42.0\language-server\BOOT-INF\lib\antlr-runtime-3.5.2.jar;c:\Users\lukag\.vscode\extensions\pivotal.vscode-spring-boot-1.42.0\language-server\BOOT-INF\lib\antlr4-4.9.3.jar;c:\Users\lukag\.vscode\extensions\pivotal.vscode-spring-boot-1.42.0\language-server\BOOT-INF\lib\antlr4-runtime-4.9.3.jar;c:\Users\lukag\.vscode\extensions\pivotal.vscode-spring-boot-1.42.0\language-server\BOOT-INF\lib\apiguardian-api-1.1.2.jar;c:\Users\lukag\.vscode\extensions\pivotal.vscode-spring-boot-1.42.0\language-server\BOOT-INF\lib\asm-9.4.jar;c:\Users\lukag\.vscode\extensions\pivotal.vscode-spring-boot-1.42.0\language-server\BOOT-INF\lib\asm-analysis-9.4.jar;c:\Users\lukag\.vscode\extensions\pivotal.vscode-spring-boot-1.42.0\language-server\BOOT-INF\lib\asm-tree-9.4.jar;c:\Users\lukag\.vscode\extensions\pivotal.vscode-spring-boot-1.42.0\language-server\BOOT-INF\lib\asm-util-9.4.jar;c:\Users\lukag\.vscode\extensions\pivotal.vscode-spring-boot-1.42.0\language-server\BOOT-INF\lib\caffeine-2.9.3.jar;c:\Users\lukag\.vscode\extensions\pivotal.vscode-spring-boot-1.42.0\language-server\BOOT-INF\lib\checker-qual-3.12.0.jar;c:\Users\lukag\.vscode\extensions\pivotal.vscode-spring-boot-1.42.0\language-server\BOOT-INF\lib\ci-environment-9.1.0.jar;c:\Users\lukag\.vscode\extensions\pivotal.vscode-spring-boot-1.42.0\language-server\BOOT-INF\lib\classgraph-4.8.149.jar;c:\Users\lukag\.vscode\extensions\pivotal.vscode-spring-boot-1.42.0\language-server\BOOT-INF\lib\comm
Launcher Type: SUN_STANDARD

[Global flags]
     intx CICompilerCount                          = 3                                         {product} {ergonomic}
     uint ConcGCThreads                            = 1                                         {product} {ergonomic}
     uint G1ConcRefinementThreads                  = 4                                         {product} {ergonomic}
   size_t G1HeapRegionSize                         = 1048576                                   {product} {ergonomic}
    uintx GCDrainStackTargetSize                   = 64                                        {product} {ergonomic}
   size_t InitialHeapSize                          = 65011712                                  {product} {ergonomic}
   size_t MarkStackSize                            = 4194304                                   {product} {ergonomic}
   size_t MaxHeapSize                              = 1038090240                                {product} {ergonomic}
   size_t MaxNewSize                               = 622854144                                 {product} {ergonomic}
   size_t MinHeapDeltaBytes                        = 1048576                                   {product} {ergonomic}
   size_t MinHeapSize                              = 8388608                                   {product} {ergonomic}
    uintx NonProfiledCodeHeapSize                  = 0                                      {pd product} {ergonomic}
     bool ProfileInterpreter                       = false                                  {pd product} {command line}
    uintx ProfiledCodeHeapSize                     = 0                                      {pd product} {ergonomic}
   size_t SoftMaxHeapSize                          = 1038090240                             {manageable} {ergonomic}
     intx TieredStopAtLevel                        = 1                                         {product} {command line}
     bool UseCompressedClassPointers               = true                           {product lp64_product} {ergonomic}
     bool UseCompressedOops                        = true                           {product lp64_product} {ergonomic}
     bool UseG1GC                                  = true                                      {product} {ergonomic}
     bool UseLargePagesIndividualAllocation        = false                                  {pd product} {ergonomic}

Logging:
Log output configuration:
 #0: stdout all=warning,jni+resolve=off uptime,level,tags
 #1: stderr all=off uptime,level,tags

Environment Variables:
JAVA_HOME=C:\Program Files\Java\jdk-11.0.15
PATH=C:\Program Files\Common Files\Oracle\Java\javapath;C:\WINDOWS\system32;C:\WINDOWS;C:\WINDOWS\System32\Wbem;C:\WINDOWS\System32\WindowsPowerShell\v1.0\;C:\WINDOWS\System32\OpenSSH\;C:\Program Files\Java\jdk-11.0.15\Bin;C:\Program Files\dotnet\;C:\Program Files\Git\cmd;C:\Users\lukag\AppData\Local\Microsoft\WindowsApps;C:\Users\lukag\AppData\Local\Programs\Microsoft VS Code\bin;C:\Users\lukag\AppData\Local\GitHubDesktop\bin
USERNAME=BUDA
OS=Windows_NT
PROCESSOR_IDENTIFIER=Intel64 Family 6 Model 76 Stepping 4, GenuineIntel
TMP=C:\Users\lukag\AppData\Local\Temp
TEMP=C:\Users\lukag\AppData\Local\Temp



---------------  S Y S T E M  ---------------

OS:
 Windows 10 , 64 bit Build 19041 (10.0.19041.2364)
OS uptime: 0 days 8:19 hours

CPU: total 4 (initial active 4) (4 cores per cpu, 1 threads per core) family 6 model 76 stepping 4 microcode 0x411, cx8, cmov, fxsr, mmx, 3dnowpref, sse, sse2, sse3, ssse3, sse4.1, sse4.2, popcnt, tsc, tscinvbit, aes, erms, clmul, clflush

Memory: 4k page, system-wide physical 3956M (288M free)
TotalPageFile size 5735M (AvailPageFile size 15M)
current process WorkingSet (physical memory assigned to process): 146M, peak: 721M
current process commit charge ("private bytes"): 251M, peak: 730M

vm_info: OpenJDK 64-Bit Server VM (17.0.5+8) for windows-amd64 JRE (17.0.5+8), built on Oct 19 2022 04:48:13 by "temurin" with MS VC++ 16.7 (VS2019)

END.
