#
# There is insufficient memory for the Java Runtime Environment to continue.
# Native memory allocation (mmap) failed to map 165675008 bytes for G1 virtual space
# Possible reasons:
#   The system is out of physical RAM or swap space
#   The process is running with CompressedOops enabled, and the Java Heap may be blocking the growth of the native heap
# Possible solutions:
#   Reduce memory load on the system
#   Increase physical memory or swap space
#   Check if swap backing store is full
#   Decrease Java heap size (-Xmx/-Xms)
#   Decrease number of Java threads
#   Decrease Java thread stack sizes (-Xss)
#   Set larger code cache with -XX:ReservedCodeCacheSize=
#   JVM is running with Unscaled Compressed Oops mode in which the Java heap is
#     placed in the first 4GB address space. The Java Heap base address is the
#     maximum limit for the native heap growth. Please use -XX:HeapBaseMinAddress
#     to set the Java Heap base and to place the Java Heap above 4GB virtual address.
# This output file may be truncated or incomplete.
#
#  Out of Memory Error (os_windows.cpp:3548), pid=11792, tid=5156
#
# JRE version: OpenJDK Runtime Environment Temurin-17.0.5+8 (17.0.5+8) (build 17.0.5+8)
# Java VM: OpenJDK 64-Bit Server VM Temurin-17.0.5+8 (17.0.5+8, mixed mode, emulated-client, tiered, compressed oops, compressed class ptrs, g1 gc, windows-amd64)
# No core dump will be written. Minidumps are not enabled by default on client versions of Windows
#

---------------  S U M M A R Y ------------

Command Line: -Dsts.lsp.client=vscode -Dsts.log.file=/dev/null -XX:TieredStopAtLevel=1 -Xlog:jni+resolve=off -Dspring.config.location=file:c:\Users\lukag\.vscode\extensions\pivotal.vscode-spring-boot-1.42.0\language-server\BOOT-INF\classes\application.properties org.springframework.ide.vscode.boot.app.BootLanguageServerBootApp

Host: Intel(R) Atom(TM) x5-Z8350  CPU @ 1.44GHz, 4 cores, 3G,  Windows 10 , 64 bit Build 19041 (10.0.19041.2364)
Time: Mon Jan  2 16:18:37 2023 Hora Padrão da Bahia elapsed time: 17.203694 seconds (0d 0h 0m 17s)

---------------  T H R E A D  ---------------

Current thread (0x000002659fd6ef40):  VMThread "VM Thread" [stack: 0x0000007d64e00000,0x0000007d64f00000] [id=5156]

Stack: [0x0000007d64e00000,0x0000007d64f00000]
Native frames: (J=compiled Java code, j=interpreted, Vv=VM code, C=native code)
V  [jvm.dll+0x676b3a]
V  [jvm.dll+0x831444]
V  [jvm.dll+0x832bee]
V  [jvm.dll+0x833253]
V  [jvm.dll+0x244ce5]
V  [jvm.dll+0x673a49]
V  [jvm.dll+0x66811a]
V  [jvm.dll+0x303ceb]
V  [jvm.dll+0x30b1e6]
V  [jvm.dll+0x35adbe]
V  [jvm.dll+0x35afef]
V  [jvm.dll+0x2dab88]
V  [jvm.dll+0x2d8e3c]
V  [jvm.dll+0x2d840c]
V  [jvm.dll+0x31c641]
V  [jvm.dll+0x8376fb]
V  [jvm.dll+0x838434]
V  [jvm.dll+0x83894c]
V  [jvm.dll+0x838d24]
V  [jvm.dll+0x838df0]
V  [jvm.dll+0x7e17ea]
V  [jvm.dll+0x6759e5]
C  [ucrtbase.dll+0x21bb2]
C  [KERNEL32.DLL+0x17614]
C  [ntdll.dll+0x526a1]

VM_Operation (0x0000007d66efe1f0): G1TryInitiateConcMark, mode: safepoint, requested by thread 0x00000265a0945a10


---------------  P R O C E S S  ---------------

Threads class SMR info:
_java_thread_list=0x00000265a46fbc00, length=42, elements={
0x000002659fd8f750, 0x000002659fd91300, 0x000002659fdbb920, 0x000002659fdbe4b0,
0x000002659fdc0520, 0x000002659fdc0de0, 0x000002659fdc5b90, 0x000002659fdcb3f0,
0x00000265a09b1810, 0x00000265a09b7b80, 0x00000265959891d0, 0x00000265a1364df0,
0x00000265a265ba70, 0x00000265a1192500, 0x00000265a11929d0, 0x00000265959884c0,
0x00000265a2902060, 0x00000265a112e020, 0x00000265a112e990, 0x00000265a29529a0,
0x00000265a292e050, 0x00000265a0948560, 0x00000265a0948090, 0x00000265a0946d50,
0x00000265a0945070, 0x00000265a0945540, 0x00000265a09476f0, 0x00000265a0948a30,
0x00000265a0945a10, 0x00000265a0945ee0, 0x00000265a09463b0, 0x00000265a0946880,
0x00000265a0947220, 0x00000265a0947bc0, 0x00000265a093f6e0, 0x00000265a093ded0,
0x00000265a0940a20, 0x00000265a093e870, 0x00000265a093fbb0, 0x00000265a09443e0,
0x00000265a093e3a0, 0x00000265a09448b0
}

Java Threads: ( => current thread )
  0x000002659fd8f750 JavaThread "Reference Handler" daemon [_thread_blocked, id=10868, stack(0x0000007d64f00000,0x0000007d65000000)]
  0x000002659fd91300 JavaThread "Finalizer" daemon [_thread_blocked, id=2464, stack(0x0000007d65000000,0x0000007d65100000)]
  0x000002659fdbb920 JavaThread "Signal Dispatcher" daemon [_thread_blocked, id=11640, stack(0x0000007d65100000,0x0000007d65200000)]
  0x000002659fdbe4b0 JavaThread "Attach Listener" daemon [_thread_blocked, id=3736, stack(0x0000007d65200000,0x0000007d65300000)]
  0x000002659fdc0520 JavaThread "Service Thread" daemon [_thread_blocked, id=3760, stack(0x0000007d65300000,0x0000007d65400000)]
  0x000002659fdc0de0 JavaThread "Monitor Deflation Thread" daemon [_thread_blocked, id=10368, stack(0x0000007d65400000,0x0000007d65500000)]
  0x000002659fdc5b90 JavaThread "C1 CompilerThread0" daemon [_thread_blocked, id=12208, stack(0x0000007d65500000,0x0000007d65600000)]
  0x000002659fdcb3f0 JavaThread "Sweeper thread" daemon [_thread_blocked, id=8608, stack(0x0000007d65600000,0x0000007d65700000)]
  0x00000265a09b1810 JavaThread "Notification Thread" daemon [_thread_blocked, id=5812, stack(0x0000007d65700000,0x0000007d65800000)]
  0x00000265a09b7b80 JavaThread "Common-Cleaner" daemon [_thread_blocked, id=7076, stack(0x0000007d65900000,0x0000007d65a00000)]
  0x00000265959891d0 JavaThread "C1 CompilerThread1" daemon [_thread_blocked, id=8944, stack(0x0000007d65a00000,0x0000007d65b00000)]
  0x00000265a1364df0 JavaThread "C1 CompilerThread2" daemon [_thread_blocked, id=4376, stack(0x0000007d65d00000,0x0000007d65e00000)]
  0x00000265a265ba70 JavaThread "boundedElastic-evictor-1" daemon [_thread_blocked, id=4288, stack(0x0000007d65f00000,0x0000007d66000000)]
  0x00000265a1192500 JavaThread "pool-11-thread-1" [_thread_blocked, id=9664, stack(0x0000007d66000000,0x0000007d66100000)]
  0x00000265a11929d0 JavaThread "LanguageServerApp-lifecycle" [_thread_blocked, id=10724, stack(0x0000007d66100000,0x0000007d66200000)]
  0x00000265959884c0 JavaThread "DestroyJavaVM" [_thread_blocked, id=11080, stack(0x0000007d64800000,0x0000007d64900000)]
  0x00000265a2902060 JavaThread "pool-12-thread-1" [_thread_in_native, id=9056, stack(0x0000007d66200000,0x0000007d66300000)]
  0x00000265a112e020 JavaThread "Simple-Language-Server main thread" daemon [_thread_blocked, id=4148, stack(0x0000007d66300000,0x0000007d66400000)]
  0x00000265a112e990 JavaThread "pool-8-thread-1" [_thread_blocked, id=10416, stack(0x0000007d66400000,0x0000007d66500000)]
  0x00000265a29529a0 JavaThread "parallel-1" daemon [_thread_blocked, id=9116, stack(0x0000007d66500000,0x0000007d66600000)]
  0x00000265a292e050 JavaThread "parallel-2" daemon [_thread_blocked, id=11780, stack(0x0000007d66600000,0x0000007d66700000)]
  0x00000265a0948560 JavaThread "parallel-3" daemon [_thread_blocked, id=9232, stack(0x0000007d66700000,0x0000007d66800000)]
  0x00000265a0948090 JavaThread "parallel-4" daemon [_thread_blocked, id=10604, stack(0x0000007d66800000,0x0000007d66900000)]
  0x00000265a0946d50 JavaThread "ForkJoinPool.commonPool-worker-1" daemon [_thread_blocked, id=11064, stack(0x0000007d66900000,0x0000007d66a00000)]
  0x00000265a0945070 JavaThread "Reconciler-1" daemon [_thread_blocked, id=9448, stack(0x0000007d66a00000,0x0000007d66b00000)]
  0x00000265a0945540 JavaThread "pool-5-thread-1" [_thread_blocked, id=10132, stack(0x0000007d66b00000,0x0000007d66c00000)]
  0x00000265a09476f0 JavaThread "ForkJoinPool.commonPool-worker-2" daemon [_thread_blocked, id=11468, stack(0x0000007d66c00000,0x0000007d66d00000)]
  0x00000265a0948a30 JavaThread "pool-5-thread-2" [_thread_blocked, id=7692, stack(0x0000007d66d00000,0x0000007d66e00000)]
  0x00000265a0945a10 JavaThread "ClassGraph-worker-0" daemon [_thread_blocked, id=5772, stack(0x0000007d66e00000,0x0000007d66f00000)]
  0x00000265a0945ee0 JavaThread "ClassGraph-worker-1" daemon [_thread_blocked, id=8860, stack(0x0000007d66f00000,0x0000007d67000000)]
  0x00000265a09463b0 JavaThread "ClassGraph-worker-2" daemon [_thread_blocked, id=8912, stack(0x0000007d67000000,0x0000007d67100000)]
  0x00000265a0946880 JavaThread "ClassGraph-worker-3" daemon [_thread_blocked, id=11664, stack(0x0000007d67100000,0x0000007d67200000)]
  0x00000265a0947220 JavaThread "ClassGraph-worker-4" daemon [_thread_blocked, id=11740, stack(0x0000007d67200000,0x0000007d67300000)]
  0x00000265a0947bc0 JavaThread "ClassGraph-worker-5" daemon [_thread_blocked, id=10284, stack(0x0000007d67300000,0x0000007d67400000)]
  0x00000265a093f6e0 JavaThread "ClassGraph-worker-6" daemon [_thread_blocked, id=3180, stack(0x0000007d67400000,0x0000007d67500000)]
  0x00000265a093ded0 JavaThread "ClassGraph-worker-7" daemon [_thread_blocked, id=11632, stack(0x0000007d67500000,0x0000007d67600000)]
  0x00000265a0940a20 JavaThread "pool-6-thread-1" [_thread_blocked, id=6540, stack(0x0000007d67800000,0x0000007d67900000)]
  0x00000265a093e870 JavaThread "pool-10-thread-1" [_thread_blocked, id=7436, stack(0x0000007d67900000,0x0000007d67a00000)]
  0x00000265a093fbb0 JavaThread "pool-10-thread-2" [_thread_blocked, id=4128, stack(0x0000007d67a00000,0x0000007d67b00000)]
  0x00000265a09443e0 JavaThread "Project-Reconciler-1" daemon [_thread_blocked, id=7872, stack(0x0000007d67b00000,0x0000007d67c00000)]
  0x00000265a093e3a0 JavaThread "pool-10-thread-3" [_thread_blocked, id=6996, stack(0x0000007d67c00000,0x0000007d67d00000)]
  0x00000265a09448b0 JavaThread "Project-Reconciler-2" daemon [_thread_blocked, id=10844, stack(0x0000007d67d00000,0x0000007d67e00000)]

Other Threads:
=>0x000002659fd6ef40 VMThread "VM Thread" [stack: 0x0000007d64e00000,0x0000007d64f00000] [id=5156]
  0x00000265a09b20f0 WatcherThread [stack: 0x0000007d65800000,0x0000007d65900000] [id=7668]
  0x00000265959c5700 GCTaskThread "GC Thread#0" [stack: 0x0000007d64900000,0x0000007d64a00000] [id=11472]
  0x00000265a110ea00 GCTaskThread "GC Thread#1" [stack: 0x0000007d65b00000,0x0000007d65c00000] [id=10124]
  0x00000265a128e200 GCTaskThread "GC Thread#2" [stack: 0x0000007d65c00000,0x0000007d65d00000] [id=7064]
  0x00000265a13de5f0 GCTaskThread "GC Thread#3" [stack: 0x0000007d65e00000,0x0000007d65f00000] [id=12148]
  0x00000265959ce110 ConcurrentGCThread "G1 Main Marker" [stack: 0x0000007d64a00000,0x0000007d64b00000] [id=2888]
  0x00000265959cf1d0 ConcurrentGCThread "G1 Conc#0" [stack: 0x0000007d64b00000,0x0000007d64c00000] [id=5652]
  0x0000026595a0d190 ConcurrentGCThread "G1 Refine#0" [stack: 0x0000007d64c00000,0x0000007d64d00000] [id=11204]
  0x00000265a2e71980 ConcurrentGCThread "G1 Refine#1" [stack: 0x0000007d67600000,0x0000007d67700000] [id=10792]
  0x00000265a4704470 ConcurrentGCThread "G1 Refine#2" [stack: 0x0000007d67700000,0x0000007d67800000] [id=11672]
  0x0000026595a0dac0 ConcurrentGCThread "G1 Service" [stack: 0x0000007d64d00000,0x0000007d64e00000] [id=9584]

Threads with active compile tasks:

VM state: at safepoint (normal execution)

VM Mutex/Monitor currently owned by a thread:  ([mutex/lock_event])
[0x000002659382b1a0] Threads_lock - owner thread: 0x000002659fd6ef40
[0x0000026595986ef0] Heap_lock - owner thread: 0x00000265a0945a10

Heap address: 0x00000000c2200000, size: 990 MB, Compressed Oops mode: 32-bit

CDS archive(s) not mapped
Compressed class space mapped at: 0x0000000100000000-0x0000000140000000, reserved size: 1073741824
Narrow klass base: 0x0000000000000000, Narrow klass shift: 3, Narrow klass range: 0x140000000

GC Precious Log:
 CPUs: 4 total, 4 available
 Memory: 3956M
 Large Page Support: Disabled
 NUMA Support: Disabled
 Compressed Oops: Enabled (32-bit)
 Heap Region Size: 1M
 Heap Min Capacity: 8M
 Heap Initial Capacity: 62M
 Heap Max Capacity: 990M
 Pre-touch: Disabled
 Parallel Workers: 4
 Concurrent Workers: 1
 Concurrent Refinement Workers: 4
 Periodic GC: Disabled

Heap:
 garbage-first heap   total 116736K, used 59589K [0x00000000c2200000, 0x0000000100000000)
  region size 1024K, 1 young (1024K), 1 survivors (1024K)
 Metaspace       used 40725K, committed 41088K, reserved 1089536K
  class space    used 5182K, committed 5312K, reserved 1048576K

Heap Regions: E=young(eden), S=young(survivor), O=old, HS=humongous(starts), HC=humongous(continues), CS=collection set, F=free, OA=open archive, CA=closed archive, TAMS=top-at-mark-start (previous, next)
|   0|0x00000000c2200000, 0x00000000c2300000, 0x00000000c2300000|100%| O|  |TAMS 0x00000000c2300000, 0x00000000c2300000| Untracked 
|   1|0x00000000c2300000, 0x00000000c2400000, 0x00000000c2400000|100%| O|  |TAMS 0x00000000c2400000, 0x00000000c2400000| Untracked 
|   2|0x00000000c2400000, 0x00000000c2500000, 0x00000000c2500000|100%| O|  |TAMS 0x00000000c2500000, 0x00000000c2500000| Untracked 
|   3|0x00000000c2500000, 0x00000000c2600000, 0x00000000c2600000|100%| O|  |TAMS 0x00000000c2600000, 0x00000000c2600000| Untracked 
|   4|0x00000000c2600000, 0x00000000c2700000, 0x00000000c2700000|100%| O|  |TAMS 0x00000000c2700000, 0x00000000c2700000| Untracked 
|   5|0x00000000c2700000, 0x00000000c2800000, 0x00000000c2800000|100%| O|  |TAMS 0x00000000c2800000, 0x00000000c2800000| Untracked 
|   6|0x00000000c2800000, 0x00000000c2900000, 0x00000000c2900000|100%| O|  |TAMS 0x00000000c2900000, 0x00000000c2900000| Untracked 
|   7|0x00000000c2900000, 0x00000000c2a00000, 0x00000000c2a00000|100%| O|  |TAMS 0x00000000c2a00000, 0x00000000c2a00000| Untracked 
|   8|0x00000000c2a00000, 0x00000000c2b00000, 0x00000000c2b00000|100%| O|  |TAMS 0x00000000c2ac8400, 0x00000000c2b00000| Untracked 
|   9|0x00000000c2b00000, 0x00000000c2c00000, 0x00000000c2c00000|100%| O|  |TAMS 0x00000000c2c00000, 0x00000000c2c00000| Untracked 
|  10|0x00000000c2c00000, 0x00000000c2d00000, 0x00000000c2d00000|100%| O|  |TAMS 0x00000000c2d00000, 0x00000000c2d00000| Untracked 
|  11|0x00000000c2d00000, 0x00000000c2e00000, 0x00000000c2e00000|100%| O|  |TAMS 0x00000000c2d00000, 0x00000000c2e00000| Untracked 
|  12|0x00000000c2e00000, 0x00000000c2f00000, 0x00000000c2f00000|100%| O|  |TAMS 0x00000000c2f00000, 0x00000000c2f00000| Untracked 
|  13|0x00000000c2f00000, 0x00000000c3000000, 0x00000000c3000000|100%| O|  |TAMS 0x00000000c3000000, 0x00000000c3000000| Untracked 
|  14|0x00000000c3000000, 0x00000000c3100000, 0x00000000c3100000|100%| O|  |TAMS 0x00000000c3100000, 0x00000000c3100000| Untracked 
|  15|0x00000000c3100000, 0x00000000c3200000, 0x00000000c3200000|100%| O|  |TAMS 0x00000000c3200000, 0x00000000c3200000| Untracked 
|  16|0x00000000c3200000, 0x00000000c3300000, 0x00000000c3300000|100%| O|  |TAMS 0x00000000c3300000, 0x00000000c3300000| Untracked 
|  17|0x00000000c3300000, 0x00000000c3400000, 0x00000000c3400000|100%| O|  |TAMS 0x00000000c3400000, 0x00000000c3400000| Untracked 
|  18|0x00000000c3400000, 0x00000000c3500000, 0x00000000c3500000|100%| O|  |TAMS 0x00000000c3500000, 0x00000000c3500000| Untracked 
|  19|0x00000000c3500000, 0x00000000c3600000, 0x00000000c3600000|100%| O|  |TAMS 0x00000000c3600000, 0x00000000c3600000| Untracked 
|  20|0x00000000c3600000, 0x00000000c3700000, 0x00000000c3700000|100%| O|  |TAMS 0x00000000c3700000, 0x00000000c3700000| Untracked 
|  21|0x00000000c3700000, 0x00000000c3800000, 0x00000000c3800000|100%| O|  |TAMS 0x00000000c3800000, 0x00000000c3800000| Untracked 
|  22|0x00000000c3800000, 0x00000000c3900000, 0x00000000c3900000|100%| O|  |TAMS 0x00000000c3900000, 0x00000000c3900000| Untracked 
|  23|0x00000000c3900000, 0x00000000c3a00000, 0x00000000c3a00000|100%| O|  |TAMS 0x00000000c3a00000, 0x00000000c3a00000| Untracked 
|  24|0x00000000c3a00000, 0x00000000c3b00000, 0x00000000c3b00000|100%| O|  |TAMS 0x00000000c3b00000, 0x00000000c3b00000| Untracked 
|  25|0x00000000c3b00000, 0x00000000c3c00000, 0x00000000c3c00000|100%| O|  |TAMS 0x00000000c3c00000, 0x00000000c3c00000| Untracked 
|  26|0x00000000c3c00000, 0x00000000c3d00000, 0x00000000c3d00000|100%| O|  |TAMS 0x00000000c3c00000, 0x00000000c3d00000| Untracked 
|  27|0x00000000c3d00000, 0x00000000c3e00000, 0x00000000c3e00000|100%| O|  |TAMS 0x00000000c3d00000, 0x00000000c3e00000| Untracked 
|  28|0x00000000c3e00000, 0x00000000c3f00000, 0x00000000c3f00000|100%| O|  |TAMS 0x00000000c3e00000, 0x00000000c3f00000| Untracked 
|  29|0x00000000c3f00000, 0x00000000c4000000, 0x00000000c4000000|100%| O|  |TAMS 0x00000000c3f00000, 0x00000000c4000000| Untracked 
|  30|0x00000000c4000000, 0x00000000c4100000, 0x00000000c4100000|100%| O|  |TAMS 0x00000000c4000000, 0x00000000c4100000| Untracked 
|  31|0x00000000c4100000, 0x00000000c4200000, 0x00000000c4200000|100%| O|  |TAMS 0x00000000c4100000, 0x00000000c4200000| Untracked 
|  32|0x00000000c4200000, 0x00000000c4300000, 0x00000000c4300000|100%| O|  |TAMS 0x00000000c4200000, 0x00000000c4300000| Untracked 
|  33|0x00000000c4300000, 0x00000000c4400000, 0x00000000c4400000|100%| O|  |TAMS 0x00000000c4300000, 0x00000000c4400000| Untracked 
|  34|0x00000000c4400000, 0x00000000c4500000, 0x00000000c4500000|100%| O|  |TAMS 0x00000000c4400000, 0x00000000c4500000| Untracked 
|  35|0x00000000c4500000, 0x00000000c4600000, 0x00000000c4600000|100%| O|  |TAMS 0x00000000c4500000, 0x00000000c4600000| Untracked 
|  36|0x00000000c4600000, 0x00000000c4700000, 0x00000000c4700000|100%| O|  |TAMS 0x00000000c4600000, 0x00000000c4700000| Untracked 
|  37|0x00000000c4700000, 0x00000000c4800000, 0x00000000c4800000|100%| O|  |TAMS 0x00000000c4700000, 0x00000000c4800000| Untracked 
|  38|0x00000000c4800000, 0x00000000c4900000, 0x00000000c4900000|100%| O|  |TAMS 0x00000000c4800000, 0x00000000c4900000| Untracked 
|  39|0x00000000c4900000, 0x00000000c4a00000, 0x00000000c4a00000|100%| O|  |TAMS 0x00000000c4900000, 0x00000000c4a00000| Untracked 
|  40|0x00000000c4a00000, 0x00000000c4b00000, 0x00000000c4b00000|100%| O|  |TAMS 0x00000000c4a00000, 0x00000000c4b00000| Untracked 
|  41|0x00000000c4b00000, 0x00000000c4c00000, 0x00000000c4c00000|100%| O|  |TAMS 0x00000000c4b00000, 0x00000000c4c00000| Untracked 
|  42|0x00000000c4c00000, 0x00000000c4d00000, 0x00000000c4d00000|100%| O|  |TAMS 0x00000000c4c00000, 0x00000000c4d00000| Untracked 
|  43|0x00000000c4d00000, 0x00000000c4e00000, 0x00000000c4e00000|100%| O|  |TAMS 0x00000000c4d00000, 0x00000000c4e00000| Untracked 
|  44|0x00000000c4e00000, 0x00000000c4f00000, 0x00000000c4f00000|100%| O|  |TAMS 0x00000000c4e00000, 0x00000000c4f00000| Untracked 
|  45|0x00000000c4f00000, 0x00000000c5000000, 0x00000000c5000000|100%| O|  |TAMS 0x00000000c4f00000, 0x00000000c5000000| Untracked 
|  46|0x00000000c5000000, 0x00000000c5100000, 0x00000000c5100000|100%| O|  |TAMS 0x00000000c5000000, 0x00000000c5100000| Untracked 
|  47|0x00000000c5100000, 0x00000000c5200000, 0x00000000c5200000|100%| O|  |TAMS 0x00000000c5100000, 0x00000000c5200000| Untracked 
|  48|0x00000000c5200000, 0x00000000c5300000, 0x00000000c5300000|100%| O|  |TAMS 0x00000000c5200000, 0x00000000c5300000| Untracked 
|  49|0x00000000c5300000, 0x00000000c5400000, 0x00000000c5400000|100%| O|  |TAMS 0x00000000c5300000, 0x00000000c5400000| Untracked 
|  50|0x00000000c5400000, 0x00000000c5500000, 0x00000000c5500000|100%| O|  |TAMS 0x00000000c5400000, 0x00000000c5500000| Untracked 
|  51|0x00000000c5500000, 0x00000000c5600000, 0x00000000c5600000|100%| O|  |TAMS 0x00000000c5500000, 0x00000000c5600000| Untracked 
|  52|0x00000000c5600000, 0x00000000c5700000, 0x00000000c5700000|100%| O|  |TAMS 0x00000000c5600000, 0x00000000c569c800| Untracked 
|  53|0x00000000c5700000, 0x00000000c5800000, 0x00000000c5800000|100%| O|  |TAMS 0x00000000c5700000, 0x00000000c5700000| Untracked 
|  54|0x00000000c5800000, 0x00000000c5900000, 0x00000000c5900000|100%| O|  |TAMS 0x00000000c5800000, 0x00000000c5800000| Untracked 
|  55|0x00000000c5900000, 0x00000000c5a00000, 0x00000000c5a00000|100%| O|  |TAMS 0x00000000c5900000, 0x00000000c5900000| Untracked 
|  56|0x00000000c5a00000, 0x00000000c5b00000, 0x00000000c5b00000|100%| O|  |TAMS 0x00000000c5a00000, 0x00000000c5a00000| Untracked 
|  57|0x00000000c5b00000, 0x00000000c5b82000, 0x00000000c5c00000| 50%| O|  |TAMS 0x00000000c5b00000, 0x00000000c5b00000| Untracked 
|  58|0x00000000c5c00000, 0x00000000c5c00000, 0x00000000c5d00000|  0%| F|  |TAMS 0x00000000c5c00000, 0x00000000c5c00000| Untracked 
|  59|0x00000000c5d00000, 0x00000000c5d00000, 0x00000000c5e00000|  0%| F|  |TAMS 0x00000000c5d00000, 0x00000000c5d00000| Untracked 
|  60|0x00000000c5e00000, 0x00000000c5e00000, 0x00000000c5f00000|  0%| F|  |TAMS 0x00000000c5e00000, 0x00000000c5e00000| Untracked 
|  61|0x00000000c5f00000, 0x00000000c5f00000, 0x00000000c6000000|  0%| F|  |TAMS 0x00000000c5f00000, 0x00000000c5f00000| Untracked 
|  62|0x00000000c6000000, 0x00000000c6000000, 0x00000000c6100000|  0%| F|  |TAMS 0x00000000c6000000, 0x00000000c6000000| Untracked 
|  63|0x00000000c6100000, 0x00000000c6100000, 0x00000000c6200000|  0%| F|  |TAMS 0x00000000c6100000, 0x00000000c6100000| Untracked 
|  64|0x00000000c6200000, 0x00000000c6200000, 0x00000000c6300000|  0%| F|  |TAMS 0x00000000c6200000, 0x00000000c6200000| Untracked 
|  65|0x00000000c6300000, 0x00000000c6300000, 0x00000000c6400000|  0%| F|  |TAMS 0x00000000c6300000, 0x00000000c6300000| Untracked 
|  66|0x00000000c6400000, 0x00000000c6400000, 0x00000000c6500000|  0%| F|  |TAMS 0x00000000c6400000, 0x00000000c6400000| Untracked 
|  67|0x00000000c6500000, 0x00000000c6500000, 0x00000000c6600000|  0%| F|  |TAMS 0x00000000c6500000, 0x00000000c6500000| Untracked 
|  68|0x00000000c6600000, 0x00000000c6600000, 0x00000000c6700000|  0%| F|  |TAMS 0x00000000c6600000, 0x00000000c6600000| Untracked 
|  69|0x00000000c6700000, 0x00000000c6700000, 0x00000000c6800000|  0%| F|  |TAMS 0x00000000c6700000, 0x00000000c6700000| Untracked 
|  70|0x00000000c6800000, 0x00000000c6800000, 0x00000000c6900000|  0%| F|  |TAMS 0x00000000c6800000, 0x00000000c6800000| Untracked 
|  71|0x00000000c6900000, 0x00000000c6900000, 0x00000000c6a00000|  0%| F|  |TAMS 0x00000000c6900000, 0x00000000c6900000| Untracked 
|  72|0x00000000c6a00000, 0x00000000c6a00000, 0x00000000c6b00000|  0%| F|  |TAMS 0x00000000c6a00000, 0x00000000c6a00000| Untracked 
|  73|0x00000000c6b00000, 0x00000000c6b00000, 0x00000000c6c00000|  0%| F|  |TAMS 0x00000000c6b00000, 0x00000000c6b00000| Untracked 
|  74|0x00000000c6c00000, 0x00000000c6c00000, 0x00000000c6d00000|  0%| F|  |TAMS 0x00000000c6c00000, 0x00000000c6c00000| Untracked 
|  75|0x00000000c6d00000, 0x00000000c6d00000, 0x00000000c6e00000|  0%| F|  |TAMS 0x00000000c6d00000, 0x00000000c6d00000| Untracked 
|  76|0x00000000c6e00000, 0x00000000c6e00000, 0x00000000c6f00000|  0%| F|  |TAMS 0x00000000c6e00000, 0x00000000c6e00000| Untracked 
|  77|0x00000000c6f00000, 0x00000000c6f00000, 0x00000000c7000000|  0%| F|  |TAMS 0x00000000c6f00000, 0x00000000c6f00000| Untracked 
|  78|0x00000000c7000000, 0x00000000c7000000, 0x00000000c7100000|  0%| F|  |TAMS 0x00000000c7000000, 0x00000000c7000000| Untracked 
|  79|0x00000000c7100000, 0x00000000c7100000, 0x00000000c7200000|  0%| F|  |TAMS 0x00000000c7100000, 0x00000000c7100000| Untracked 
|  80|0x00000000c7200000, 0x00000000c7200000, 0x00000000c7300000|  0%| F|  |TAMS 0x00000000c7200000, 0x00000000c7200000| Untracked 
|  81|0x00000000c7300000, 0x00000000c7300000, 0x00000000c7400000|  0%| F|  |TAMS 0x00000000c7300000, 0x00000000c7300000| Untracked 
|  82|0x00000000c7400000, 0x00000000c7400000, 0x00000000c7500000|  0%| F|  |TAMS 0x00000000c7400000, 0x00000000c7400000| Untracked 
|  83|0x00000000c7500000, 0x00000000c7500000, 0x00000000c7600000|  0%| F|  |TAMS 0x00000000c7500000, 0x00000000c7500000| Untracked 
|  84|0x00000000c7600000, 0x00000000c7600000, 0x00000000c7700000|  0%| F|  |TAMS 0x00000000c7600000, 0x00000000c7600000| Untracked 
|  85|0x00000000c7700000, 0x00000000c7700000, 0x00000000c7800000|  0%| F|  |TAMS 0x00000000c7700000, 0x00000000c7700000| Untracked 
|  86|0x00000000c7800000, 0x00000000c7800000, 0x00000000c7900000|  0%| F|  |TAMS 0x00000000c7800000, 0x00000000c7800000| Untracked 
|  87|0x00000000c7900000, 0x00000000c7900000, 0x00000000c7a00000|  0%| F|  |TAMS 0x00000000c7900000, 0x00000000c7900000| Untracked 
|  88|0x00000000c7a00000, 0x00000000c7a00000, 0x00000000c7b00000|  0%| F|  |TAMS 0x00000000c7a00000, 0x00000000c7a00000| Untracked 
|  89|0x00000000c7b00000, 0x00000000c7b00000, 0x00000000c7c00000|  0%| F|  |TAMS 0x00000000c7b00000, 0x00000000c7b00000| Untracked 
|  90|0x00000000c7c00000, 0x00000000c7c00000, 0x00000000c7d00000|  0%| F|  |TAMS 0x00000000c7c00000, 0x00000000c7c00000| Untracked 
|  91|0x00000000c7d00000, 0x00000000c7d00000, 0x00000000c7e00000|  0%| F|  |TAMS 0x00000000c7d00000, 0x00000000c7d00000| Untracked 
|  92|0x00000000c7e00000, 0x00000000c7e00000, 0x00000000c7f00000|  0%| F|  |TAMS 0x00000000c7e00000, 0x00000000c7e00000| Untracked 
|  93|0x00000000c7f00000, 0x00000000c7f00000, 0x00000000c8000000|  0%| F|  |TAMS 0x00000000c7f00000, 0x00000000c7f00000| Untracked 
|  94|0x00000000c8000000, 0x00000000c8000000, 0x00000000c8100000|  0%| F|  |TAMS 0x00000000c8000000, 0x00000000c8000000| Untracked 
|  95|0x00000000c8100000, 0x00000000c8100000, 0x00000000c8200000|  0%| F|  |TAMS 0x00000000c8100000, 0x00000000c8100000| Untracked 
|  96|0x00000000c8200000, 0x00000000c8200000, 0x00000000c8300000|  0%| F|  |TAMS 0x00000000c8200000, 0x00000000c8200000| Untracked 
|  97|0x00000000c8300000, 0x00000000c8300000, 0x00000000c8400000|  0%| F|  |TAMS 0x00000000c8300000, 0x00000000c8300000| Untracked 
|  98|0x00000000c8400000, 0x00000000c8400000, 0x00000000c8500000|  0%| F|  |TAMS 0x00000000c8400000, 0x00000000c8400000| Untracked 
|  99|0x00000000c8500000, 0x00000000c8500000, 0x00000000c8600000|  0%| F|  |TAMS 0x00000000c8500000, 0x00000000c8500000| Untracked 
| 100|0x00000000c8600000, 0x00000000c8600000, 0x00000000c8700000|  0%| F|  |TAMS 0x00000000c8600000, 0x00000000c8600000| Untracked 
| 101|0x00000000c8700000, 0x00000000c8700000, 0x00000000c8800000|  0%| F|  |TAMS 0x00000000c8700000, 0x00000000c8700000| Untracked 
| 102|0x00000000c8800000, 0x00000000c8800000, 0x00000000c8900000|  0%| F|  |TAMS 0x00000000c8800000, 0x00000000c8800000| Untracked 
| 103|0x00000000c8900000, 0x00000000c8900000, 0x00000000c8a00000|  0%| F|  |TAMS 0x00000000c8900000, 0x00000000c8900000| Untracked 
| 104|0x00000000c8a00000, 0x00000000c8a00000, 0x00000000c8b00000|  0%| F|  |TAMS 0x00000000c8a00000, 0x00000000c8a00000| Untracked 
| 105|0x00000000c8b00000, 0x00000000c8b00000, 0x00000000c8c00000|  0%| F|  |TAMS 0x00000000c8b00000, 0x00000000c8b00000| Untracked 
| 106|0x00000000c8c00000, 0x00000000c8c00000, 0x00000000c8d00000|  0%| F|  |TAMS 0x00000000c8c00000, 0x00000000c8c00000| Untracked 
| 107|0x00000000c8d00000, 0x00000000c8d00000, 0x00000000c8e00000|  0%| F|  |TAMS 0x00000000c8d00000, 0x00000000c8d00000| Untracked 
| 108|0x00000000c8e00000, 0x00000000c8e00000, 0x00000000c8f00000|  0%| F|  |TAMS 0x00000000c8e00000, 0x00000000c8e00000| Untracked 
| 109|0x00000000c8f00000, 0x00000000c8f00000, 0x00000000c9000000|  0%| F|  |TAMS 0x00000000c8f00000, 0x00000000c8f00000| Untracked 
| 110|0x00000000c9000000, 0x00000000c9000000, 0x00000000c9100000|  0%| F|  |TAMS 0x00000000c9000000, 0x00000000c9000000| Untracked 
| 111|0x00000000c9100000, 0x00000000c9100000, 0x00000000c9200000|  0%| F|  |TAMS 0x00000000c9100000, 0x00000000c9100000| Untracked 
| 112|0x00000000c9200000, 0x00000000c92af4a0, 0x00000000c9300000| 68%| S|CS|TAMS 0x00000000c9200000, 0x00000000c9200000| Complete 
| 113|0x00000000c9300000, 0x00000000c9300000, 0x00000000c9400000|  0%| F|  |TAMS 0x00000000c9300000, 0x00000000c9300000| Untracked 

Card table byte_map: [0x000002659b610000,0x000002659b800000] _byte_map_base: 0x000002659afff000

Marking Bits (Prev, Next): (CMBitMap*) 0x00000265959c5c60, (CMBitMap*) 0x00000265959c5c20
 Prev Bits: [0x000002659c970000, 0x000002659d8e8000)
 Next Bits: [0x000002659b9f0000, 0x000002659c968000)

Polling page: 0x00000265938f0000

Metaspace:

Usage:
  Non-class:     34.71 MB used.
      Class:      5.06 MB used.
       Both:     39.77 MB used.

Virtual space:
  Non-class space:       40.00 MB reserved,      34.94 MB ( 87%) committed,  5 nodes.
      Class space:        1.00 GB reserved,       5.19 MB ( <1%) committed,  1 nodes.
             Both:        1.04 GB reserved,      40.12 MB (  4%) committed. 

Chunk freelists:
   Non-Class:  336.00 KB
       Class:  2.69 MB
        Both:  3.02 MB

MaxMetaspaceSize: unlimited
CompressedClassSpaceSize: 1.00 GB
Initial GC threshold: 21.00 MB
Current GC threshold: 61.06 MB
CDS: off
MetaspaceReclaimPolicy: balanced
 - commit_granule_bytes: 65536.
 - commit_granule_words: 8192.
 - virtual_space_node_default_size: 1048576.
 - enlarge_chunks_in_place: 1.
 - new_chunks_are_fully_committed: 0.
 - uncommit_free_chunks: 1.
 - use_allocation_guard: 0.
 - handle_deallocations: 1.


Internal statistics:

num_allocs_failed_limit: 8.
num_arena_births: 384.
num_arena_deaths: 0.
num_vsnodes_births: 6.
num_vsnodes_deaths: 0.
num_space_committed: 642.
num_space_uncommitted: 0.
num_chunks_returned_to_freelist: 8.
num_chunks_taken_from_freelist: 1577.
num_chunk_merges: 3.
num_chunk_splits: 1106.
num_chunks_enlarged: 868.
num_purges: 0.
num_inconsistent_stats: 0.

CodeCache: size=49152Kb used=8940Kb max_used=8940Kb free=40211Kb
 bounds [0x0000026598610000, 0x0000026598ed0000, 0x000002659b610000]
 total_blobs=4597 nmethods=4059 adapters=463
 compilation: enabled
              stopped_count=0, restarted_count=0
 full_count=0

Compilation events (20 events):
Event: 17.090 Thread 0x00000265a1364df0 4050       1       java.nio.channels.Channels$ReadableByteChannelImpl::<init> (28 bytes)
Event: 17.090 Thread 0x00000265a1364df0 nmethod 4050 0x0000026598ec5090 code [0x0000026598ec5240, 0x0000026598ec55b8]
Event: 17.091 Thread 0x00000265a1364df0 4051       1       java.nio.file.Files::read (103 bytes)
Event: 17.091 Thread 0x00000265959891d0 nmethod 4049 0x0000026598ec5690 code [0x0000026598ec5860, 0x0000026598ec5d58]
Event: 17.091 Thread 0x00000265959891d0 4052  s    1       sun.nio.ch.ChannelInputStream::read (41 bytes)
Event: 17.091 Thread 0x000002659fdc5b90 nmethod 4048 0x0000026598ec5f10 code [0x0000026598ec6160, 0x0000026598ec6788]
Event: 17.093 Thread 0x00000265a1364df0 nmethod 4051 0x0000026598ec6d10 code [0x0000026598ec6f00, 0x0000026598ec7528]
Event: 17.093 Thread 0x00000265959891d0 nmethod 4052 0x0000026598ec7790 code [0x0000026598ec7940, 0x0000026598ec7ca8]
Event: 17.095 Thread 0x00000265a1364df0 4053       1       java.io.InputStream::read (9 bytes)
Event: 17.095 Thread 0x00000265a1364df0 nmethod 4053 0x0000026598ec7e10 code [0x0000026598ec7fa0, 0x0000026598ec80a8]
Event: 17.096 Thread 0x00000265959891d0 4054       1       java.nio.channels.Channels$ReadableByteChannelImpl::implCloseChannel (8 bytes)
Event: 17.097 Thread 0x00000265959891d0 nmethod 4054 0x0000026598ec8190 code [0x0000026598ec8320, 0x0000026598ec8408]
Event: 17.108 Thread 0x000002659fdc5b90 4055       1       io.github.classgraph.ClasspathElement::maskClassfiles (191 bytes)
Event: 17.115 Thread 0x000002659fdc5b90 nmethod 4055 0x0000026598ec8490 code [0x0000026598ec87e0, 0x0000026598ec9628]
Event: 17.122 Thread 0x00000265a1364df0 4056   !   1       java.util.zip.Inflater::end (37 bytes)
Event: 17.122 Thread 0x00000265959891d0 4057       1       java.util.zip.Inflater$InflaterZStreamRef::clean (10 bytes)
Event: 17.123 Thread 0x000002659fdc5b90 4058  s    1       java.util.zip.Inflater$InflaterZStreamRef::run (21 bytes)
Event: 17.123 Thread 0x00000265959891d0 nmethod 4057 0x0000026598ec9f90 code [0x0000026598eca140, 0x0000026598eca2a8]
Event: 17.124 Thread 0x00000265a1364df0 nmethod 4056 0x0000026598eca410 code [0x0000026598eca5e0, 0x0000026598eca8e8]
Event: 17.124 Thread 0x000002659fdc5b90 nmethod 4058 0x0000026598ecaf10 code [0x0000026598ecb0a0, 0x0000026598ecb248]

GC Heap History (20 events):
Event: 13.403 GC heap after
{Heap after GC invocations=9 (full 0):
 garbage-first heap   total 58368K, used 20241K [0x00000000c2200000, 0x0000000100000000)
  region size 1024K, 2 young (2048K), 2 survivors (2048K)
 Metaspace       used 35065K, committed 35392K, reserved 1081344K
  class space    used 4531K, committed 4672K, reserved 1048576K
}
Event: 13.738 GC heap before
{Heap before GC invocations=9 (full 0):
 garbage-first heap   total 58368K, used 25361K [0x00000000c2200000, 0x0000000100000000)
  region size 1024K, 8 young (8192K), 2 survivors (2048K)
 Metaspace       used 35823K, committed 36160K, reserved 1081344K
  class space    used 4634K, committed 4800K, reserved 1048576K
}
Event: 13.749 GC heap after
{Heap after GC invocations=10 (full 0):
 garbage-first heap   total 58368K, used 20980K [0x00000000c2200000, 0x0000000100000000)
  region size 1024K, 1 young (1024K), 1 survivors (1024K)
 Metaspace       used 35823K, committed 36160K, reserved 1081344K
  class space    used 4634K, committed 4800K, reserved 1048576K
}
Event: 14.330 GC heap before
{Heap before GC invocations=11 (full 0):
 garbage-first heap   total 58368K, used 41460K [0x00000000c2200000, 0x0000000100000000)
  region size 1024K, 22 young (22528K), 1 survivors (1024K)
 Metaspace       used 36243K, committed 36608K, reserved 1081344K
  class space    used 4664K, committed 4800K, reserved 1048576K
}
Event: 14.341 GC heap after
{Heap after GC invocations=12 (full 0):
 garbage-first heap   total 58368K, used 25164K [0x00000000c2200000, 0x0000000100000000)
  region size 1024K, 3 young (3072K), 3 survivors (3072K)
 Metaspace       used 36243K, committed 36608K, reserved 1081344K
  class space    used 4664K, committed 4800K, reserved 1048576K
}
Event: 14.363 GC heap before
{Heap before GC invocations=12 (full 0):
 garbage-first heap   total 58368K, used 26188K [0x00000000c2200000, 0x0000000100000000)
  region size 1024K, 4 young (4096K), 3 survivors (3072K)
 Metaspace       used 36243K, committed 36608K, reserved 1081344K
  class space    used 4664K, committed 4800K, reserved 1048576K
}
Event: 14.373 GC heap after
{Heap after GC invocations=13 (full 0):
 garbage-first heap   total 58368K, used 25816K [0x00000000c2200000, 0x0000000100000000)
  region size 1024K, 1 young (1024K), 1 survivors (1024K)
 Metaspace       used 36243K, committed 36608K, reserved 1081344K
  class space    used 4664K, committed 4800K, reserved 1048576K
}
Event: 14.652 GC heap before
{Heap before GC invocations=13 (full 0):
 garbage-first heap   total 58368K, used 42200K [0x00000000c2200000, 0x0000000100000000)
  region size 1024K, 18 young (18432K), 1 survivors (1024K)
 Metaspace       used 36399K, committed 36736K, reserved 1081344K
  class space    used 4677K, committed 4800K, reserved 1048576K
}
Event: 14.660 GC heap after
{Heap after GC invocations=14 (full 0):
 garbage-first heap   total 58368K, used 29473K [0x00000000c2200000, 0x0000000100000000)
  region size 1024K, 3 young (3072K), 3 survivors (3072K)
 Metaspace       used 36399K, committed 36736K, reserved 1081344K
  class space    used 4677K, committed 4800K, reserved 1048576K
}
Event: 14.851 GC heap before
{Heap before GC invocations=14 (full 0):
 garbage-first heap   total 58368K, used 42785K [0x00000000c2200000, 0x0000000100000000)
  region size 1024K, 17 young (17408K), 3 survivors (3072K)
 Metaspace       used 36915K, committed 37248K, reserved 1081344K
  class space    used 4744K, committed 4864K, reserved 1048576K
}
Event: 14.865 GC heap after
{Heap after GC invocations=15 (full 0):
 garbage-first heap   total 116736K, used 31969K [0x00000000c2200000, 0x0000000100000000)
  region size 1024K, 3 young (3072K), 3 survivors (3072K)
 Metaspace       used 36915K, committed 37248K, reserved 1081344K
  class space    used 4744K, committed 4864K, reserved 1048576K
}
Event: 15.416 GC heap before
{Heap before GC invocations=16 (full 0):
 garbage-first heap   total 116736K, used 78049K [0x00000000c2200000, 0x0000000100000000)
  region size 1024K, 49 young (50176K), 3 survivors (3072K)
 Metaspace       used 38056K, committed 38336K, reserved 1089536K
  class space    used 4809K, committed 4928K, reserved 1048576K
}
Event: 15.448 GC heap after
{Heap after GC invocations=17 (full 0):
 garbage-first heap   total 116736K, used 40632K [0x00000000c2200000, 0x0000000100000000)
  region size 1024K, 7 young (7168K), 7 survivors (7168K)
 Metaspace       used 38056K, committed 38336K, reserved 1089536K
  class space    used 4809K, committed 4928K, reserved 1048576K
}
Event: 15.460 GC heap before
{Heap before GC invocations=17 (full 0):
 garbage-first heap   total 116736K, used 41656K [0x00000000c2200000, 0x0000000100000000)
  region size 1024K, 8 young (8192K), 7 survivors (7168K)
 Metaspace       used 38056K, committed 38336K, reserved 1089536K
  class space    used 4809K, committed 4928K, reserved 1048576K
}
Event: 15.477 GC heap after
{Heap after GC invocations=18 (full 0):
 garbage-first heap   total 116736K, used 41789K [0x00000000c2200000, 0x0000000100000000)
  region size 1024K, 1 young (1024K), 1 survivors (1024K)
 Metaspace       used 38056K, committed 38336K, reserved 1089536K
  class space    used 4809K, committed 4928K, reserved 1048576K
}
Event: 15.850 GC heap before
{Heap before GC invocations=18 (full 0):
 garbage-first heap   total 116736K, used 81725K [0x00000000c2200000, 0x0000000100000000)
  region size 1024K, 40 young (40960K), 1 survivors (1024K)
 Metaspace       used 38660K, committed 38976K, reserved 1089536K
  class space    used 4871K, committed 5056K, reserved 1048576K
}
Event: 15.885 GC heap after
{Heap after GC invocations=19 (full 0):
 garbage-first heap   total 116736K, used 53248K [0x00000000c2200000, 0x0000000100000000)
  region size 1024K, 5 young (5120K), 5 survivors (5120K)
 Metaspace       used 38660K, committed 38976K, reserved 1089536K
  class space    used 4871K, committed 5056K, reserved 1048576K
}
Event: 17.143 GC heap before
{Heap before GC invocations=19 (full 0):
 garbage-first heap   total 116736K, used 82944K [0x00000000c2200000, 0x0000000100000000)
  region size 1024K, 35 young (35840K), 5 survivors (5120K)
 Metaspace       used 40717K, committed 41088K, reserved 1089536K
  class space    used 5180K, committed 5312K, reserved 1048576K
}
Event: 17.171 GC heap after
{Heap after GC invocations=20 (full 0):
 garbage-first heap   total 116736K, used 58576K [0x00000000c2200000, 0x0000000100000000)
  region size 1024K, 5 young (5120K), 5 survivors (5120K)
 Metaspace       used 40717K, committed 41088K, reserved 1089536K
  class space    used 5180K, committed 5312K, reserved 1048576K
}
Event: 17.178 GC heap before
{Heap before GC invocations=20 (full 0):
 garbage-first heap   total 116736K, used 58576K [0x00000000c2200000, 0x0000000100000000)
  region size 1024K, 6 young (6144K), 5 survivors (5120K)
 Metaspace       used 40725K, committed 41088K, reserved 1089536K
  class space    used 5182K, committed 5312K, reserved 1048576K
}

Dll operation events (8 events):
Event: 0.028 Loaded shared library c:\Users\lukag\.vscode\extensions\redhat.java-1.13.0-win32-x64\jre\17.0.5-win32-x86_64\bin\java.dll
Event: 1.192 Loaded shared library C:\Users\lukag\.vscode\extensions\redhat.java-1.13.0-win32-x64\jre\17.0.5-win32-x86_64\bin\net.dll
Event: 1.201 Loaded shared library C:\Users\lukag\.vscode\extensions\redhat.java-1.13.0-win32-x64\jre\17.0.5-win32-x86_64\bin\nio.dll
Event: 1.242 Loaded shared library C:\Users\lukag\.vscode\extensions\redhat.java-1.13.0-win32-x64\jre\17.0.5-win32-x86_64\bin\zip.dll
Event: 1.929 Loaded shared library c:\Users\lukag\.vscode\extensions\redhat.java-1.13.0-win32-x64\jre\17.0.5-win32-x86_64\bin\verify.dll
Event: 1.967 Loaded shared library C:\Users\lukag\.vscode\extensions\redhat.java-1.13.0-win32-x64\jre\17.0.5-win32-x86_64\bin\jimage.dll
Event: 6.287 Loaded shared library C:\Users\lukag\.vscode\extensions\redhat.java-1.13.0-win32-x64\jre\17.0.5-win32-x86_64\bin\management.dll
Event: 6.299 Loaded shared library C:\Users\lukag\.vscode\extensions\redhat.java-1.13.0-win32-x64\jre\17.0.5-win32-x86_64\bin\management_ext.dll

Deoptimization events (12 events):
Event: 7.189 Thread 0x00000265959884c0 DEOPT PACKING pc=0x0000026598ae3119 sp=0x0000007d648fd620
Event: 7.189 Thread 0x00000265959884c0 DEOPT UNPACKING pc=0x0000026598662b24 sp=0x0000007d648fcb00 mode 3
Event: 11.480 Thread 0x00000265959884c0 DEOPT PACKING pc=0x0000026598c55819 sp=0x0000007d648fc980
Event: 11.480 Thread 0x00000265959884c0 DEOPT UNPACKING pc=0x0000026598662b24 sp=0x0000007d648fbe68 mode 3
Event: 12.943 Thread 0x00000265a112e020 DEOPT PACKING pc=0x0000026598d10835 sp=0x0000007d663fdc10
Event: 12.943 Thread 0x00000265a112e020 DEOPT UNPACKING pc=0x0000026598662b24 sp=0x0000007d663fd138 mode 3
Event: 13.066 Thread 0x00000265a2902060 DEOPT PACKING pc=0x0000026598ae0d81 sp=0x0000007d662fdbd0
Event: 13.066 Thread 0x00000265a2902060 DEOPT UNPACKING pc=0x0000026598662b24 sp=0x0000007d662fd060 mode 3
Event: 13.072 Thread 0x00000265a112e990 DEOPT PACKING pc=0x0000026598adde97 sp=0x0000007d664ff380
Event: 13.072 Thread 0x00000265a112e990 DEOPT UNPACKING pc=0x0000026598662b24 sp=0x0000007d664fe7d8 mode 3
Event: 13.535 Thread 0x00000265a0946d50 DEOPT PACKING pc=0x0000026598d37eab sp=0x0000007d669fe720
Event: 13.536 Thread 0x00000265a0946d50 DEOPT UNPACKING pc=0x0000026598662b24 sp=0x0000007d669fdc68 mode 3

Classes unloaded (0 events):
No events

Classes redefined (0 events):
No events

Internal exceptions (20 events):
Event: 13.763 Thread 0x00000265a09463b0 Exception <a 'sun/nio/fs/WindowsException'{0x00000000c5f1b738}> (0x00000000c5f1b738) 
thrown [s\src\hotspot\share\prims\jni.cpp, line 516]
Event: 13.772 Thread 0x00000265a09463b0 Exception <a 'sun/nio/fs/WindowsException'{0x00000000c5f1c138}> (0x00000000c5f1c138) 
thrown [s\src\hotspot\share\prims\jni.cpp, line 516]
Event: 13.774 Thread 0x00000265a09463b0 Exception <a 'sun/nio/fs/WindowsException'{0x00000000c5f1c4f8}> (0x00000000c5f1c4f8) 
thrown [s\src\hotspot\share\prims\jni.cpp, line 516]
Event: 13.774 Thread 0x00000265a09463b0 Exception <a 'sun/nio/fs/WindowsException'{0x00000000c5f1cef8}> (0x00000000c5f1cef8) 
thrown [s\src\hotspot\share\prims\jni.cpp, line 516]
Event: 13.775 Thread 0x00000265a09463b0 Exception <a 'sun/nio/fs/WindowsException'{0x00000000c5f1d2a8}> (0x00000000c5f1d2a8) 
thrown [s\src\hotspot\share\prims\jni.cpp, line 516]
Event: 13.775 Thread 0x00000265a09463b0 Exception <a 'sun/nio/fs/WindowsException'{0x00000000c5f1dca8}> (0x00000000c5f1dca8) 
thrown [s\src\hotspot\share\prims\jni.cpp, line 516]
Event: 13.776 Thread 0x00000265a09463b0 Exception <a 'sun/nio/fs/WindowsException'{0x00000000c5f1e068}> (0x00000000c5f1e068) 
thrown [s\src\hotspot\share\prims\jni.cpp, line 516]
Event: 13.776 Thread 0x00000265a09463b0 Exception <a 'sun/nio/fs/WindowsException'{0x00000000c5f1ea90}> (0x00000000c5f1ea90) 
thrown [s\src\hotspot\share\prims\jni.cpp, line 516]
Event: 13.776 Thread 0x00000265a09463b0 Exception <a 'sun/nio/fs/WindowsException'{0x00000000c5f1ee70}> (0x00000000c5f1ee70) 
thrown [s\src\hotspot\share\prims\jni.cpp, line 516]
Event: 13.780 Thread 0x00000265a09463b0 Exception <a 'sun/nio/fs/WindowsException'{0x00000000c5f1f8a8}> (0x00000000c5f1f8a8) 
thrown [s\src\hotspot\share\prims\jni.cpp, line 516]
Event: 13.786 Thread 0x00000265a09463b0 Exception <a 'sun/nio/fs/WindowsException'{0x00000000c5f1fc98}> (0x00000000c5f1fc98) 
thrown [s\src\hotspot\share\prims\jni.cpp, line 516]
Event: 13.790 Thread 0x00000265a09463b0 Exception <a 'sun/nio/fs/WindowsException'{0x00000000c5f206c0}> (0x00000000c5f206c0) 
thrown [s\src\hotspot\share\prims\jni.cpp, line 516]
Event: 13.794 Thread 0x00000265a09463b0 Exception <a 'sun/nio/fs/WindowsException'{0x00000000c5f20ab0}> (0x00000000c5f20ab0) 
thrown [s\src\hotspot\share\prims\jni.cpp, line 516]
Event: 15.820 Thread 0x00000265a112e020 Exception <a 'java/lang/NoSuchMethodError'{0x00000000c6c6ec90}: 'java.lang.Object java.lang.invoke.Invokers$Holder.invoke_MT(java.lang.Object, java.lang.Object, java.lang.Object)'> (0x00000000c6c6ec90) 
thrown [s\src\hotspot\share\interpreter\linkResolver.cpp, line 759]
Event: 16.281 Thread 0x00000265a112e020 Exception <a 'java/lang/NoSuchMethodError'{0x00000000c89655a8}: 'java.lang.Object java.lang.invoke.DirectMethodHandle$Holder.newInvokeSpecial(java.lang.Object, java.lang.Object, int)'> (0x00000000c89655a8) 
thrown [s\src\hotspot\share\interpreter\linkResolver.cpp, line 759]
Event: 16.304 Thread 0x00000265a0940a20 Exception <a 'java/lang/NoSuchMethodError'{0x00000000c8820e90}: 'java.lang.Object java.lang.invoke.Invokers$Holder.linkToTargetMethod(java.lang.Object, long, java.lang.Object)'> (0x00000000c8820e90) 
thrown [s\src\hotspot\share\interpreter\linkResolver.cpp, line 759]
Event: 16.339 Thread 0x00000265a112e020 Exception <a 'sun/nio/fs/WindowsException'{0x00000000c89e3928}> (0x00000000c89e3928) 
thrown [s\src\hotspot\share\prims\jni.cpp, line 516]
Event: 16.360 Thread 0x00000265a0940a20 Exception <a 'sun/nio/fs/WindowsException'{0x00000000c8777700}> (0x00000000c8777700) 
thrown [s\src\hotspot\share\prims\jni.cpp, line 516]
Event: 16.374 Thread 0x00000265a0940a20 Exception <a 'sun/nio/fs/WindowsException'{0x00000000c8782818}> (0x00000000c8782818) 
thrown [s\src\hotspot\share\prims\jni.cpp, line 516]
Event: 16.471 Thread 0x00000265a09443e0 Exception <a 'sun/nio/fs/WindowsException'{0x00000000c86c65b8}> (0x00000000c86c65b8) 
thrown [s\src\hotspot\share\prims\jni.cpp, line 516]

VM Operations (20 events):
Event: 15.058 Executing VM operation: G1Concurrent done
Event: 15.416 Executing VM operation: G1CollectForAllocation
Event: 15.448 Executing VM operation: G1CollectForAllocation done
Event: 15.460 Executing VM operation: G1CollectForAllocation
Event: 15.477 Executing VM operation: G1CollectForAllocation done
Event: 15.658 Executing VM operation: HandshakeAllThreads
Event: 15.658 Executing VM operation: HandshakeAllThreads done
Event: 15.679 Executing VM operation: HandshakeAllThreads
Event: 15.700 Executing VM operation: HandshakeAllThreads done
Event: 15.849 Executing VM operation: G1CollectForAllocation
Event: 15.885 Executing VM operation: G1CollectForAllocation done
Event: 15.995 Executing VM operation: HandshakeAllThreads
Event: 15.995 Executing VM operation: HandshakeAllThreads done
Event: 16.904 Executing VM operation: HandshakeAllThreads
Event: 16.905 Executing VM operation: HandshakeAllThreads done
Event: 16.905 Executing VM operation: Cleanup
Event: 16.907 Executing VM operation: Cleanup done
Event: 17.124 Executing VM operation: G1CollectForAllocation
Event: 17.171 Executing VM operation: G1CollectForAllocation done
Event: 17.177 Executing VM operation: G1TryInitiateConcMark

Events (20 events):
Event: 16.536 loading class jdk/internal/jrtfs/SystemImage
Event: 16.536 loading class jdk/internal/jrtfs/SystemImage done
Event: 16.538 loading class java/security/AllPermissionCollection
Event: 16.538 loading class java/security/AllPermissionCollection done
Event: 16.538 loading class jdk/internal/jrtfs/SystemImage$2
Event: 16.539 loading class jdk/internal/jrtfs/SystemImage$2 done
Event: 16.539 loading class jdk/internal/jrtfs/SystemImage$1
Event: 16.539 loading class jdk/internal/jrtfs/SystemImage$1 done
Event: 16.553 loading class jdk/internal/jrtfs/JrtFileSystem$1
Event: 16.554 loading class jdk/internal/jrtfs/JrtFileSystem$1 done
Event: 16.656 loading class java/util/ResourceBundle$Control$1
Event: 16.656 loading class java/util/ResourceBundle$Control$1 done
Event: 16.867 loading class java/io/FileWriter
Event: 16.867 loading class java/io/FileWriter done
Event: 16.878 loading class java/nio/charset/IllegalCharsetNameException
Event: 16.878 loading class java/nio/charset/IllegalCharsetNameException done
Event: 16.901 loading class java/util/JumboEnumSet
Event: 16.902 loading class java/util/JumboEnumSet done
Event: 16.950 loading class java/util/JumboEnumSet$EnumSetIterator
Event: 16.951 loading class java/util/JumboEnumSet$EnumSetIterator done


Dynamic libraries:
0x00007ff62dd70000 - 0x00007ff62dd7e000 	c:\Users\lukag\.vscode\extensions\redhat.java-1.13.0-win32-x64\jre\17.0.5-win32-x86_64\bin\java.exe
0x00007ffc153d0000 - 0x00007ffc155c8000 	C:\WINDOWS\SYSTEM32\ntdll.dll
0x00007ffc14ad0000 - 0x00007ffc14b8f000 	C:\WINDOWS\System32\KERNEL32.DLL
0x00007ffc12ac0000 - 0x00007ffc12d92000 	C:\WINDOWS\System32\KERNELBASE.dll
0x00007ffc130a0000 - 0x00007ffc131a0000 	C:\WINDOWS\System32\ucrtbase.dll
0x00007ffc0b8b0000 - 0x00007ffc0b8c9000 	c:\Users\lukag\.vscode\extensions\redhat.java-1.13.0-win32-x64\jre\17.0.5-win32-x86_64\bin\VCRUNTIME140.dll
0x00007ffc0b8d0000 - 0x00007ffc0b8e7000 	c:\Users\lukag\.vscode\extensions\redhat.java-1.13.0-win32-x64\jre\17.0.5-win32-x86_64\bin\jli.dll
0x00007ffc14d10000 - 0x00007ffc14eb1000 	C:\WINDOWS\System32\USER32.dll
0x00007ffc13220000 - 0x00007ffc13242000 	C:\WINDOWS\System32\win32u.dll
0x00007ffc02460000 - 0x00007ffc026fa000 	C:\WINDOWS\WinSxS\amd64_microsoft.windows.common-controls_6595b64144ccf1df_6.0.19041.1110_none_60b5254171f9507e\COMCTL32.dll
0x00007ffc137c0000 - 0x00007ffc137eb000 	C:\WINDOWS\System32\GDI32.dll
0x00007ffc13ff0000 - 0x00007ffc1408e000 	C:\WINDOWS\System32\msvcrt.dll
0x00007ffc12f90000 - 0x00007ffc1309f000 	C:\WINDOWS\System32\gdi32full.dll
0x00007ffc13300000 - 0x00007ffc1339d000 	C:\WINDOWS\System32\msvcp_win.dll
0x00007ffc13c60000 - 0x00007ffc13c92000 	C:\WINDOWS\System32\IMM32.DLL
0x00007ffc0e440000 - 0x00007ffc0e44c000 	c:\Users\lukag\.vscode\extensions\redhat.java-1.13.0-win32-x64\jre\17.0.5-win32-x86_64\bin\vcruntime140_1.dll
0x00007ffbf1c70000 - 0x00007ffbf1d01000 	c:\Users\lukag\.vscode\extensions\redhat.java-1.13.0-win32-x64\jre\17.0.5-win32-x86_64\bin\msvcp140.dll
0x00007ffbb1000000 - 0x00007ffbb1c44000 	c:\Users\lukag\.vscode\extensions\redhat.java-1.13.0-win32-x64\jre\17.0.5-win32-x86_64\bin\server\jvm.dll
0x00007ffc134d0000 - 0x00007ffc1357e000 	C:\WINDOWS\System32\ADVAPI32.dll
0x00007ffc13430000 - 0x00007ffc134cc000 	C:\WINDOWS\System32\sechost.dll
0x00007ffc13ec0000 - 0x00007ffc13fe5000 	C:\WINDOWS\System32\RPCRT4.dll
0x00007ffc0b7d0000 - 0x00007ffc0b7d9000 	C:\WINDOWS\SYSTEM32\WSOCK32.dll
0x00007ffc13ca0000 - 0x00007ffc13d0b000 	C:\WINDOWS\System32\WS2_32.dll
0x00007ffbfb440000 - 0x00007ffbfb467000 	C:\WINDOWS\SYSTEM32\WINMM.dll
0x00007ffc04d20000 - 0x00007ffc04d2a000 	C:\WINDOWS\SYSTEM32\VERSION.dll
0x00007ffc10960000 - 0x00007ffc10972000 	C:\WINDOWS\SYSTEM32\kernel.appcore.dll
0x00007ffc023e0000 - 0x00007ffc023ea000 	c:\Users\lukag\.vscode\extensions\redhat.java-1.13.0-win32-x64\jre\17.0.5-win32-x86_64\bin\jimage.dll
0x00007ffbfef80000 - 0x00007ffbff164000 	C:\WINDOWS\SYSTEM32\DBGHELP.DLL
0x00007ffbfef40000 - 0x00007ffbfef75000 	C:\WINDOWS\SYSTEM32\dbgcore.DLL
0x00007ffc12da0000 - 0x00007ffc12e22000 	C:\WINDOWS\System32\bcryptPrimitives.dll
0x00007ffbf71e0000 - 0x00007ffbf7205000 	c:\Users\lukag\.vscode\extensions\redhat.java-1.13.0-win32-x64\jre\17.0.5-win32-x86_64\bin\java.dll
0x00007ffc016b0000 - 0x00007ffc016c8000 	c:\Users\lukag\.vscode\extensions\redhat.java-1.13.0-win32-x64\jre\17.0.5-win32-x86_64\bin\zip.dll
0x00007ffc142a0000 - 0x00007ffc149e4000 	C:\WINDOWS\System32\SHELL32.dll
0x00007ffc10b80000 - 0x00007ffc11312000 	C:\WINDOWS\SYSTEM32\windows.storage.dll
0x00007ffc13900000 - 0x00007ffc13c55000 	C:\WINDOWS\System32\combase.dll
0x00007ffc12440000 - 0x00007ffc12470000 	C:\WINDOWS\SYSTEM32\Wldp.dll
0x00007ffc13660000 - 0x00007ffc1370d000 	C:\WINDOWS\System32\SHCORE.dll
0x00007ffc14b90000 - 0x00007ffc14be5000 	C:\WINDOWS\System32\shlwapi.dll
0x00007ffc12a00000 - 0x00007ffc12a1f000 	C:\WINDOWS\SYSTEM32\profapi.dll
0x00007ffbfd8d0000 - 0x00007ffbfd8e9000 	C:\Users\lukag\.vscode\extensions\redhat.java-1.13.0-win32-x64\jre\17.0.5-win32-x86_64\bin\net.dll
0x00007ffc0d4d0000 - 0x00007ffc0d5dc000 	C:\WINDOWS\SYSTEM32\WINHTTP.dll
0x00007ffc121a0000 - 0x00007ffc1220a000 	C:\WINDOWS\system32\mswsock.dll
0x00007ffbf6b90000 - 0x00007ffbf6ba5000 	C:\Users\lukag\.vscode\extensions\redhat.java-1.13.0-win32-x64\jre\17.0.5-win32-x86_64\bin\nio.dll
0x00007ffc01ab0000 - 0x00007ffc01ac0000 	c:\Users\lukag\.vscode\extensions\redhat.java-1.13.0-win32-x64\jre\17.0.5-win32-x86_64\bin\verify.dll
0x00007ffc10270000 - 0x00007ffc10279000 	C:\Users\lukag\.vscode\extensions\redhat.java-1.13.0-win32-x64\jre\17.0.5-win32-x86_64\bin\management.dll
0x00007ffc0e550000 - 0x00007ffc0e55b000 	C:\Users\lukag\.vscode\extensions\redhat.java-1.13.0-win32-x64\jre\17.0.5-win32-x86_64\bin\management_ext.dll
0x00007ffc14ac0000 - 0x00007ffc14ac8000 	C:\WINDOWS\System32\PSAPI.DLL
0x00007ffc0e450000 - 0x00007ffc0e467000 	C:\WINDOWS\system32\napinsp.dll
0x00007ffc0e510000 - 0x00007ffc0e52b000 	C:\WINDOWS\system32\pnrpnsp.dll
0x00007ffbfa9d0000 - 0x00007ffbfa9e5000 	C:\WINDOWS\system32\wshbth.dll
0x00007ffc0e420000 - 0x00007ffc0e43d000 	C:\WINDOWS\system32\NLAapi.dll
0x00007ffc11e90000 - 0x00007ffc11ecb000 	C:\WINDOWS\SYSTEM32\IPHLPAPI.DLL
0x00007ffc11ed0000 - 0x00007ffc11f9a000 	C:\WINDOWS\SYSTEM32\DNSAPI.dll
0x00007ffc13850000 - 0x00007ffc13858000 	C:\WINDOWS\System32\NSI.dll
0x00007ffc0e530000 - 0x00007ffc0e542000 	C:\WINDOWS\System32\winrnr.dll
0x00007ffc081a0000 - 0x00007ffc081aa000 	C:\Windows\System32\rasadhlp.dll
0x00007ffc04940000 - 0x00007ffc049c0000 	C:\WINDOWS\System32\fwpuclnt.dll
0x00007ffc131a0000 - 0x00007ffc131c7000 	C:\WINDOWS\System32\bcrypt.dll
0x00007ffc12390000 - 0x00007ffc123a8000 	C:\WINDOWS\SYSTEM32\CRYPTSP.dll
0x00007ffc11ac0000 - 0x00007ffc11af4000 	C:\WINDOWS\system32\rsaenh.dll
0x00007ffc129c0000 - 0x00007ffc129ee000 	C:\WINDOWS\SYSTEM32\USERENV.dll
0x00007ffc123b0000 - 0x00007ffc123bc000 	C:\WINDOWS\SYSTEM32\CRYPTBASE.dll
0x00007ffc04f60000 - 0x00007ffc04f77000 	C:\WINDOWS\SYSTEM32\dhcpcsvc6.DLL
0x00007ffc060e0000 - 0x00007ffc060fd000 	C:\WINDOWS\SYSTEM32\dhcpcsvc.DLL

dbghelp: loaded successfully - version: 4.0.5 - missing functions: none
symbol engine: initialized successfully - sym options: 0x614 - pdb path: .;c:\Users\lukag\.vscode\extensions\redhat.java-1.13.0-win32-x64\jre\17.0.5-win32-x86_64\bin;C:\WINDOWS\SYSTEM32;C:\WINDOWS\WinSxS\amd64_microsoft.windows.common-controls_6595b64144ccf1df_6.0.19041.1110_none_60b5254171f9507e;c:\Users\lukag\.vscode\extensions\redhat.java-1.13.0-win32-x64\jre\17.0.5-win32-x86_64\bin\server

VM Arguments:
jvm_args: -Dsts.lsp.client=vscode -Dsts.log.file=/dev/null -XX:TieredStopAtLevel=1 -Xlog:jni+resolve=off -Dspring.config.location=file:c:\Users\lukag\.vscode\extensions\pivotal.vscode-spring-boot-1.42.0\language-server\BOOT-INF\classes\application.properties 
java_command: org.springframework.ide.vscode.boot.app.BootLanguageServerBootApp
java_class_path (initial): c:\Users\lukag\.vscode\extensions\pivotal.vscode-spring-boot-1.42.0\language-server\BOOT-INF\classes;c:\Users\lukag\.vscode\extensions\pivotal.vscode-spring-boot-1.42.0\language-server\BOOT-INF\lib\annotations-23.1.0.jar;c:\Users\lukag\.vscode\extensions\pivotal.vscode-spring-boot-1.42.0\language-server\BOOT-INF\lib\ant-1.10.12.jar;c:\Users\lukag\.vscode\extensions\pivotal.vscode-spring-boot-1.42.0\language-server\BOOT-INF\lib\ant-launcher-1.10.12.jar;c:\Users\lukag\.vscode\extensions\pivotal.vscode-spring-boot-1.42.0\language-server\BOOT-INF\lib\antlr-runtime-3.5.2.jar;c:\Users\lukag\.vscode\extensions\pivotal.vscode-spring-boot-1.42.0\language-server\BOOT-INF\lib\antlr4-4.9.3.jar;c:\Users\lukag\.vscode\extensions\pivotal.vscode-spring-boot-1.42.0\language-server\BOOT-INF\lib\antlr4-runtime-4.9.3.jar;c:\Users\lukag\.vscode\extensions\pivotal.vscode-spring-boot-1.42.0\language-server\BOOT-INF\lib\apiguardian-api-1.1.2.jar;c:\Users\lukag\.vscode\extensions\pivotal.vscode-spring-boot-1.42.0\language-server\BOOT-INF\lib\asm-9.4.jar;c:\Users\lukag\.vscode\extensions\pivotal.vscode-spring-boot-1.42.0\language-server\BOOT-INF\lib\asm-analysis-9.4.jar;c:\Users\lukag\.vscode\extensions\pivotal.vscode-spring-boot-1.42.0\language-server\BOOT-INF\lib\asm-tree-9.4.jar;c:\Users\lukag\.vscode\extensions\pivotal.vscode-spring-boot-1.42.0\language-server\BOOT-INF\lib\asm-util-9.4.jar;c:\Users\lukag\.vscode\extensions\pivotal.vscode-spring-boot-1.42.0\language-server\BOOT-INF\lib\caffeine-2.9.3.jar;c:\Users\lukag\.vscode\extensions\pivotal.vscode-spring-boot-1.42.0\language-server\BOOT-INF\lib\checker-qual-3.12.0.jar;c:\Users\lukag\.vscode\extensions\pivotal.vscode-spring-boot-1.42.0\language-server\BOOT-INF\lib\ci-environment-9.1.0.jar;c:\Users\lukag\.vscode\extensions\pivotal.vscode-spring-boot-1.42.0\language-server\BOOT-INF\lib\classgraph-4.8.149.jar;c:\Users\lukag\.vscode\extensions\pivotal.vscode-spring-boot-1.42.0\language-server\BOOT-INF\lib\comm
Launcher Type: SUN_STANDARD

[Global flags]
     intx CICompilerCount                          = 3                                         {product} {ergonomic}
     uint ConcGCThreads                            = 1                                         {product} {ergonomic}
     uint G1ConcRefinementThreads                  = 4                                         {product} {ergonomic}
   size_t G1HeapRegionSize                         = 1048576                                   {product} {ergonomic}
    uintx GCDrainStackTargetSize                   = 64                                        {product} {ergonomic}
   size_t InitialHeapSize                          = 65011712                                  {product} {ergonomic}
   size_t MarkStackSize                            = 4194304                                   {product} {ergonomic}
   size_t MaxHeapSize                              = 1038090240                                {product} {ergonomic}
   size_t MaxNewSize                               = 622854144                                 {product} {ergonomic}
   size_t MinHeapDeltaBytes                        = 1048576                                   {product} {ergonomic}
   size_t MinHeapSize                              = 8388608                                   {product} {ergonomic}
    uintx NonProfiledCodeHeapSize                  = 0                                      {pd product} {ergonomic}
     bool ProfileInterpreter                       = false                                  {pd product} {command line}
    uintx ProfiledCodeHeapSize                     = 0                                      {pd product} {ergonomic}
   size_t SoftMaxHeapSize                          = 1038090240                             {manageable} {ergonomic}
     intx TieredStopAtLevel                        = 1                                         {product} {command line}
     bool UseCompressedClassPointers               = true                           {product lp64_product} {ergonomic}
     bool UseCompressedOops                        = true                           {product lp64_product} {ergonomic}
     bool UseG1GC                                  = true                                      {product} {ergonomic}
     bool UseLargePagesIndividualAllocation        = false                                  {pd product} {ergonomic}

Logging:
Log output configuration:
 #0: stdout all=warning,jni+resolve=off uptime,level,tags
 #1: stderr all=off uptime,level,tags

Environment Variables:
JAVA_HOME=C:\Program Files\Java\jdk-11.0.15
PATH=C:\Program Files\Common Files\Oracle\Java\javapath;C:\WINDOWS\system32;C:\WINDOWS;C:\WINDOWS\System32\Wbem;C:\WINDOWS\System32\WindowsPowerShell\v1.0\;C:\WINDOWS\System32\OpenSSH\;C:\Program Files\Java\jdk-11.0.15\Bin;C:\Program Files\dotnet\;C:\Program Files\Git\cmd;C:\Users\lukag\AppData\Local\Microsoft\WindowsApps;C:\Users\lukag\AppData\Local\Programs\Microsoft VS Code\bin;C:\Users\lukag\AppData\Local\GitHubDesktop\bin
USERNAME=BUDA
OS=Windows_NT
PROCESSOR_IDENTIFIER=Intel64 Family 6 Model 76 Stepping 4, GenuineIntel
TMP=C:\Users\lukag\AppData\Local\Temp
TEMP=C:\Users\lukag\AppData\Local\Temp



---------------  S Y S T E M  ---------------

OS:
 Windows 10 , 64 bit Build 19041 (10.0.19041.2364)
OS uptime: 0 days 8:20 hours

CPU: total 4 (initial active 4) (4 cores per cpu, 1 threads per core) family 6 model 76 stepping 4 microcode 0x411, cx8, cmov, fxsr, mmx, 3dnowpref, sse, sse2, sse3, ssse3, sse4.1, sse4.2, popcnt, tsc, tscinvbit, aes, erms, clmul, clflush

Memory: 4k page, system-wide physical 3956M (268M free)
TotalPageFile size 5735M (AvailPageFile size 24M)
current process WorkingSet (physical memory assigned to process): 214M, peak: 214M
current process commit charge ("private bytes"): 248M, peak: 406M

vm_info: OpenJDK 64-Bit Server VM (17.0.5+8) for windows-amd64 JRE (17.0.5+8), built on Oct 19 2022 04:48:13 by "temurin" with MS VC++ 16.7 (VS2019)

END.
