#
# There is insufficient memory for the Java Runtime Environment to continue.
# Native memory allocation (mmap) failed to map 204472320 bytes for G1 virtual space
# Possible reasons:
#   The system is out of physical RAM or swap space
#   The process is running with CompressedOops enabled, and the Java Heap may be blocking the growth of the native heap
# Possible solutions:
#   Reduce memory load on the system
#   Increase physical memory or swap space
#   Check if swap backing store is full
#   Decrease Java heap size (-Xmx/-Xms)
#   Decrease number of Java threads
#   Decrease Java thread stack sizes (-Xss)
#   Set larger code cache with -XX:ReservedCodeCacheSize=
#   JVM is running with Unscaled Compressed Oops mode in which the Java heap is
#     placed in the first 4GB address space. The Java Heap base address is the
#     maximum limit for the native heap growth. Please use -XX:HeapBaseMinAddress
#     to set the Java Heap base and to place the Java Heap above 4GB virtual address.
# This output file may be truncated or incomplete.
#
#  Out of Memory Error (os_windows.cpp:3548), pid=412, tid=8584
#
# JRE version: OpenJDK Runtime Environment Temurin-17.0.5+8 (17.0.5+8) (build 17.0.5+8)
# Java VM: OpenJDK 64-Bit Server VM Temurin-17.0.5+8 (17.0.5+8, mixed mode, emulated-client, tiered, compressed oops, compressed class ptrs, g1 gc, windows-amd64)
# No core dump will be written. Minidumps are not enabled by default on client versions of Windows
#

---------------  S U M M A R Y ------------

Command Line: -Dsts.lsp.client=vscode -Dsts.log.file=/dev/null -XX:TieredStopAtLevel=1 -Xlog:jni+resolve=off -Dspring.config.location=file:c:\Users\lukag\.vscode\extensions\pivotal.vscode-spring-boot-1.42.0\language-server\BOOT-INF\classes\application.properties org.springframework.ide.vscode.boot.app.BootLanguageServerBootApp

Host: Intel(R) Atom(TM) x5-Z8350  CPU @ 1.44GHz, 4 cores, 3G,  Windows 10 , 64 bit Build 19041 (10.0.19041.2364)
Time: Mon Jan  2 16:18:56 2023 Hora Padrão da Bahia elapsed time: 18.338194 seconds (0d 0h 0m 18s)

---------------  T H R E A D  ---------------

Current thread (0x000001e2fe26b5b0):  VMThread "VM Thread" [stack: 0x0000002768300000,0x0000002768400000] [id=8584]

Stack: [0x0000002768300000,0x0000002768400000]
Native frames: (J=compiled Java code, j=interpreted, Vv=VM code, C=native code)
V  [jvm.dll+0x676b3a]
V  [jvm.dll+0x831444]
V  [jvm.dll+0x832bee]
V  [jvm.dll+0x833253]
V  [jvm.dll+0x244ce5]
V  [jvm.dll+0x673a49]
V  [jvm.dll+0x66811a]
V  [jvm.dll+0x303ceb]
V  [jvm.dll+0x30b1e6]
V  [jvm.dll+0x35adbe]
V  [jvm.dll+0x35afef]
V  [jvm.dll+0x2dab88]
V  [jvm.dll+0x2d8e3c]
V  [jvm.dll+0x2d840c]
V  [jvm.dll+0x31c31b]
V  [jvm.dll+0x8376fb]
V  [jvm.dll+0x838434]
V  [jvm.dll+0x83894c]
V  [jvm.dll+0x838d24]
V  [jvm.dll+0x838df0]
V  [jvm.dll+0x7e17ea]
V  [jvm.dll+0x6759e5]
C  [ucrtbase.dll+0x21bb2]
C  [KERNEL32.DLL+0x17614]
C  [ntdll.dll+0x526a1]

VM_Operation (0x000000276a4fe0d0): G1CollectForAllocation, mode: safepoint, requested by thread 0x000001e28094ba50


---------------  P R O C E S S  ---------------

Threads class SMR info:
_java_thread_list=0x000001e2809c3120, length=42, elements={
0x000001e2fe2819b0, 0x000001e2fe284830, 0x000001e2fe2c29f0, 0x000001e2fe2c3670,
0x000001e2fe2c5030, 0x000001e2fe2daf30, 0x000001e2fe2dc8b0, 0x000001e2fe2df1c0,
0x000001e2feeddc80, 0x000001e2feedf5a0, 0x000001e2ff4514d0, 0x000001e2ff1406c0,
0x000001e280720840, 0x000001e2808e0590, 0x000001e2fee80530, 0x000001e2f3e72d60,
0x000001e28050e680, 0x000001e280926880, 0x000001e28093eb50, 0x000001e2809409d0,
0x000001e280945d10, 0x000001e28094b580, 0x000001e28094dc00, 0x000001e28094cd90,
0x000001e28094b0b0, 0x000001e28094d260, 0x000001e28094d730, 0x000001e28094a240,
0x000001e28094ba50, 0x000001e28094abe0, 0x000001e28094a710, 0x000001e28094bf20,
0x000001e28094c3f0, 0x000001e28094c8c0, 0x000001e280b63380, 0x000001e280b60d00,
0x000001e280b641f0, 0x000001e280b5f9c0, 0x000001e280b63850, 0x000001e280b629e0,
0x000001e280b65060, 0x000001e280b646c0
}

Java Threads: ( => current thread )
  0x000001e2fe2819b0 JavaThread "Reference Handler" daemon [_thread_blocked, id=11972, stack(0x0000002768400000,0x0000002768500000)]
  0x000001e2fe284830 JavaThread "Finalizer" daemon [_thread_blocked, id=11376, stack(0x0000002768500000,0x0000002768600000)]
  0x000001e2fe2c29f0 JavaThread "Signal Dispatcher" daemon [_thread_blocked, id=10920, stack(0x0000002768600000,0x0000002768700000)]
  0x000001e2fe2c3670 JavaThread "Attach Listener" daemon [_thread_blocked, id=8448, stack(0x0000002768700000,0x0000002768800000)]
  0x000001e2fe2c5030 JavaThread "Service Thread" daemon [_thread_blocked, id=6300, stack(0x0000002768800000,0x0000002768900000)]
  0x000001e2fe2daf30 JavaThread "Monitor Deflation Thread" daemon [_thread_blocked, id=10984, stack(0x0000002768900000,0x0000002768a00000)]
  0x000001e2fe2dc8b0 JavaThread "C1 CompilerThread0" daemon [_thread_blocked, id=4480, stack(0x0000002768a00000,0x0000002768b00000)]
  0x000001e2fe2df1c0 JavaThread "Sweeper thread" daemon [_thread_blocked, id=11136, stack(0x0000002768b00000,0x0000002768c00000)]
  0x000001e2feeddc80 JavaThread "Notification Thread" daemon [_thread_blocked, id=5972, stack(0x0000002768c00000,0x0000002768d00000)]
  0x000001e2feedf5a0 JavaThread "Common-Cleaner" daemon [_thread_blocked, id=5592, stack(0x0000002768e00000,0x0000002768f00000)]
  0x000001e2ff4514d0 JavaThread "C1 CompilerThread1" daemon [_thread_blocked, id=1992, stack(0x0000002768f00000,0x0000002769000000)]
  0x000001e2ff1406c0 JavaThread "C1 CompilerThread2" daemon [_thread_blocked, id=6956, stack(0x0000002769200000,0x0000002769300000)]
  0x000001e280720840 JavaThread "boundedElastic-evictor-1" daemon [_thread_blocked, id=2712, stack(0x0000002769400000,0x0000002769500000)]
  0x000001e2808e0590 JavaThread "pool-11-thread-1" [_thread_blocked, id=4040, stack(0x0000002769500000,0x0000002769600000)]
  0x000001e2fee80530 JavaThread "LanguageServerApp-lifecycle" [_thread_blocked, id=12116, stack(0x0000002769600000,0x0000002769700000)]
  0x000001e2f3e72d60 JavaThread "DestroyJavaVM" [_thread_blocked, id=8536, stack(0x0000002767d00000,0x0000002767e00000)]
  0x000001e28050e680 JavaThread "pool-12-thread-1" [_thread_in_native, id=11944, stack(0x0000002769800000,0x0000002769900000)]
  0x000001e280926880 JavaThread "Simple-Language-Server main thread" daemon [_thread_blocked, id=11956, stack(0x0000002769900000,0x0000002769a00000)]
  0x000001e28093eb50 JavaThread "pool-8-thread-1" [_thread_blocked, id=10788, stack(0x0000002769a00000,0x0000002769b00000)]
  0x000001e2809409d0 JavaThread "parallel-1" daemon [_thread_blocked, id=8788, stack(0x0000002769b00000,0x0000002769c00000)]
  0x000001e280945d10 JavaThread "parallel-2" daemon [_thread_blocked, id=1316, stack(0x0000002769c00000,0x0000002769d00000)]
  0x000001e28094b580 JavaThread "parallel-3" daemon [_thread_blocked, id=6436, stack(0x0000002769d00000,0x0000002769e00000)]
  0x000001e28094dc00 JavaThread "parallel-4" daemon [_thread_blocked, id=3008, stack(0x0000002769e00000,0x0000002769f00000)]
  0x000001e28094cd90 JavaThread "ForkJoinPool.commonPool-worker-1" daemon [_thread_blocked, id=1176, stack(0x0000002769f00000,0x000000276a000000)]
  0x000001e28094b0b0 JavaThread "Reconciler-1" daemon [_thread_blocked, id=5616, stack(0x000000276a000000,0x000000276a100000)]
  0x000001e28094d260 JavaThread "pool-5-thread-1" [_thread_blocked, id=8032, stack(0x000000276a100000,0x000000276a200000)]
  0x000001e28094d730 JavaThread "ForkJoinPool.commonPool-worker-2" daemon [_thread_blocked, id=12056, stack(0x000000276a200000,0x000000276a300000)]
  0x000001e28094a240 JavaThread "pool-5-thread-2" [_thread_blocked, id=1008, stack(0x000000276a300000,0x000000276a400000)]
  0x000001e28094ba50 JavaThread "ClassGraph-worker-0" daemon [_thread_blocked, id=5040, stack(0x000000276a400000,0x000000276a500000)]
  0x000001e28094abe0 JavaThread "ClassGraph-worker-1" daemon [_thread_blocked, id=11968, stack(0x000000276a500000,0x000000276a600000)]
  0x000001e28094a710 JavaThread "ClassGraph-worker-2" daemon [_thread_blocked, id=6948, stack(0x000000276a600000,0x000000276a700000)]
  0x000001e28094bf20 JavaThread "ClassGraph-worker-3" daemon [_thread_blocked, id=6364, stack(0x000000276a700000,0x000000276a800000)]
  0x000001e28094c3f0 JavaThread "ClassGraph-worker-4" daemon [_thread_blocked, id=8124, stack(0x000000276a800000,0x000000276a900000)]
  0x000001e28094c8c0 JavaThread "ClassGraph-worker-5" daemon [_thread_blocked, id=6572, stack(0x000000276a900000,0x000000276aa00000)]
  0x000001e280b63380 JavaThread "ClassGraph-worker-6" daemon [_thread_blocked, id=7492, stack(0x000000276aa00000,0x000000276ab00000)]
  0x000001e280b60d00 JavaThread "ClassGraph-worker-7" daemon [_thread_blocked, id=7128, stack(0x000000276ab00000,0x000000276ac00000)]
  0x000001e280b641f0 JavaThread "pool-6-thread-1" [_thread_blocked, id=11928, stack(0x000000276ac00000,0x000000276ad00000)]
  0x000001e280b5f9c0 JavaThread "pool-10-thread-1" [_thread_blocked, id=2900, stack(0x000000276ad00000,0x000000276ae00000)]
  0x000001e280b63850 JavaThread "pool-10-thread-2" [_thread_blocked, id=11804, stack(0x000000276ae00000,0x000000276af00000)]
  0x000001e280b629e0 JavaThread "Project-Reconciler-1" daemon [_thread_blocked, id=9676, stack(0x000000276af00000,0x000000276b000000)]
  0x000001e280b65060 JavaThread "pool-10-thread-3" [_thread_blocked, id=11324, stack(0x000000276b000000,0x000000276b100000)]
  0x000001e280b646c0 JavaThread "Project-Reconciler-2" daemon [_thread_blocked, id=11268, stack(0x000000276b100000,0x000000276b200000)]

Other Threads:
=>0x000001e2fe26b5b0 VMThread "VM Thread" [stack: 0x0000002768300000,0x0000002768400000] [id=8584]
  0x000001e2feede150 WatcherThread [stack: 0x0000002768d00000,0x0000002768e00000] [id=9820]
  0x000001e2f3eb2910 GCTaskThread "GC Thread#0" [stack: 0x0000002767e00000,0x0000002767f00000] [id=1248]
  0x000001e2ff6ac7d0 GCTaskThread "GC Thread#1" [stack: 0x0000002769000000,0x0000002769100000] [id=7380]
  0x000001e2ff6acf00 GCTaskThread "GC Thread#2" [stack: 0x0000002769100000,0x0000002769200000] [id=1196]
  0x000001e2ff915080 GCTaskThread "GC Thread#3" [stack: 0x0000002769300000,0x0000002769400000] [id=4984]
  0x000001e2f3ebbbb0 ConcurrentGCThread "G1 Main Marker" [stack: 0x0000002767f00000,0x0000002768000000] [id=7272]
  0x000001e2f3ebc5c0 ConcurrentGCThread "G1 Conc#0" [stack: 0x0000002768000000,0x0000002768100000] [id=1180]
  0x000001e2f3efe890 ConcurrentGCThread "G1 Refine#0" [stack: 0x0000002768100000,0x0000002768200000] [id=5180]
  0x000001e2ff730030 ConcurrentGCThread "G1 Refine#1" [stack: 0x0000002769700000,0x0000002769800000] [id=10596]
  0x000001e2ff6bc720 ConcurrentGCThread "G1 Refine#2" [stack: 0x000000276b200000,0x000000276b300000] [id=4700]
  0x000001e2f3eff2b0 ConcurrentGCThread "G1 Service" [stack: 0x0000002768200000,0x0000002768300000] [id=7592]

Threads with active compile tasks:

VM state: at safepoint (normal execution)

VM Mutex/Monitor currently owned by a thread:  ([mutex/lock_event])
[0x000001e2f1c57d70] Threads_lock - owner thread: 0x000001e2fe26b5b0
[0x000001e2f3e70a10] Heap_lock - owner thread: 0x000001e28094ba50

Heap address: 0x00000000c2200000, size: 990 MB, Compressed Oops mode: 32-bit

CDS archive(s) not mapped
Compressed class space mapped at: 0x0000000100000000-0x0000000140000000, reserved size: 1073741824
Narrow klass base: 0x0000000000000000, Narrow klass shift: 3, Narrow klass range: 0x140000000

GC Precious Log:
 CPUs: 4 total, 4 available
 Memory: 3956M
 Large Page Support: Disabled
 NUMA Support: Disabled
 Compressed Oops: Enabled (32-bit)
 Heap Region Size: 1M
 Heap Min Capacity: 8M
 Heap Initial Capacity: 62M
 Heap Max Capacity: 990M
 Pre-touch: Disabled
 Parallel Workers: 4
 Concurrent Workers: 1
 Concurrent Refinement Workers: 4
 Periodic GC: Disabled

Heap:
 garbage-first heap   total 140288K, used 73409K [0x00000000c2200000, 0x0000000100000000)
  region size 1024K, 2 young (2048K), 2 survivors (2048K)
 Metaspace       used 42845K, committed 43264K, reserved 1089536K
  class space    used 5502K, committed 5696K, reserved 1048576K

Heap Regions: E=young(eden), S=young(survivor), O=old, HS=humongous(starts), HC=humongous(continues), CS=collection set, F=free, OA=open archive, CA=closed archive, TAMS=top-at-mark-start (previous, next)
|   0|0x00000000c2200000, 0x00000000c2300000, 0x00000000c2300000|100%| O|  |TAMS 0x00000000c2300000, 0x00000000c2300000| Untracked 
|   1|0x00000000c2300000, 0x00000000c2400000, 0x00000000c2400000|100%| O|  |TAMS 0x00000000c2400000, 0x00000000c2400000| Untracked 
|   2|0x00000000c2400000, 0x00000000c2500000, 0x00000000c2500000|100%| O|  |TAMS 0x00000000c2500000, 0x00000000c2500000| Untracked 
|   3|0x00000000c2500000, 0x00000000c2600000, 0x00000000c2600000|100%| O|  |TAMS 0x00000000c2600000, 0x00000000c2600000| Untracked 
|   4|0x00000000c2600000, 0x00000000c2700000, 0x00000000c2700000|100%| O|  |TAMS 0x00000000c2700000, 0x00000000c2700000| Untracked 
|   5|0x00000000c2700000, 0x00000000c2800000, 0x00000000c2800000|100%| O|  |TAMS 0x00000000c2800000, 0x00000000c2800000| Untracked 
|   6|0x00000000c2800000, 0x00000000c2900000, 0x00000000c2900000|100%| O|  |TAMS 0x00000000c2900000, 0x00000000c2900000| Untracked 
|   7|0x00000000c2900000, 0x00000000c2a00000, 0x00000000c2a00000|100%| O|  |TAMS 0x00000000c2a00000, 0x00000000c2a00000| Untracked 
|   8|0x00000000c2a00000, 0x00000000c2b00000, 0x00000000c2b00000|100%| O|  |TAMS 0x00000000c2a00000, 0x00000000c2b00000| Untracked 
|   9|0x00000000c2b00000, 0x00000000c2c00000, 0x00000000c2c00000|100%| O|  |TAMS 0x00000000c2c00000, 0x00000000c2c00000| Untracked 
|  10|0x00000000c2c00000, 0x00000000c2d00000, 0x00000000c2d00000|100%| O|  |TAMS 0x00000000c2d00000, 0x00000000c2d00000| Untracked 
|  11|0x00000000c2d00000, 0x00000000c2e00000, 0x00000000c2e00000|100%| O|  |TAMS 0x00000000c2e00000, 0x00000000c2e00000| Untracked 
|  12|0x00000000c2e00000, 0x00000000c2f00000, 0x00000000c2f00000|100%| O|  |TAMS 0x00000000c2e00000, 0x00000000c2f00000| Untracked 
|  13|0x00000000c2f00000, 0x00000000c3000000, 0x00000000c3000000|100%| O|  |TAMS 0x00000000c3000000, 0x00000000c3000000| Untracked 
|  14|0x00000000c3000000, 0x00000000c3100000, 0x00000000c3100000|100%| O|  |TAMS 0x00000000c3100000, 0x00000000c3100000| Untracked 
|  15|0x00000000c3100000, 0x00000000c3200000, 0x00000000c3200000|100%| O|  |TAMS 0x00000000c3200000, 0x00000000c3200000| Untracked 
|  16|0x00000000c3200000, 0x00000000c3300000, 0x00000000c3300000|100%| O|  |TAMS 0x00000000c3300000, 0x00000000c3300000| Untracked 
|  17|0x00000000c3300000, 0x00000000c3400000, 0x00000000c3400000|100%| O|  |TAMS 0x00000000c3400000, 0x00000000c3400000| Untracked 
|  18|0x00000000c3400000, 0x00000000c3500000, 0x00000000c3500000|100%| O|  |TAMS 0x00000000c3500000, 0x00000000c3500000| Untracked 
|  19|0x00000000c3500000, 0x00000000c3600000, 0x00000000c3600000|100%| O|  |TAMS 0x00000000c3600000, 0x00000000c3600000| Untracked 
|  20|0x00000000c3600000, 0x00000000c3700000, 0x00000000c3700000|100%| O|  |TAMS 0x00000000c3700000, 0x00000000c3700000| Untracked 
|  21|0x00000000c3700000, 0x00000000c3800000, 0x00000000c3800000|100%| O|  |TAMS 0x00000000c3800000, 0x00000000c3800000| Untracked 
|  22|0x00000000c3800000, 0x00000000c3900000, 0x00000000c3900000|100%| O|  |TAMS 0x00000000c3900000, 0x00000000c3900000| Untracked 
|  23|0x00000000c3900000, 0x00000000c3a00000, 0x00000000c3a00000|100%| O|  |TAMS 0x00000000c3a00000, 0x00000000c3a00000| Untracked 
|  24|0x00000000c3a00000, 0x00000000c3b00000, 0x00000000c3b00000|100%| O|  |TAMS 0x00000000c3b00000, 0x00000000c3b00000| Untracked 
|  25|0x00000000c3b00000, 0x00000000c3c00000, 0x00000000c3c00000|100%| O|  |TAMS 0x00000000c3bb9200, 0x00000000c3c00000| Untracked 
|  26|0x00000000c3c00000, 0x00000000c3d00000, 0x00000000c3d00000|100%| O|  |TAMS 0x00000000c3c00000, 0x00000000c3d00000| Untracked 
|  27|0x00000000c3d00000, 0x00000000c3e00000, 0x00000000c3e00000|100%| O|  |TAMS 0x00000000c3d00000, 0x00000000c3e00000| Untracked 
|  28|0x00000000c3e00000, 0x00000000c3f00000, 0x00000000c3f00000|100%| O|  |TAMS 0x00000000c3e00000, 0x00000000c3f00000| Untracked 
|  29|0x00000000c3f00000, 0x00000000c4000000, 0x00000000c4000000|100%| O|  |TAMS 0x00000000c3f00000, 0x00000000c4000000| Untracked 
|  30|0x00000000c4000000, 0x00000000c4100000, 0x00000000c4100000|100%| O|  |TAMS 0x00000000c4000000, 0x00000000c4100000| Untracked 
|  31|0x00000000c4100000, 0x00000000c4200000, 0x00000000c4200000|100%| O|  |TAMS 0x00000000c4100000, 0x00000000c4200000| Untracked 
|  32|0x00000000c4200000, 0x00000000c4300000, 0x00000000c4300000|100%| O|  |TAMS 0x00000000c4200000, 0x00000000c4300000| Untracked 
|  33|0x00000000c4300000, 0x00000000c4400000, 0x00000000c4400000|100%| O|  |TAMS 0x00000000c4300000, 0x00000000c4400000| Untracked 
|  34|0x00000000c4400000, 0x00000000c4500000, 0x00000000c4500000|100%| O|  |TAMS 0x00000000c4400000, 0x00000000c4500000| Untracked 
|  35|0x00000000c4500000, 0x00000000c4600000, 0x00000000c4600000|100%| O|  |TAMS 0x00000000c4500000, 0x00000000c4600000| Untracked 
|  36|0x00000000c4600000, 0x00000000c4700000, 0x00000000c4700000|100%|HS|  |TAMS 0x00000000c4600000, 0x00000000c4700000| Complete 
|  37|0x00000000c4700000, 0x00000000c4800000, 0x00000000c4800000|100%| O|  |TAMS 0x00000000c4700000, 0x00000000c4800000| Untracked 
|  38|0x00000000c4800000, 0x00000000c4900000, 0x00000000c4900000|100%| O|  |TAMS 0x00000000c4800000, 0x00000000c4900000| Untracked 
|  39|0x00000000c4900000, 0x00000000c4a00000, 0x00000000c4a00000|100%| O|  |TAMS 0x00000000c4900000, 0x00000000c4a00000| Untracked 
|  40|0x00000000c4a00000, 0x00000000c4b00000, 0x00000000c4b00000|100%| O|  |TAMS 0x00000000c4a00000, 0x00000000c4b00000| Untracked 
|  41|0x00000000c4b00000, 0x00000000c4c00000, 0x00000000c4c00000|100%| O|  |TAMS 0x00000000c4b00000, 0x00000000c4c00000| Untracked 
|  42|0x00000000c4c00000, 0x00000000c4d00000, 0x00000000c4d00000|100%| O|  |TAMS 0x00000000c4c00000, 0x00000000c4d00000| Untracked 
|  43|0x00000000c4d00000, 0x00000000c4e00000, 0x00000000c4e00000|100%| O|  |TAMS 0x00000000c4d00000, 0x00000000c4e00000| Untracked 
|  44|0x00000000c4e00000, 0x00000000c4f00000, 0x00000000c4f00000|100%| O|  |TAMS 0x00000000c4e00000, 0x00000000c4f00000| Untracked 
|  45|0x00000000c4f00000, 0x00000000c5000000, 0x00000000c5000000|100%| O|  |TAMS 0x00000000c4f00000, 0x00000000c5000000| Untracked 
|  46|0x00000000c5000000, 0x00000000c5100000, 0x00000000c5100000|100%| O|  |TAMS 0x00000000c5000000, 0x00000000c5100000| Untracked 
|  47|0x00000000c5100000, 0x00000000c5200000, 0x00000000c5200000|100%| O|  |TAMS 0x00000000c5100000, 0x00000000c5200000| Untracked 
|  48|0x00000000c5200000, 0x00000000c5300000, 0x00000000c5300000|100%|HS|  |TAMS 0x00000000c5200000, 0x00000000c5300000| Complete 
|  49|0x00000000c5300000, 0x00000000c5400000, 0x00000000c5400000|100%| O|  |TAMS 0x00000000c5300000, 0x00000000c5400000| Untracked 
|  50|0x00000000c5400000, 0x00000000c5500000, 0x00000000c5500000|100%| O|  |TAMS 0x00000000c5400000, 0x00000000c5500000| Untracked 
|  51|0x00000000c5500000, 0x00000000c5600000, 0x00000000c5600000|100%| O|  |TAMS 0x00000000c5500000, 0x00000000c5600000| Untracked 
|  52|0x00000000c5600000, 0x00000000c5700000, 0x00000000c5700000|100%| O|  |TAMS 0x00000000c5600000, 0x00000000c5700000| Untracked 
|  53|0x00000000c5700000, 0x00000000c5800000, 0x00000000c5800000|100%| O|  |TAMS 0x00000000c5700000, 0x00000000c5800000| Untracked 
|  54|0x00000000c5800000, 0x00000000c5900000, 0x00000000c5900000|100%| O|  |TAMS 0x00000000c5800000, 0x00000000c5900000| Untracked 
|  55|0x00000000c5900000, 0x00000000c5a00000, 0x00000000c5a00000|100%| O|  |TAMS 0x00000000c5900000, 0x00000000c5a00000| Untracked 
|  56|0x00000000c5a00000, 0x00000000c5b00000, 0x00000000c5b00000|100%| O|  |TAMS 0x00000000c5a00000, 0x00000000c5b00000| Untracked 
|  57|0x00000000c5b00000, 0x00000000c5c00000, 0x00000000c5c00000|100%| O|  |TAMS 0x00000000c5b00000, 0x00000000c5c00000| Untracked 
|  58|0x00000000c5c00000, 0x00000000c5d00000, 0x00000000c5d00000|100%| O|  |TAMS 0x00000000c5c00000, 0x00000000c5d00000| Untracked 
|  59|0x00000000c5d00000, 0x00000000c5e00000, 0x00000000c5e00000|100%| O|  |TAMS 0x00000000c5d00000, 0x00000000c5e00000| Untracked 
|  60|0x00000000c5e00000, 0x00000000c5f00000, 0x00000000c5f00000|100%| O|  |TAMS 0x00000000c5e00000, 0x00000000c5f00000| Untracked 
|  61|0x00000000c5f00000, 0x00000000c6000000, 0x00000000c6000000|100%| O|  |TAMS 0x00000000c5f00000, 0x00000000c6000000| Untracked 
|  62|0x00000000c6000000, 0x00000000c6100000, 0x00000000c6100000|100%| O|  |TAMS 0x00000000c6000000, 0x00000000c6000000| Untracked 
|  63|0x00000000c6100000, 0x00000000c6200000, 0x00000000c6200000|100%| O|  |TAMS 0x00000000c6100000, 0x00000000c6100000| Untracked 
|  64|0x00000000c6200000, 0x00000000c6300000, 0x00000000c6300000|100%| O|  |TAMS 0x00000000c6200000, 0x00000000c6200000| Untracked 
|  65|0x00000000c6300000, 0x00000000c6400000, 0x00000000c6400000|100%| O|  |TAMS 0x00000000c6300000, 0x00000000c6300000| Untracked 
|  66|0x00000000c6400000, 0x00000000c6500000, 0x00000000c6500000|100%| O|  |TAMS 0x00000000c6400000, 0x00000000c6400000| Untracked 
|  67|0x00000000c6500000, 0x00000000c6600000, 0x00000000c6600000|100%| O|  |TAMS 0x00000000c6500000, 0x00000000c6500000| Untracked 
|  68|0x00000000c6600000, 0x00000000c6700000, 0x00000000c6700000|100%| O|  |TAMS 0x00000000c6600000, 0x00000000c6600000| Untracked 
|  69|0x00000000c6700000, 0x00000000c6800000, 0x00000000c6800000|100%| O|  |TAMS 0x00000000c6700000, 0x00000000c6700000| Untracked 
|  70|0x00000000c6800000, 0x00000000c6800000, 0x00000000c6900000|  0%| F|  |TAMS 0x00000000c6800000, 0x00000000c6800000| Untracked 
|  71|0x00000000c6900000, 0x00000000c6900000, 0x00000000c6a00000|  0%| F|  |TAMS 0x00000000c6900000, 0x00000000c6900000| Untracked 
|  72|0x00000000c6a00000, 0x00000000c6a00000, 0x00000000c6b00000|  0%| F|  |TAMS 0x00000000c6a00000, 0x00000000c6a00000| Untracked 
|  73|0x00000000c6b00000, 0x00000000c6b00000, 0x00000000c6c00000|  0%| F|  |TAMS 0x00000000c6b00000, 0x00000000c6b00000| Untracked 
|  74|0x00000000c6c00000, 0x00000000c6c00000, 0x00000000c6d00000|  0%| F|  |TAMS 0x00000000c6c00000, 0x00000000c6c00000| Untracked 
|  75|0x00000000c6d00000, 0x00000000c6d00000, 0x00000000c6e00000|  0%| F|  |TAMS 0x00000000c6d00000, 0x00000000c6d00000| Untracked 
|  76|0x00000000c6e00000, 0x00000000c6e00000, 0x00000000c6f00000|  0%| F|  |TAMS 0x00000000c6e00000, 0x00000000c6e00000| Untracked 
|  77|0x00000000c6f00000, 0x00000000c6f00000, 0x00000000c7000000|  0%| F|  |TAMS 0x00000000c6f00000, 0x00000000c6f00000| Untracked 
|  78|0x00000000c7000000, 0x00000000c7000000, 0x00000000c7100000|  0%| F|  |TAMS 0x00000000c7000000, 0x00000000c7000000| Untracked 
|  79|0x00000000c7100000, 0x00000000c7100000, 0x00000000c7200000|  0%| F|  |TAMS 0x00000000c7100000, 0x00000000c7100000| Untracked 
|  80|0x00000000c7200000, 0x00000000c7200000, 0x00000000c7300000|  0%| F|  |TAMS 0x00000000c7200000, 0x00000000c7200000| Untracked 
|  81|0x00000000c7300000, 0x00000000c7300000, 0x00000000c7400000|  0%| F|  |TAMS 0x00000000c7300000, 0x00000000c7300000| Untracked 
|  82|0x00000000c7400000, 0x00000000c7400000, 0x00000000c7500000|  0%| F|  |TAMS 0x00000000c7400000, 0x00000000c7400000| Untracked 
|  83|0x00000000c7500000, 0x00000000c7500000, 0x00000000c7600000|  0%| F|  |TAMS 0x00000000c7500000, 0x00000000c7500000| Untracked 
|  84|0x00000000c7600000, 0x00000000c7600000, 0x00000000c7700000|  0%| F|  |TAMS 0x00000000c7600000, 0x00000000c7600000| Untracked 
|  85|0x00000000c7700000, 0x00000000c7700000, 0x00000000c7800000|  0%| F|  |TAMS 0x00000000c7700000, 0x00000000c7700000| Untracked 
|  86|0x00000000c7800000, 0x00000000c7800000, 0x00000000c7900000|  0%| F|  |TAMS 0x00000000c7800000, 0x00000000c7800000| Untracked 
|  87|0x00000000c7900000, 0x00000000c7900000, 0x00000000c7a00000|  0%| F|  |TAMS 0x00000000c7900000, 0x00000000c7900000| Untracked 
|  88|0x00000000c7a00000, 0x00000000c7a00000, 0x00000000c7b00000|  0%| F|  |TAMS 0x00000000c7a00000, 0x00000000c7a00000| Untracked 
|  89|0x00000000c7b00000, 0x00000000c7b00000, 0x00000000c7c00000|  0%| F|  |TAMS 0x00000000c7b00000, 0x00000000c7b00000| Untracked 
|  90|0x00000000c7c00000, 0x00000000c7c00000, 0x00000000c7d00000|  0%| F|  |TAMS 0x00000000c7c00000, 0x00000000c7c00000| Untracked 
|  91|0x00000000c7d00000, 0x00000000c7d00000, 0x00000000c7e00000|  0%| F|  |TAMS 0x00000000c7d00000, 0x00000000c7d00000| Untracked 
|  92|0x00000000c7e00000, 0x00000000c7e00000, 0x00000000c7f00000|  0%| F|  |TAMS 0x00000000c7e00000, 0x00000000c7e00000| Untracked 
|  93|0x00000000c7f00000, 0x00000000c7f00000, 0x00000000c8000000|  0%| F|  |TAMS 0x00000000c7f00000, 0x00000000c7f00000| Untracked 
|  94|0x00000000c8000000, 0x00000000c8000000, 0x00000000c8100000|  0%| F|  |TAMS 0x00000000c8000000, 0x00000000c8000000| Untracked 
|  95|0x00000000c8100000, 0x00000000c8100000, 0x00000000c8200000|  0%| F|  |TAMS 0x00000000c8100000, 0x00000000c8100000| Untracked 
|  96|0x00000000c8200000, 0x00000000c8200000, 0x00000000c8300000|  0%| F|  |TAMS 0x00000000c8200000, 0x00000000c8200000| Untracked 
|  97|0x00000000c8300000, 0x00000000c8300000, 0x00000000c8400000|  0%| F|  |TAMS 0x00000000c8300000, 0x00000000c8300000| Untracked 
|  98|0x00000000c8400000, 0x00000000c8400000, 0x00000000c8500000|  0%| F|  |TAMS 0x00000000c8400000, 0x00000000c8400000| Untracked 
|  99|0x00000000c8500000, 0x00000000c8500000, 0x00000000c8600000|  0%| F|  |TAMS 0x00000000c8500000, 0x00000000c8500000| Untracked 
| 100|0x00000000c8600000, 0x00000000c8600000, 0x00000000c8700000|  0%| F|  |TAMS 0x00000000c8600000, 0x00000000c8600000| Untracked 
| 101|0x00000000c8700000, 0x00000000c8700000, 0x00000000c8800000|  0%| F|  |TAMS 0x00000000c8700000, 0x00000000c8700000| Untracked 
| 102|0x00000000c8800000, 0x00000000c88b0500, 0x00000000c8900000| 68%| S|CS|TAMS 0x00000000c8800000, 0x00000000c8800000| Complete 
| 103|0x00000000c8900000, 0x00000000c8a00000, 0x00000000c8a00000|100%| S|CS|TAMS 0x00000000c8900000, 0x00000000c8900000| Complete 
| 104|0x00000000c8a00000, 0x00000000c8a00000, 0x00000000c8b00000|  0%| F|  |TAMS 0x00000000c8a00000, 0x00000000c8a00000| Untracked 
| 105|0x00000000c8b00000, 0x00000000c8b00000, 0x00000000c8c00000|  0%| F|  |TAMS 0x00000000c8b00000, 0x00000000c8b00000| Untracked 
| 106|0x00000000c8c00000, 0x00000000c8c00000, 0x00000000c8d00000|  0%| F|  |TAMS 0x00000000c8c00000, 0x00000000c8c00000| Untracked 
| 107|0x00000000c8d00000, 0x00000000c8d00000, 0x00000000c8e00000|  0%| F|  |TAMS 0x00000000c8d00000, 0x00000000c8d00000| Untracked 
| 108|0x00000000c8e00000, 0x00000000c8e00000, 0x00000000c8f00000|  0%| F|  |TAMS 0x00000000c8e00000, 0x00000000c8e00000| Untracked 
| 109|0x00000000c8f00000, 0x00000000c8f00000, 0x00000000c9000000|  0%| F|  |TAMS 0x00000000c8f00000, 0x00000000c8f00000| Untracked 
| 110|0x00000000c9000000, 0x00000000c9000000, 0x00000000c9100000|  0%| F|  |TAMS 0x00000000c9000000, 0x00000000c9000000| Untracked 
| 111|0x00000000c9100000, 0x00000000c9100000, 0x00000000c9200000|  0%| F|  |TAMS 0x00000000c9100000, 0x00000000c9100000| Untracked 
| 112|0x00000000c9200000, 0x00000000c9200000, 0x00000000c9300000|  0%| F|  |TAMS 0x00000000c9200000, 0x00000000c9200000| Untracked 
| 113|0x00000000c9300000, 0x00000000c9300000, 0x00000000c9400000|  0%| F|  |TAMS 0x00000000c9300000, 0x00000000c9300000| Untracked 
| 114|0x00000000c9400000, 0x00000000c9400000, 0x00000000c9500000|  0%| F|  |TAMS 0x00000000c9400000, 0x00000000c9400000| Untracked 
| 115|0x00000000c9500000, 0x00000000c9500000, 0x00000000c9600000|  0%| F|  |TAMS 0x00000000c9500000, 0x00000000c9500000| Untracked 
| 116|0x00000000c9600000, 0x00000000c9600000, 0x00000000c9700000|  0%| F|  |TAMS 0x00000000c9600000, 0x00000000c9600000| Untracked 
| 117|0x00000000c9700000, 0x00000000c9700000, 0x00000000c9800000|  0%| F|  |TAMS 0x00000000c9700000, 0x00000000c9700000| Untracked 
| 118|0x00000000c9800000, 0x00000000c9800000, 0x00000000c9900000|  0%| F|  |TAMS 0x00000000c9800000, 0x00000000c9800000| Untracked 
| 119|0x00000000c9900000, 0x00000000c9900000, 0x00000000c9a00000|  0%| F|  |TAMS 0x00000000c9900000, 0x00000000c9900000| Untracked 
| 120|0x00000000c9a00000, 0x00000000c9a00000, 0x00000000c9b00000|  0%| F|  |TAMS 0x00000000c9a00000, 0x00000000c9a00000| Untracked 
| 121|0x00000000c9b00000, 0x00000000c9b00000, 0x00000000c9c00000|  0%| F|  |TAMS 0x00000000c9b00000, 0x00000000c9b00000| Untracked 
| 122|0x00000000c9c00000, 0x00000000c9c00000, 0x00000000c9d00000|  0%| F|  |TAMS 0x00000000c9c00000, 0x00000000c9c00000| Untracked 
| 123|0x00000000c9d00000, 0x00000000c9d00000, 0x00000000c9e00000|  0%| F|  |TAMS 0x00000000c9d00000, 0x00000000c9d00000| Untracked 
| 124|0x00000000c9e00000, 0x00000000c9e00000, 0x00000000c9f00000|  0%| F|  |TAMS 0x00000000c9e00000, 0x00000000c9e00000| Untracked 
| 125|0x00000000c9f00000, 0x00000000c9f00000, 0x00000000ca000000|  0%| F|  |TAMS 0x00000000c9f00000, 0x00000000c9f00000| Untracked 
| 126|0x00000000ca000000, 0x00000000ca000000, 0x00000000ca100000|  0%| F|  |TAMS 0x00000000ca000000, 0x00000000ca000000| Untracked 
| 127|0x00000000ca100000, 0x00000000ca100000, 0x00000000ca200000|  0%| F|  |TAMS 0x00000000ca100000, 0x00000000ca100000| Untracked 
| 128|0x00000000ca200000, 0x00000000ca200000, 0x00000000ca300000|  0%| F|  |TAMS 0x00000000ca200000, 0x00000000ca200000| Untracked 
| 129|0x00000000ca300000, 0x00000000ca300000, 0x00000000ca400000|  0%| F|  |TAMS 0x00000000ca300000, 0x00000000ca300000| Untracked 
| 130|0x00000000ca400000, 0x00000000ca400000, 0x00000000ca500000|  0%| F|  |TAMS 0x00000000ca400000, 0x00000000ca400000| Untracked 
| 131|0x00000000ca500000, 0x00000000ca500000, 0x00000000ca600000|  0%| F|  |TAMS 0x00000000ca500000, 0x00000000ca500000| Untracked 
| 132|0x00000000ca600000, 0x00000000ca600000, 0x00000000ca700000|  0%| F|  |TAMS 0x00000000ca600000, 0x00000000ca600000| Untracked 
| 133|0x00000000ca700000, 0x00000000ca700000, 0x00000000ca800000|  0%| F|  |TAMS 0x00000000ca700000, 0x00000000ca700000| Untracked 
| 134|0x00000000ca800000, 0x00000000ca800000, 0x00000000ca900000|  0%| F|  |TAMS 0x00000000ca800000, 0x00000000ca800000| Untracked 
| 135|0x00000000ca900000, 0x00000000ca900000, 0x00000000caa00000|  0%| F|  |TAMS 0x00000000ca900000, 0x00000000ca900000| Untracked 
| 136|0x00000000caa00000, 0x00000000caa00000, 0x00000000cab00000|  0%| F|  |TAMS 0x00000000caa00000, 0x00000000caa00000| Untracked 

Card table byte_map: [0x000001e2f9b00000,0x000001e2f9cf0000] _byte_map_base: 0x000001e2f94ef000

Marking Bits (Prev, Next): (CMBitMap*) 0x000001e2f3eb2f60, (CMBitMap*) 0x000001e2f3eb2f20
 Prev Bits: [0x000001e2fae60000, 0x000001e2fbdd8000)
 Next Bits: [0x000001e2f9ee0000, 0x000001e2fae58000)

Polling page: 0x000001e2f1e40000

Metaspace:

Usage:
  Non-class:     36.47 MB used.
      Class:      5.37 MB used.
       Both:     41.84 MB used.

Virtual space:
  Non-class space:       40.00 MB reserved,      36.69 MB ( 92%) committed,  5 nodes.
      Class space:        1.00 GB reserved,       5.56 MB ( <1%) committed,  1 nodes.
             Both:        1.04 GB reserved,      42.25 MB (  4%) committed. 

Chunk freelists:
   Non-Class:  2.58 MB
       Class:  2.36 MB
        Both:  4.94 MB

MaxMetaspaceSize: unlimited
CompressedClassSpaceSize: 1.00 GB
Initial GC threshold: 21.00 MB
Current GC threshold: 61.06 MB
CDS: off
MetaspaceReclaimPolicy: balanced
 - commit_granule_bytes: 65536.
 - commit_granule_words: 8192.
 - virtual_space_node_default_size: 1048576.
 - enlarge_chunks_in_place: 1.
 - new_chunks_are_fully_committed: 0.
 - uncommit_free_chunks: 1.
 - use_allocation_guard: 0.
 - handle_deallocations: 1.


Internal statistics:

num_allocs_failed_limit: 6.
num_arena_births: 386.
num_arena_deaths: 0.
num_vsnodes_births: 6.
num_vsnodes_deaths: 0.
num_space_committed: 676.
num_space_uncommitted: 0.
num_chunks_returned_to_freelist: 6.
num_chunks_taken_from_freelist: 1666.
num_chunk_merges: 6.
num_chunk_splits: 1164.
num_chunks_enlarged: 915.
num_purges: 0.
num_inconsistent_stats: 0.

CodeCache: size=49152Kb used=9265Kb max_used=9265Kb free=39887Kb
 bounds [0x000001e2f6b00000, 0x000001e2f7410000, 0x000001e2f9b00000]
 total_blobs=4708 nmethods=4166 adapters=468
 compilation: enabled
              stopped_count=0, restarted_count=0
 full_count=0

Compilation events (20 events):
Event: 18.199 Thread 0x000001e2ff1406c0 4159       1       io.github.classgraph.Classfile::readClassAttributes (863 bytes)
Event: 18.201 Thread 0x000001e2fe2dc8b0 4160       1       io.github.classgraph.Classfile::readFields (781 bytes)
Event: 18.210 Thread 0x000001e2ff4514d0 4161   !   1       jdk.internal.module.SystemModuleFinders$SystemModuleReader::toInputStream (43 bytes)
Event: 18.213 Thread 0x000001e2ff4514d0 nmethod 4161 0x000001e2f7401a10 code [0x000001e2f7401c00, 0x000001e2f7402128]
Event: 18.213 Thread 0x000001e2ff1406c0 nmethod 4159 0x000001e2f73fdf10 code [0x000001e2f73fe4e0, 0x000001e2f7400518]
Event: 18.213 Thread 0x000001e2ff1406c0 4163   !   1       nonapi.io.github.classgraph.fileslice.reader.ClassfileReader::close (43 bytes)
Event: 18.213 Thread 0x000001e2ff4514d0 4162       1       io.github.classgraph.Classfile::readBasicClassInfo (339 bytes)
Event: 18.214 Thread 0x000001e2fe2dc8b0 nmethod 4160 0x000001e2f7402410 code [0x000001e2f7402920, 0x000001e2f7404248]
Event: 18.215 Thread 0x000001e2fe2dc8b0 4167       1       io.github.classgraph.Classfile::extendScanningUpwards (585 bytes)
Event: 18.215 Thread 0x000001e2ff1406c0 nmethod 4163 0x000001e2f7405810 code [0x000001e2f74059c0, 0x000001e2f7405b98]
Event: 18.215 Thread 0x000001e2ff1406c0 4166       1       io.github.classgraph.Classfile::readInterfaces (63 bytes)
Event: 18.217 Thread 0x000001e2ff1406c0 nmethod 4166 0x000001e2f7405c90 code [0x000001e2f7405e60, 0x000001e2f7406178]
Event: 18.217 Thread 0x000001e2ff1406c0 4164       1       nonapi.io.github.classgraph.fileslice.reader.ClassfileReader::readTo (292 bytes)
Event: 18.220 Thread 0x000001e2ff1406c0 nmethod 4164 0x000001e2f7406310 code [0x000001e2f7406520, 0x000001e2f7406be8]
Event: 18.220 Thread 0x000001e2ff1406c0 4165       1       nonapi.io.github.classgraph.utils.ProxyingInputStream::read (11 bytes)
Event: 18.220 Thread 0x000001e2fe2dc8b0 nmethod 4167 0x000001e2f7406e10 code [0x000001e2f7407280, 0x000001e2f7408188]
Event: 18.220 Thread 0x000001e2ff1406c0 nmethod 4165 0x000001e2f7408d10 code [0x000001e2f7408ea0, 0x000001e2f7408f88]
Event: 18.221 Thread 0x000001e2ff4514d0 nmethod 4162 0x000001e2f7409010 code [0x000001e2f7409380, 0x000001e2f740a1e8]
Event: 18.288 Thread 0x000001e2ff4514d0 4168  s!   1       jdk.internal.loader.URLClassPath::getLoader (196 bytes)
Event: 18.293 Thread 0x000001e2ff4514d0 nmethod 4168 0x000001e2f740ae10 code [0x000001e2f740b0c0, 0x000001e2f740bad8]

GC Heap History (20 events):
Event: 12.171 GC heap after
{Heap after GC invocations=8 (full 0):
 garbage-first heap   total 58368K, used 18706K [0x00000000c2200000, 0x0000000100000000)
  region size 1024K, 4 young (4096K), 4 survivors (4096K)
 Metaspace       used 32393K, committed 32640K, reserved 1081344K
  class space    used 4116K, committed 4224K, reserved 1048576K
}
Event: 13.885 GC heap before
{Heap before GC invocations=8 (full 0):
 garbage-first heap   total 58368K, used 37138K [0x00000000c2200000, 0x0000000100000000)
  region size 1024K, 24 young (24576K), 4 survivors (4096K)
 Metaspace       used 35854K, committed 36160K, reserved 1081344K
  class space    used 4638K, committed 4800K, reserved 1048576K
}
Event: 13.906 GC heap after
{Heap after GC invocations=9 (full 0):
 garbage-first heap   total 58368K, used 20723K [0x00000000c2200000, 0x0000000100000000)
  region size 1024K, 2 young (2048K), 2 survivors (2048K)
 Metaspace       used 35854K, committed 36160K, reserved 1081344K
  class space    used 4638K, committed 4800K, reserved 1048576K
}
Event: 14.568 GC heap before
{Heap before GC invocations=10 (full 0):
 garbage-first heap   total 58368K, used 40179K [0x00000000c2200000, 0x0000000100000000)
  region size 1024K, 23 young (23552K), 2 survivors (2048K)
 Metaspace       used 36270K, committed 36608K, reserved 1081344K
  class space    used 4673K, committed 4800K, reserved 1048576K
}
Event: 14.585 GC heap after
{Heap after GC invocations=11 (full 0):
 garbage-first heap   total 58368K, used 24822K [0x00000000c2200000, 0x0000000100000000)
  region size 1024K, 3 young (3072K), 3 survivors (3072K)
 Metaspace       used 36270K, committed 36608K, reserved 1081344K
  class space    used 4673K, committed 4800K, reserved 1048576K
}
Event: 14.928 GC heap before
{Heap before GC invocations=11 (full 0):
 garbage-first heap   total 58368K, used 41206K [0x00000000c2200000, 0x0000000100000000)
  region size 1024K, 20 young (20480K), 3 survivors (3072K)
 Metaspace       used 36474K, committed 36864K, reserved 1081344K
  class space    used 4687K, committed 4864K, reserved 1048576K
}
Event: 14.940 GC heap after
{Heap after GC invocations=12 (full 0):
 garbage-first heap   total 58368K, used 28479K [0x00000000c2200000, 0x0000000100000000)
  region size 1024K, 3 young (3072K), 3 survivors (3072K)
 Metaspace       used 36474K, committed 36864K, reserved 1081344K
  class space    used 4687K, committed 4864K, reserved 1048576K
}
Event: 15.165 GC heap before
{Heap before GC invocations=12 (full 0):
 garbage-first heap   total 58368K, used 41791K [0x00000000c2200000, 0x0000000100000000)
  region size 1024K, 17 young (17408K), 3 survivors (3072K)
 Metaspace       used 37011K, committed 37376K, reserved 1081344K
  class space    used 4750K, committed 4928K, reserved 1048576K
}
Event: 15.178 GC heap after
{Heap after GC invocations=13 (full 0):
 garbage-first heap   total 58368K, used 31441K [0x00000000c2200000, 0x0000000100000000)
  region size 1024K, 3 young (3072K), 3 survivors (3072K)
 Metaspace       used 37011K, committed 37376K, reserved 1081344K
  class space    used 4750K, committed 4928K, reserved 1048576K
}
Event: 15.401 GC heap before
{Heap before GC invocations=14 (full 0):
 garbage-first heap   total 66560K, used 43729K [0x00000000c2200000, 0x0000000100000000)
  region size 1024K, 15 young (15360K), 3 survivors (3072K)
 Metaspace       used 37268K, committed 37632K, reserved 1081344K
  class space    used 4771K, committed 4928K, reserved 1048576K
}
Event: 15.414 GC heap after
{Heap after GC invocations=15 (full 0):
 garbage-first heap   total 66560K, used 33444K [0x00000000c2200000, 0x0000000100000000)
  region size 1024K, 2 young (2048K), 2 survivors (2048K)
 Metaspace       used 37268K, committed 37632K, reserved 1081344K
  class space    used 4771K, committed 4928K, reserved 1048576K
}
Event: 15.425 GC heap before
{Heap before GC invocations=15 (full 0):
 garbage-first heap   total 66560K, used 34468K [0x00000000c2200000, 0x0000000100000000)
  region size 1024K, 3 young (3072K), 2 survivors (2048K)
 Metaspace       used 37279K, committed 37632K, reserved 1081344K
  class space    used 4771K, committed 4928K, reserved 1048576K
}
Event: 15.437 GC heap after
{Heap after GC invocations=16 (full 0):
 garbage-first heap   total 140288K, used 33327K [0x00000000c2200000, 0x0000000100000000)
  region size 1024K, 1 young (1024K), 1 survivors (1024K)
 Metaspace       used 37279K, committed 37632K, reserved 1081344K
  class space    used 4771K, committed 4928K, reserved 1048576K
}
Event: 16.115 GC heap before
{Heap before GC invocations=16 (full 0):
 garbage-first heap   total 140288K, used 94767K [0x00000000c2200000, 0x0000000100000000)
  region size 1024K, 62 young (63488K), 1 survivors (1024K)
 Metaspace       used 38366K, committed 38656K, reserved 1089536K
  class space    used 4843K, committed 4992K, reserved 1048576K
}
Event: 16.159 GC heap after
{Heap after GC invocations=17 (full 0):
 garbage-first heap   total 140288K, used 45056K [0x00000000c2200000, 0x0000000100000000)
  region size 1024K, 8 young (8192K), 8 survivors (8192K)
 Metaspace       used 38366K, committed 38656K, reserved 1089536K
  class space    used 4843K, committed 4992K, reserved 1048576K
}
Event: 17.669 GC heap before
{Heap before GC invocations=17 (full 0):
 garbage-first heap   total 140288K, used 94208K [0x00000000c2200000, 0x0000000100000000)
  region size 1024K, 56 young (57344K), 8 survivors (8192K)
 Metaspace       used 41107K, committed 41536K, reserved 1089536K
  class space    used 5245K, committed 5440K, reserved 1048576K
}
Event: 17.722 GC heap after
{Heap after GC invocations=18 (full 0):
 garbage-first heap   total 140288K, used 56320K [0x00000000c2200000, 0x0000000100000000)
  region size 1024K, 7 young (7168K), 7 survivors (7168K)
 Metaspace       used 41107K, committed 41536K, reserved 1089536K
  class space    used 5245K, committed 5440K, reserved 1048576K
}
Event: 18.094 GC heap before
{Heap before GC invocations=18 (full 0):
 garbage-first heap   total 140288K, used 99328K [0x00000000c2200000, 0x0000000100000000)
  region size 1024K, 49 young (50176K), 7 survivors (7168K)
 Metaspace       used 42413K, committed 42816K, reserved 1089536K
  class space    used 5456K, committed 5632K, reserved 1048576K
}
Event: 18.192 GC heap after
{Heap after GC invocations=19 (full 0):
 garbage-first heap   total 140288K, used 70656K [0x00000000c2200000, 0x0000000100000000)
  region size 1024K, 7 young (7168K), 7 survivors (7168K)
 Metaspace       used 42413K, committed 42816K, reserved 1089536K
  class space    used 5456K, committed 5632K, reserved 1048576K
}
Event: 18.302 GC heap before
{Heap before GC invocations=19 (full 0):
 garbage-first heap   total 140288K, used 103424K [0x00000000c2200000, 0x0000000100000000)
  region size 1024K, 40 young (40960K), 7 survivors (7168K)
 Metaspace       used 42845K, committed 43264K, reserved 1089536K
  class space    used 5502K, committed 5696K, reserved 1048576K
}

Dll operation events (8 events):
Event: 0.031 Loaded shared library c:\Users\lukag\.vscode\extensions\redhat.java-1.13.0-win32-x64\jre\17.0.5-win32-x86_64\bin\java.dll
Event: 1.148 Loaded shared library C:\Users\lukag\.vscode\extensions\redhat.java-1.13.0-win32-x64\jre\17.0.5-win32-x86_64\bin\net.dll
Event: 1.157 Loaded shared library C:\Users\lukag\.vscode\extensions\redhat.java-1.13.0-win32-x64\jre\17.0.5-win32-x86_64\bin\nio.dll
Event: 1.194 Loaded shared library C:\Users\lukag\.vscode\extensions\redhat.java-1.13.0-win32-x64\jre\17.0.5-win32-x86_64\bin\zip.dll
Event: 1.888 Loaded shared library c:\Users\lukag\.vscode\extensions\redhat.java-1.13.0-win32-x64\jre\17.0.5-win32-x86_64\bin\verify.dll
Event: 1.929 Loaded shared library C:\Users\lukag\.vscode\extensions\redhat.java-1.13.0-win32-x64\jre\17.0.5-win32-x86_64\bin\jimage.dll
Event: 6.023 Loaded shared library C:\Users\lukag\.vscode\extensions\redhat.java-1.13.0-win32-x64\jre\17.0.5-win32-x86_64\bin\management.dll
Event: 6.033 Loaded shared library C:\Users\lukag\.vscode\extensions\redhat.java-1.13.0-win32-x64\jre\17.0.5-win32-x86_64\bin\management_ext.dll

Deoptimization events (12 events):
Event: 7.022 Thread 0x000001e2f3e72d60 DEOPT PACKING pc=0x000001e2f6fd4c19 sp=0x0000002767dfd020
Event: 7.022 Thread 0x000001e2f3e72d60 DEOPT UNPACKING pc=0x000001e2f6b52b24 sp=0x0000002767dfc500 mode 3
Event: 11.495 Thread 0x000001e2f3e72d60 DEOPT PACKING pc=0x000001e2f7147099 sp=0x0000002767dfc380
Event: 11.495 Thread 0x000001e2f3e72d60 DEOPT UNPACKING pc=0x000001e2f6b52b24 sp=0x0000002767dfb868 mode 3
Event: 12.934 Thread 0x000001e280926880 DEOPT PACKING pc=0x000001e2f71ffbb5 sp=0x00000027699fdfa0
Event: 12.934 Thread 0x000001e280926880 DEOPT UNPACKING pc=0x000001e2f6b52b24 sp=0x00000027699fd4c8 mode 3
Event: 13.515 Thread 0x000001e280926880 DEOPT PACKING pc=0x000001e2f6fd2881 sp=0x00000027699fde30
Event: 13.515 Thread 0x000001e280926880 DEOPT UNPACKING pc=0x000001e2f6b52b24 sp=0x00000027699fd2c0 mode 3
Event: 13.518 Thread 0x000001e2809409d0 DEOPT PACKING pc=0x000001e2f6fd0a97 sp=0x0000002769bfef70
Event: 13.518 Thread 0x000001e2809409d0 DEOPT UNPACKING pc=0x000001e2f6b52b24 sp=0x0000002769bfe3c8 mode 3
Event: 13.532 Thread 0x000001e28094cd90 DEOPT PACKING pc=0x000001e2f722752b sp=0x0000002769ffe630
Event: 13.532 Thread 0x000001e28094cd90 DEOPT UNPACKING pc=0x000001e2f6b52b24 sp=0x0000002769ffdb78 mode 3

Classes unloaded (0 events):
No events

Classes redefined (0 events):
No events

Internal exceptions (20 events):
Event: 14.090 Thread 0x000001e28094ba50 Exception <a 'sun/nio/fs/WindowsException'{0x00000000c580dce0}> (0x00000000c580dce0) 
thrown [s\src\hotspot\share\prims\jni.cpp, line 516]
Event: 14.091 Thread 0x000001e28094ba50 Exception <a 'sun/nio/fs/WindowsException'{0x00000000c580e6e0}> (0x00000000c580e6e0) 
thrown [s\src\hotspot\share\prims\jni.cpp, line 516]
Event: 14.091 Thread 0x000001e28094ba50 Exception <a 'sun/nio/fs/WindowsException'{0x00000000c580eaa0}> (0x00000000c580eaa0) 
thrown [s\src\hotspot\share\prims\jni.cpp, line 516]
Event: 14.093 Thread 0x000001e28094ba50 Exception <a 'sun/nio/fs/WindowsException'{0x00000000c580f4a0}> (0x00000000c580f4a0) 
thrown [s\src\hotspot\share\prims\jni.cpp, line 516]
Event: 14.094 Thread 0x000001e28094ba50 Exception <a 'sun/nio/fs/WindowsException'{0x00000000c580f850}> (0x00000000c580f850) 
thrown [s\src\hotspot\share\prims\jni.cpp, line 516]
Event: 14.094 Thread 0x000001e28094ba50 Exception <a 'sun/nio/fs/WindowsException'{0x00000000c5810250}> (0x00000000c5810250) 
thrown [s\src\hotspot\share\prims\jni.cpp, line 516]
Event: 14.094 Thread 0x000001e28094ba50 Exception <a 'sun/nio/fs/WindowsException'{0x00000000c5810610}> (0x00000000c5810610) 
thrown [s\src\hotspot\share\prims\jni.cpp, line 516]
Event: 14.095 Thread 0x000001e28094ba50 Exception <a 'sun/nio/fs/WindowsException'{0x00000000c5811038}> (0x00000000c5811038) 
thrown [s\src\hotspot\share\prims\jni.cpp, line 516]
Event: 14.095 Thread 0x000001e28094ba50 Exception <a 'sun/nio/fs/WindowsException'{0x00000000c5811418}> (0x00000000c5811418) 
thrown [s\src\hotspot\share\prims\jni.cpp, line 516]
Event: 14.099 Thread 0x000001e28094ba50 Exception <a 'sun/nio/fs/WindowsException'{0x00000000c5811e50}> (0x00000000c5811e50) 
thrown [s\src\hotspot\share\prims\jni.cpp, line 516]
Event: 14.100 Thread 0x000001e28094ba50 Exception <a 'sun/nio/fs/WindowsException'{0x00000000c5812240}> (0x00000000c5812240) 
thrown [s\src\hotspot\share\prims\jni.cpp, line 516]
Event: 14.101 Thread 0x000001e28094ba50 Exception <a 'sun/nio/fs/WindowsException'{0x00000000c5812c68}> (0x00000000c5812c68) 
thrown [s\src\hotspot\share\prims\jni.cpp, line 516]
Event: 14.101 Thread 0x000001e28094ba50 Exception <a 'sun/nio/fs/WindowsException'{0x00000000c5813058}> (0x00000000c5813058) 
thrown [s\src\hotspot\share\prims\jni.cpp, line 516]
Event: 16.276 Thread 0x000001e280926880 Exception <a 'java/lang/NoSuchMethodError'{0x00000000c9e43060}: 'java.lang.Object java.lang.invoke.Invokers$Holder.invoke_MT(java.lang.Object, java.lang.Object, java.lang.Object)'> (0x00000000c9e43060) 
thrown [s\src\hotspot\share\interpreter\linkResolver.cpp, line 759]
Event: 16.703 Thread 0x000001e280926880 Exception <a 'java/lang/NoSuchMethodError'{0x00000000c929ee88}: 'java.lang.Object java.lang.invoke.DirectMethodHandle$Holder.newInvokeSpecial(java.lang.Object, java.lang.Object, int)'> (0x00000000c929ee88) 
thrown [s\src\hotspot\share\interpreter\linkResolver.cpp, line 759]
Event: 16.725 Thread 0x000001e280b641f0 Exception <a 'java/lang/NoSuchMethodError'{0x00000000c9116ce0}: 'java.lang.Object java.lang.invoke.Invokers$Holder.linkToTargetMethod(java.lang.Object, long, java.lang.Object)'> (0x00000000c9116ce0) 
thrown [s\src\hotspot\share\interpreter\linkResolver.cpp, line 759]
Event: 16.760 Thread 0x000001e280926880 Exception <a 'sun/nio/fs/WindowsException'{0x00000000c91de828}> (0x00000000c91de828) 
thrown [s\src\hotspot\share\prims\jni.cpp, line 516]
Event: 16.784 Thread 0x000001e280b641f0 Exception <a 'sun/nio/fs/WindowsException'{0x00000000c9041600}> (0x00000000c9041600) 
thrown [s\src\hotspot\share\prims\jni.cpp, line 516]
Event: 16.798 Thread 0x000001e280b641f0 Exception <a 'sun/nio/fs/WindowsException'{0x00000000c90dcc58}> (0x00000000c90dcc58) 
thrown [s\src\hotspot\share\prims\jni.cpp, line 516]
Event: 16.892 Thread 0x000001e280b629e0 Exception <a 'sun/nio/fs/WindowsException'{0x00000000c8e15110}> (0x00000000c8e15110) 
thrown [s\src\hotspot\share\prims\jni.cpp, line 516]

VM Operations (20 events):
Event: 16.232 Executing VM operation: HandshakeAllThreads done
Event: 16.417 Executing VM operation: HandshakeAllThreads
Event: 16.417 Executing VM operation: HandshakeAllThreads done
Event: 17.344 Executing VM operation: HandshakeAllThreads
Event: 17.344 Executing VM operation: HandshakeAllThreads done
Event: 17.344 Executing VM operation: Cleanup
Event: 17.344 Executing VM operation: Cleanup done
Event: 17.669 Executing VM operation: G1CollectForAllocation
Event: 17.723 Executing VM operation: G1CollectForAllocation done
Event: 18.092 Executing VM operation: G1CollectForAllocation
Event: 18.093 Executing VM operation: G1CollectForAllocation done
Event: 18.093 Executing VM operation: G1CollectForAllocation
Event: 18.193 Executing VM operation: G1CollectForAllocation done
Event: 18.243 Executing VM operation: HandshakeAllThreads
Event: 18.257 Executing VM operation: HandshakeAllThreads done
Event: 18.261 Executing VM operation: HandshakeAllThreads
Event: 18.261 Executing VM operation: HandshakeAllThreads done
Event: 18.299 Executing VM operation: G1CollectForAllocation
Event: 18.301 Executing VM operation: G1CollectForAllocation done
Event: 18.301 Executing VM operation: G1CollectForAllocation

Events (20 events):
Event: 16.955 loading class jdk/internal/jrtfs/SystemImage
Event: 16.955 loading class jdk/internal/jrtfs/SystemImage done
Event: 16.956 loading class java/security/AllPermissionCollection
Event: 16.957 loading class java/security/AllPermissionCollection done
Event: 16.957 loading class jdk/internal/jrtfs/SystemImage$2
Event: 16.957 loading class jdk/internal/jrtfs/SystemImage$2 done
Event: 16.958 loading class jdk/internal/jrtfs/SystemImage$1
Event: 16.958 loading class jdk/internal/jrtfs/SystemImage$1 done
Event: 16.990 loading class jdk/internal/jrtfs/JrtFileSystem$1
Event: 16.991 loading class jdk/internal/jrtfs/JrtFileSystem$1 done
Event: 17.073 loading class java/util/ResourceBundle$Control$1
Event: 17.074 loading class java/util/ResourceBundle$Control$1 done
Event: 17.301 loading class java/io/FileWriter
Event: 17.302 loading class java/io/FileWriter done
Event: 17.319 loading class java/nio/charset/IllegalCharsetNameException
Event: 17.319 loading class java/nio/charset/IllegalCharsetNameException done
Event: 17.340 loading class java/util/JumboEnumSet
Event: 17.342 loading class java/util/JumboEnumSet done
Event: 17.389 loading class java/util/JumboEnumSet$EnumSetIterator
Event: 17.389 loading class java/util/JumboEnumSet$EnumSetIterator done


Dynamic libraries:
0x00007ff62dd70000 - 0x00007ff62dd7e000 	c:\Users\lukag\.vscode\extensions\redhat.java-1.13.0-win32-x64\jre\17.0.5-win32-x86_64\bin\java.exe
0x00007ffc153d0000 - 0x00007ffc155c8000 	C:\WINDOWS\SYSTEM32\ntdll.dll
0x00007ffc14ad0000 - 0x00007ffc14b8f000 	C:\WINDOWS\System32\KERNEL32.DLL
0x00007ffc12ac0000 - 0x00007ffc12d92000 	C:\WINDOWS\System32\KERNELBASE.dll
0x00007ffc130a0000 - 0x00007ffc131a0000 	C:\WINDOWS\System32\ucrtbase.dll
0x00007ffc0b8b0000 - 0x00007ffc0b8c9000 	c:\Users\lukag\.vscode\extensions\redhat.java-1.13.0-win32-x64\jre\17.0.5-win32-x86_64\bin\VCRUNTIME140.dll
0x00007ffc0b8d0000 - 0x00007ffc0b8e7000 	c:\Users\lukag\.vscode\extensions\redhat.java-1.13.0-win32-x64\jre\17.0.5-win32-x86_64\bin\jli.dll
0x00007ffc14d10000 - 0x00007ffc14eb1000 	C:\WINDOWS\System32\USER32.dll
0x00007ffc02460000 - 0x00007ffc026fa000 	C:\WINDOWS\WinSxS\amd64_microsoft.windows.common-controls_6595b64144ccf1df_6.0.19041.1110_none_60b5254171f9507e\COMCTL32.dll
0x00007ffc13220000 - 0x00007ffc13242000 	C:\WINDOWS\System32\win32u.dll
0x00007ffc137c0000 - 0x00007ffc137eb000 	C:\WINDOWS\System32\GDI32.dll
0x00007ffc12f90000 - 0x00007ffc1309f000 	C:\WINDOWS\System32\gdi32full.dll
0x00007ffc13ff0000 - 0x00007ffc1408e000 	C:\WINDOWS\System32\msvcrt.dll
0x00007ffc13300000 - 0x00007ffc1339d000 	C:\WINDOWS\System32\msvcp_win.dll
0x00007ffc13c60000 - 0x00007ffc13c92000 	C:\WINDOWS\System32\IMM32.DLL
0x00007ffc0e440000 - 0x00007ffc0e44c000 	c:\Users\lukag\.vscode\extensions\redhat.java-1.13.0-win32-x64\jre\17.0.5-win32-x86_64\bin\vcruntime140_1.dll
0x00007ffbf1c70000 - 0x00007ffbf1d01000 	c:\Users\lukag\.vscode\extensions\redhat.java-1.13.0-win32-x64\jre\17.0.5-win32-x86_64\bin\msvcp140.dll
0x00007ffbb1000000 - 0x00007ffbb1c44000 	c:\Users\lukag\.vscode\extensions\redhat.java-1.13.0-win32-x64\jre\17.0.5-win32-x86_64\bin\server\jvm.dll
0x00007ffc134d0000 - 0x00007ffc1357e000 	C:\WINDOWS\System32\ADVAPI32.dll
0x00007ffc13430000 - 0x00007ffc134cc000 	C:\WINDOWS\System32\sechost.dll
0x00007ffc13ec0000 - 0x00007ffc13fe5000 	C:\WINDOWS\System32\RPCRT4.dll
0x00007ffc0b7d0000 - 0x00007ffc0b7d9000 	C:\WINDOWS\SYSTEM32\WSOCK32.dll
0x00007ffc13ca0000 - 0x00007ffc13d0b000 	C:\WINDOWS\System32\WS2_32.dll
0x00007ffbfb440000 - 0x00007ffbfb467000 	C:\WINDOWS\SYSTEM32\WINMM.dll
0x00007ffc04d20000 - 0x00007ffc04d2a000 	C:\WINDOWS\SYSTEM32\VERSION.dll
0x00007ffc10960000 - 0x00007ffc10972000 	C:\WINDOWS\SYSTEM32\kernel.appcore.dll
0x00007ffc023e0000 - 0x00007ffc023ea000 	c:\Users\lukag\.vscode\extensions\redhat.java-1.13.0-win32-x64\jre\17.0.5-win32-x86_64\bin\jimage.dll
0x00007ffbfef80000 - 0x00007ffbff164000 	C:\WINDOWS\SYSTEM32\DBGHELP.DLL
0x00007ffbfef40000 - 0x00007ffbfef75000 	C:\WINDOWS\SYSTEM32\dbgcore.DLL
0x00007ffc12da0000 - 0x00007ffc12e22000 	C:\WINDOWS\System32\bcryptPrimitives.dll
0x00007ffbf71e0000 - 0x00007ffbf7205000 	c:\Users\lukag\.vscode\extensions\redhat.java-1.13.0-win32-x64\jre\17.0.5-win32-x86_64\bin\java.dll
0x00007ffc016b0000 - 0x00007ffc016c8000 	c:\Users\lukag\.vscode\extensions\redhat.java-1.13.0-win32-x64\jre\17.0.5-win32-x86_64\bin\zip.dll
0x00007ffc142a0000 - 0x00007ffc149e4000 	C:\WINDOWS\System32\SHELL32.dll
0x00007ffc10b80000 - 0x00007ffc11312000 	C:\WINDOWS\SYSTEM32\windows.storage.dll
0x00007ffc13900000 - 0x00007ffc13c55000 	C:\WINDOWS\System32\combase.dll
0x00007ffc12440000 - 0x00007ffc12470000 	C:\WINDOWS\SYSTEM32\Wldp.dll
0x00007ffc13660000 - 0x00007ffc1370d000 	C:\WINDOWS\System32\SHCORE.dll
0x00007ffc14b90000 - 0x00007ffc14be5000 	C:\WINDOWS\System32\shlwapi.dll
0x00007ffc12a00000 - 0x00007ffc12a1f000 	C:\WINDOWS\SYSTEM32\profapi.dll
0x00007ffbfd8d0000 - 0x00007ffbfd8e9000 	C:\Users\lukag\.vscode\extensions\redhat.java-1.13.0-win32-x64\jre\17.0.5-win32-x86_64\bin\net.dll
0x00007ffc0d4d0000 - 0x00007ffc0d5dc000 	C:\WINDOWS\SYSTEM32\WINHTTP.dll
0x00007ffc121a0000 - 0x00007ffc1220a000 	C:\WINDOWS\system32\mswsock.dll
0x00007ffbf6b90000 - 0x00007ffbf6ba5000 	C:\Users\lukag\.vscode\extensions\redhat.java-1.13.0-win32-x64\jre\17.0.5-win32-x86_64\bin\nio.dll
0x00007ffc01ab0000 - 0x00007ffc01ac0000 	c:\Users\lukag\.vscode\extensions\redhat.java-1.13.0-win32-x64\jre\17.0.5-win32-x86_64\bin\verify.dll
0x00007ffc10270000 - 0x00007ffc10279000 	C:\Users\lukag\.vscode\extensions\redhat.java-1.13.0-win32-x64\jre\17.0.5-win32-x86_64\bin\management.dll
0x00007ffc0e550000 - 0x00007ffc0e55b000 	C:\Users\lukag\.vscode\extensions\redhat.java-1.13.0-win32-x64\jre\17.0.5-win32-x86_64\bin\management_ext.dll
0x00007ffc14ac0000 - 0x00007ffc14ac8000 	C:\WINDOWS\System32\PSAPI.DLL
0x00007ffc0e450000 - 0x00007ffc0e467000 	C:\WINDOWS\system32\napinsp.dll
0x00007ffc0e510000 - 0x00007ffc0e52b000 	C:\WINDOWS\system32\pnrpnsp.dll
0x00007ffbfa9d0000 - 0x00007ffbfa9e5000 	C:\WINDOWS\system32\wshbth.dll
0x00007ffc0e420000 - 0x00007ffc0e43d000 	C:\WINDOWS\system32\NLAapi.dll
0x00007ffc11e90000 - 0x00007ffc11ecb000 	C:\WINDOWS\SYSTEM32\IPHLPAPI.DLL
0x00007ffc11ed0000 - 0x00007ffc11f9a000 	C:\WINDOWS\SYSTEM32\DNSAPI.dll
0x00007ffc13850000 - 0x00007ffc13858000 	C:\WINDOWS\System32\NSI.dll
0x00007ffc0e530000 - 0x00007ffc0e542000 	C:\WINDOWS\System32\winrnr.dll
0x00007ffc081a0000 - 0x00007ffc081aa000 	C:\Windows\System32\rasadhlp.dll
0x00007ffc04940000 - 0x00007ffc049c0000 	C:\WINDOWS\System32\fwpuclnt.dll
0x00007ffc131a0000 - 0x00007ffc131c7000 	C:\WINDOWS\System32\bcrypt.dll
0x00007ffc12390000 - 0x00007ffc123a8000 	C:\WINDOWS\SYSTEM32\CRYPTSP.dll
0x00007ffc11ac0000 - 0x00007ffc11af4000 	C:\WINDOWS\system32\rsaenh.dll
0x00007ffc129c0000 - 0x00007ffc129ee000 	C:\WINDOWS\SYSTEM32\USERENV.dll
0x00007ffc123b0000 - 0x00007ffc123bc000 	C:\WINDOWS\SYSTEM32\CRYPTBASE.dll
0x00007ffc04f60000 - 0x00007ffc04f77000 	C:\WINDOWS\SYSTEM32\dhcpcsvc6.DLL
0x00007ffc060e0000 - 0x00007ffc060fd000 	C:\WINDOWS\SYSTEM32\dhcpcsvc.DLL

dbghelp: loaded successfully - version: 4.0.5 - missing functions: none
symbol engine: initialized successfully - sym options: 0x614 - pdb path: .;c:\Users\lukag\.vscode\extensions\redhat.java-1.13.0-win32-x64\jre\17.0.5-win32-x86_64\bin;C:\WINDOWS\SYSTEM32;C:\WINDOWS\WinSxS\amd64_microsoft.windows.common-controls_6595b64144ccf1df_6.0.19041.1110_none_60b5254171f9507e;c:\Users\lukag\.vscode\extensions\redhat.java-1.13.0-win32-x64\jre\17.0.5-win32-x86_64\bin\server

VM Arguments:
jvm_args: -Dsts.lsp.client=vscode -Dsts.log.file=/dev/null -XX:TieredStopAtLevel=1 -Xlog:jni+resolve=off -Dspring.config.location=file:c:\Users\lukag\.vscode\extensions\pivotal.vscode-spring-boot-1.42.0\language-server\BOOT-INF\classes\application.properties 
java_command: org.springframework.ide.vscode.boot.app.BootLanguageServerBootApp
java_class_path (initial): c:\Users\lukag\.vscode\extensions\pivotal.vscode-spring-boot-1.42.0\language-server\BOOT-INF\classes;c:\Users\lukag\.vscode\extensions\pivotal.vscode-spring-boot-1.42.0\language-server\BOOT-INF\lib\annotations-23.1.0.jar;c:\Users\lukag\.vscode\extensions\pivotal.vscode-spring-boot-1.42.0\language-server\BOOT-INF\lib\ant-1.10.12.jar;c:\Users\lukag\.vscode\extensions\pivotal.vscode-spring-boot-1.42.0\language-server\BOOT-INF\lib\ant-launcher-1.10.12.jar;c:\Users\lukag\.vscode\extensions\pivotal.vscode-spring-boot-1.42.0\language-server\BOOT-INF\lib\antlr-runtime-3.5.2.jar;c:\Users\lukag\.vscode\extensions\pivotal.vscode-spring-boot-1.42.0\language-server\BOOT-INF\lib\antlr4-4.9.3.jar;c:\Users\lukag\.vscode\extensions\pivotal.vscode-spring-boot-1.42.0\language-server\BOOT-INF\lib\antlr4-runtime-4.9.3.jar;c:\Users\lukag\.vscode\extensions\pivotal.vscode-spring-boot-1.42.0\language-server\BOOT-INF\lib\apiguardian-api-1.1.2.jar;c:\Users\lukag\.vscode\extensions\pivotal.vscode-spring-boot-1.42.0\language-server\BOOT-INF\lib\asm-9.4.jar;c:\Users\lukag\.vscode\extensions\pivotal.vscode-spring-boot-1.42.0\language-server\BOOT-INF\lib\asm-analysis-9.4.jar;c:\Users\lukag\.vscode\extensions\pivotal.vscode-spring-boot-1.42.0\language-server\BOOT-INF\lib\asm-tree-9.4.jar;c:\Users\lukag\.vscode\extensions\pivotal.vscode-spring-boot-1.42.0\language-server\BOOT-INF\lib\asm-util-9.4.jar;c:\Users\lukag\.vscode\extensions\pivotal.vscode-spring-boot-1.42.0\language-server\BOOT-INF\lib\caffeine-2.9.3.jar;c:\Users\lukag\.vscode\extensions\pivotal.vscode-spring-boot-1.42.0\language-server\BOOT-INF\lib\checker-qual-3.12.0.jar;c:\Users\lukag\.vscode\extensions\pivotal.vscode-spring-boot-1.42.0\language-server\BOOT-INF\lib\ci-environment-9.1.0.jar;c:\Users\lukag\.vscode\extensions\pivotal.vscode-spring-boot-1.42.0\language-server\BOOT-INF\lib\classgraph-4.8.149.jar;c:\Users\lukag\.vscode\extensions\pivotal.vscode-spring-boot-1.42.0\language-server\BOOT-INF\lib\comm
Launcher Type: SUN_STANDARD

[Global flags]
     intx CICompilerCount                          = 3                                         {product} {ergonomic}
     uint ConcGCThreads                            = 1                                         {product} {ergonomic}
     uint G1ConcRefinementThreads                  = 4                                         {product} {ergonomic}
   size_t G1HeapRegionSize                         = 1048576                                   {product} {ergonomic}
    uintx GCDrainStackTargetSize                   = 64                                        {product} {ergonomic}
   size_t InitialHeapSize                          = 65011712                                  {product} {ergonomic}
   size_t MarkStackSize                            = 4194304                                   {product} {ergonomic}
   size_t MaxHeapSize                              = 1038090240                                {product} {ergonomic}
   size_t MaxNewSize                               = 622854144                                 {product} {ergonomic}
   size_t MinHeapDeltaBytes                        = 1048576                                   {product} {ergonomic}
   size_t MinHeapSize                              = 8388608                                   {product} {ergonomic}
    uintx NonProfiledCodeHeapSize                  = 0                                      {pd product} {ergonomic}
     bool ProfileInterpreter                       = false                                  {pd product} {command line}
    uintx ProfiledCodeHeapSize                     = 0                                      {pd product} {ergonomic}
   size_t SoftMaxHeapSize                          = 1038090240                             {manageable} {ergonomic}
     intx TieredStopAtLevel                        = 1                                         {product} {command line}
     bool UseCompressedClassPointers               = true                           {product lp64_product} {ergonomic}
     bool UseCompressedOops                        = true                           {product lp64_product} {ergonomic}
     bool UseG1GC                                  = true                                      {product} {ergonomic}
     bool UseLargePagesIndividualAllocation        = false                                  {pd product} {ergonomic}

Logging:
Log output configuration:
 #0: stdout all=warning,jni+resolve=off uptime,level,tags
 #1: stderr all=off uptime,level,tags

Environment Variables:
JAVA_HOME=C:\Program Files\Java\jdk-11.0.15
PATH=C:\Program Files\Common Files\Oracle\Java\javapath;C:\WINDOWS\system32;C:\WINDOWS;C:\WINDOWS\System32\Wbem;C:\WINDOWS\System32\WindowsPowerShell\v1.0\;C:\WINDOWS\System32\OpenSSH\;C:\Program Files\Java\jdk-11.0.15\Bin;C:\Program Files\dotnet\;C:\Program Files\Git\cmd;C:\Users\lukag\AppData\Local\Microsoft\WindowsApps;C:\Users\lukag\AppData\Local\Programs\Microsoft VS Code\bin;C:\Users\lukag\AppData\Local\GitHubDesktop\bin
USERNAME=BUDA
OS=Windows_NT
PROCESSOR_IDENTIFIER=Intel64 Family 6 Model 76 Stepping 4, GenuineIntel
TMP=C:\Users\lukag\AppData\Local\Temp
TEMP=C:\Users\lukag\AppData\Local\Temp



---------------  S Y S T E M  ---------------

OS:
 Windows 10 , 64 bit Build 19041 (10.0.19041.2364)
OS uptime: 0 days 8:20 hours

CPU: total 4 (initial active 4) (4 cores per cpu, 1 threads per core) family 6 model 76 stepping 4 microcode 0x411, cx8, cmov, fxsr, mmx, 3dnowpref, sse, sse2, sse3, ssse3, sse4.1, sse4.2, popcnt, tsc, tscinvbit, aes, erms, clmul, clflush

Memory: 4k page, system-wide physical 3956M (273M free)
TotalPageFile size 5735M (AvailPageFile size 14M)
current process WorkingSet (physical memory assigned to process): 246M, peak: 246M
current process commit charge ("private bytes"): 275M, peak: 470M

vm_info: OpenJDK 64-Bit Server VM (17.0.5+8) for windows-amd64 JRE (17.0.5+8), built on Oct 19 2022 04:48:13 by "temurin" with MS VC++ 16.7 (VS2019)

END.
